{"/workspaces/Microservices-based-Finance-Tool-For-Kosovo/src/app.module.ts": {"path":"/workspaces/Microservices-based-Finance-Tool-For-Kosovo/src/app.module.ts","statementMap":{"0":{"start":{"line":1,"column":0},"end":{"line":1,"column":40}},"1":{"start":{"line":2,"column":0},"end":{"line":2,"column":82}},"2":{"start":{"line":3,"column":0},"end":{"line":3,"column":66}},"3":{"start":{"line":4,"column":0},"end":{"line":4,"column":45}},"4":{"start":{"line":5,"column":0},"end":{"line":5,"column":66}},"5":{"start":{"line":28,"column":7},"end":{"line":28,"column":null}},"6":{"start":{"line":28,"column":13},"end":{"line":28,"column":22}},"7":{"start":{"line":28,"column":13},"end":{"line":28,"column":null}}},"fnMap":{},"branchMap":{},"s":{"0":1,"1":1,"2":1,"3":1,"4":1,"5":1,"6":1,"7":1},"f":{},"b":{}}
,"/workspaces/Microservices-based-Finance-Tool-For-Kosovo/src/daily-operations.module.ts": {"path":"/workspaces/Microservices-based-Finance-Tool-For-Kosovo/src/daily-operations.module.ts","statementMap":{"0":{"start":{"line":1,"column":0},"end":{"line":1,"column":48}},"1":{"start":{"line":2,"column":0},"end":{"line":2,"column":48}},"2":{"start":{"line":3,"column":0},"end":{"line":3,"column":66}},"3":{"start":{"line":4,"column":0},"end":{"line":4,"column":63}},"4":{"start":{"line":5,"column":0},"end":{"line":5,"column":73}},"5":{"start":{"line":6,"column":0},"end":{"line":6,"column":63}},"6":{"start":{"line":7,"column":0},"end":{"line":7,"column":84}},"7":{"start":{"line":8,"column":0},"end":{"line":8,"column":83}},"8":{"start":{"line":9,"column":0},"end":{"line":9,"column":72}},"9":{"start":{"line":10,"column":0},"end":{"line":10,"column":79}},"10":{"start":{"line":11,"column":0},"end":{"line":11,"column":77}},"11":{"start":{"line":12,"column":0},"end":{"line":12,"column":81}},"12":{"start":{"line":13,"column":0},"end":{"line":13,"column":83}},"13":{"start":{"line":14,"column":0},"end":{"line":14,"column":83}},"14":{"start":{"line":15,"column":0},"end":{"line":15,"column":71}},"15":{"start":{"line":16,"column":0},"end":{"line":16,"column":91}},"16":{"start":{"line":17,"column":0},"end":{"line":17,"column":101}},"17":{"start":{"line":18,"column":0},"end":{"line":18,"column":92}},"18":{"start":{"line":19,"column":0},"end":{"line":19,"column":87}},"19":{"start":{"line":20,"column":0},"end":{"line":20,"column":75}},"20":{"start":{"line":21,"column":0},"end":{"line":21,"column":67}},"21":{"start":{"line":22,"column":0},"end":{"line":22,"column":null}},"22":{"start":{"line":28,"column":20},"end":{"line":28,"column":49}},"23":{"start":{"line":29,"column":23},"end":{"line":29,"column":48}},"24":{"start":{"line":30,"column":19},"end":{"line":30,"column":40}},"25":{"start":{"line":31,"column":15},"end":{"line":31,"column":50}},"26":{"start":{"line":84,"column":7},"end":{"line":95,"column":null}},"27":{"start":{"line":86,"column":4},"end":{"line":87,"column":84}},"28":{"start":{"line":86,"column":21},"end":{"line":86,"column":83}},"29":{"start":{"line":87,"column":9},"end":{"line":87,"column":84}},"30":{"start":{"line":89,"column":4},"end":{"line":90,"column":83}},"31":{"start":{"line":89,"column":24},"end":{"line":89,"column":85}},"32":{"start":{"line":90,"column":9},"end":{"line":90,"column":83}},"33":{"start":{"line":92,"column":4},"end":{"line":93,"column":84}},"34":{"start":{"line":92,"column":20},"end":{"line":92,"column":82}},"35":{"start":{"line":93,"column":9},"end":{"line":93,"column":84}},"36":{"start":{"line":84,"column":13},"end":{"line":84,"column":34}},"37":{"start":{"line":84,"column":13},"end":{"line":95,"column":null}}},"fnMap":{"0":{"name":"(anonymous_2)","decl":{"start":{"line":85,"column":2},"end":{"line":85,"column":null}},"loc":{"start":{"line":85,"column":2},"end":{"line":94,"column":3}}}},"branchMap":{"0":{"loc":{"start":{"line":86,"column":4},"end":{"line":87,"column":84}},"type":"if","locations":[{"start":{"line":86,"column":4},"end":{"line":87,"column":84}},{"start":{"line":87,"column":9},"end":{"line":87,"column":84}}]},"1":{"loc":{"start":{"line":89,"column":4},"end":{"line":90,"column":83}},"type":"if","locations":[{"start":{"line":89,"column":4},"end":{"line":90,"column":83}},{"start":{"line":90,"column":9},"end":{"line":90,"column":83}}]},"2":{"loc":{"start":{"line":92,"column":4},"end":{"line":93,"column":84}},"type":"if","locations":[{"start":{"line":92,"column":4},"end":{"line":93,"column":84}},{"start":{"line":93,"column":9},"end":{"line":93,"column":84}}]},"3":{"loc":{"start":{"line":48,"column":8},"end":{"line":51,"column":10}},"type":"cond-expr","locations":[{"start":{"line":49,"column":8},"end":{"line":50,"column":65}},{"start":{"line":51,"column":8},"end":{"line":51,"column":10}}]},"4":{"loc":{"start":{"line":53,"column":8},"end":{"line":56,"column":10}},"type":"cond-expr","locations":[{"start":{"line":54,"column":8},"end":{"line":55,"column":69}},{"start":{"line":56,"column":8},"end":{"line":56,"column":10}}]},"5":{"loc":{"start":{"line":58,"column":8},"end":{"line":61,"column":10}},"type":"cond-expr","locations":[{"start":{"line":59,"column":8},"end":{"line":60,"column":60}},{"start":{"line":61,"column":8},"end":{"line":61,"column":10}}]}},"s":{"0":1,"1":1,"2":1,"3":1,"4":1,"5":1,"6":1,"7":1,"8":1,"9":1,"10":1,"11":1,"12":1,"13":1,"14":1,"15":1,"16":1,"17":1,"18":1,"19":1,"20":1,"21":1,"22":1,"23":1,"24":1,"25":1,"26":1,"27":1,"28":0,"29":1,"30":1,"31":0,"32":1,"33":1,"34":0,"35":1,"36":1,"37":1},"f":{"0":1},"b":{"0":[0,1],"1":[0,1],"2":[0,1],"3":[0,1],"4":[0,1],"5":[0,1]}}
,"/workspaces/Microservices-based-Finance-Tool-For-Kosovo/src/application/ai/ai-financial-snapshot.service.ts": {"path":"/workspaces/Microservices-based-Finance-Tool-For-Kosovo/src/application/ai/ai-financial-snapshot.service.ts","statementMap":{"0":{"start":{"line":1,"column":0},"end":{"line":1,"column":76}},"1":{"start":{"line":2,"column":0},"end":{"line":2,"column":51}},"2":{"start":{"line":3,"column":0},"end":{"line":3,"column":37}},"3":{"start":{"line":4,"column":0},"end":{"line":4,"column":36}},"4":{"start":{"line":5,"column":0},"end":{"line":5,"column":85}},"5":{"start":{"line":6,"column":0},"end":{"line":6,"column":91}},"6":{"start":{"line":35,"column":39},"end":{"line":183,"column":null}},"7":{"start":{"line":46,"column":21},"end":{"line":46,"column":37}},"8":{"start":{"line":48,"column":21},"end":{"line":48,"column":31}},"9":{"start":{"line":36,"column":19},"end":{"line":36,"column":72}},"10":{"start":{"line":38,"column":10},"end":{"line":38,"column":28}},"11":{"start":{"line":39,"column":10},"end":{"line":39,"column":25}},"12":{"start":{"line":40,"column":10},"end":{"line":40,"column":27}},"13":{"start":{"line":41,"column":19},"end":{"line":41,"column":53}},"14":{"start":{"line":42,"column":19},"end":{"line":42,"column":97}},"15":{"start":{"line":43,"column":10},"end":{"line":43,"column":29}},"16":{"start":{"line":50,"column":4},"end":{"line":54,"column":5}},"17":{"start":{"line":51,"column":6},"end":{"line":51,"column":84}},"18":{"start":{"line":53,"column":6},"end":{"line":53,"column":56}},"19":{"start":{"line":58,"column":4},"end":{"line":60,"column":7}},"20":{"start":{"line":59,"column":6},"end":{"line":59,"column":37}},"21":{"start":{"line":61,"column":4},"end":{"line":61,"column":107}},"22":{"start":{"line":65,"column":4},"end":{"line":65,"column":46}},"23":{"start":{"line":66,"column":4},"end":{"line":66,"column":22}},"24":{"start":{"line":67,"column":4},"end":{"line":67,"column":34}},"25":{"start":{"line":69,"column":4},"end":{"line":73,"column":7}},"26":{"start":{"line":76,"column":4},"end":{"line":86,"column":5}},"27":{"start":{"line":77,"column":6},"end":{"line":85,"column":89}},"28":{"start":{"line":85,"column":24},"end":{"line":85,"column":87}},"29":{"start":{"line":88,"column":4},"end":{"line":95,"column":5}},"30":{"start":{"line":89,"column":6},"end":{"line":94,"column":9}},"31":{"start":{"line":97,"column":4},"end":{"line":99,"column":5}},"32":{"start":{"line":103,"column":4},"end":{"line":103,"column":26}},"33":{"start":{"line":104,"column":4},"end":{"line":108,"column":7}},"34":{"start":{"line":109,"column":4},"end":{"line":109,"column":63}},"35":{"start":{"line":109,"column":36},"end":{"line":109,"column":63}},"36":{"start":{"line":113,"column":4},"end":{"line":119,"column":6}},"37":{"start":{"line":135,"column":14},"end":{"line":135,"column":40}},"38":{"start":{"line":136,"column":30},"end":{"line":136,"column":32}},"39":{"start":{"line":140,"column":4},"end":{"line":171,"column":5}},"40":{"start":{"line":141,"column":6},"end":{"line":141,"column":128}},"41":{"start":{"line":142,"column":6},"end":{"line":142,"column":24}},"42":{"start":{"line":143,"column":6},"end":{"line":143,"column":48}},"43":{"start":{"line":144,"column":11},"end":{"line":171,"column":5}},"44":{"start":{"line":145,"column":6},"end":{"line":145,"column":134}},"45":{"start":{"line":146,"column":6},"end":{"line":146,"column":24}},"46":{"start":{"line":147,"column":6},"end":{"line":147,"column":65}},"47":{"start":{"line":148,"column":11},"end":{"line":171,"column":5}},"48":{"start":{"line":149,"column":23},"end":{"line":149,"column":105}},"49":{"start":{"line":149,"column":51},"end":{"line":149,"column":104}},"50":{"start":{"line":150,"column":6},"end":{"line":155,"column":7}},"51":{"start":{"line":151,"column":8},"end":{"line":152,"column":112}},"52":{"start":{"line":152,"column":45},"end":{"line":152,"column":99}},"53":{"start":{"line":154,"column":8},"end":{"line":154,"column":95}},"54":{"start":{"line":156,"column":6},"end":{"line":156,"column":24}},"55":{"start":{"line":157,"column":6},"end":{"line":157,"column":57}},"56":{"start":{"line":158,"column":11},"end":{"line":171,"column":5}},"57":{"start":{"line":159,"column":6},"end":{"line":163,"column":56}},"58":{"start":{"line":164,"column":6},"end":{"line":164,"column":24}},"59":{"start":{"line":165,"column":6},"end":{"line":165,"column":85}},"60":{"start":{"line":167,"column":6},"end":{"line":168,"column":81}},"61":{"start":{"line":169,"column":6},"end":{"line":169,"column":23}},"62":{"start":{"line":170,"column":6},"end":{"line":170,"column":40}},"63":{"start":{"line":173,"column":4},"end":{"line":173,"column":89}},"64":{"start":{"line":177,"column":4},"end":{"line":177,"column":41}},"65":{"start":{"line":181,"column":4},"end":{"line":181,"column":34}},"66":{"start":{"line":35,"column":13},"end":{"line":35,"column":39}},"67":{"start":{"line":35,"column":13},"end":{"line":183,"column":null}}},"fnMap":{"0":{"name":"(anonymous_4)","decl":{"start":{"line":45,"column":2},"end":{"line":45,"column":null}},"loc":{"start":{"line":48,"column":59},"end":{"line":55,"column":3}}},"1":{"name":"(anonymous_5)","decl":{"start":{"line":57,"column":2},"end":{"line":57,"column":14}},"loc":{"start":{"line":57,"column":14},"end":{"line":62,"column":3}}},"2":{"name":"(anonymous_6)","decl":{"start":{"line":58,"column":56},"end":{"line":58,"column":57}},"loc":{"start":{"line":58,"column":66},"end":{"line":60,"column":5}}},"3":{"name":"(anonymous_7)","decl":{"start":{"line":64,"column":10},"end":{"line":64,"column":28}},"loc":{"start":{"line":64,"column":59},"end":{"line":100,"column":3}}},"4":{"name":"(anonymous_8)","decl":{"start":{"line":85,"column":15},"end":{"line":85,"column":16}},"loc":{"start":{"line":85,"column":24},"end":{"line":85,"column":87}}},"5":{"name":"(anonymous_9)","decl":{"start":{"line":102,"column":10},"end":{"line":102,"column":20}},"loc":{"start":{"line":102,"column":72},"end":{"line":110,"column":3}}},"6":{"name":"(anonymous_10)","decl":{"start":{"line":112,"column":2},"end":{"line":112,"column":13}},"loc":{"start":{"line":112,"column":13},"end":{"line":120,"column":3}}},"7":{"name":"(anonymous_11)","decl":{"start":{"line":128,"column":2},"end":{"line":128,"column":29}},"loc":{"start":{"line":128,"column":43},"end":{"line":174,"column":3}}},"8":{"name":"(anonymous_12)","decl":{"start":{"line":149,"column":44},"end":{"line":149,"column":45}},"loc":{"start":{"line":149,"column":51},"end":{"line":149,"column":104}}},"9":{"name":"(anonymous_13)","decl":{"start":{"line":152,"column":35},"end":{"line":152,"column":36}},"loc":{"start":{"line":152,"column":45},"end":{"line":152,"column":99}}},"10":{"name":"(anonymous_14)","decl":{"start":{"line":176,"column":2},"end":{"line":176,"column":13}},"loc":{"start":{"line":176,"column":24},"end":{"line":178,"column":3}}},"11":{"name":"(anonymous_15)","decl":{"start":{"line":180,"column":2},"end":{"line":180,"column":17}},"loc":{"start":{"line":180,"column":17},"end":{"line":182,"column":3}}}},"branchMap":{"0":{"loc":{"start":{"line":50,"column":4},"end":{"line":54,"column":5}},"type":"if","locations":[{"start":{"line":50,"column":4},"end":{"line":54,"column":5}},{"start":{"line":52,"column":11},"end":{"line":54,"column":5}}]},"1":{"loc":{"start":{"line":76,"column":4},"end":{"line":86,"column":5}},"type":"if","locations":[{"start":{"line":76,"column":4},"end":{"line":86,"column":5}}]},"2":{"loc":{"start":{"line":88,"column":4},"end":{"line":95,"column":5}},"type":"if","locations":[{"start":{"line":88,"column":4},"end":{"line":95,"column":5}}]},"3":{"loc":{"start":{"line":97,"column":4},"end":{"line":99,"column":5}},"type":"if","locations":[{"start":{"line":97,"column":4},"end":{"line":99,"column":5}}]},"4":{"loc":{"start":{"line":97,"column":8},"end":{"line":97,"column":56}},"type":"binary-expr","locations":[{"start":{"line":97,"column":8},"end":{"line":97,"column":27}},{"start":{"line":97,"column":31},"end":{"line":97,"column":56}}]},"5":{"loc":{"start":{"line":109,"column":4},"end":{"line":109,"column":63}},"type":"if","locations":[{"start":{"line":109,"column":4},"end":{"line":109,"column":63}}]},"6":{"loc":{"start":{"line":117,"column":19},"end":{"line":117,"column":63}},"type":"binary-expr","locations":[{"start":{"line":117,"column":19},"end":{"line":117,"column":35}},{"start":{"line":117,"column":39},"end":{"line":117,"column":63}}]},"7":{"loc":{"start":{"line":140,"column":4},"end":{"line":171,"column":5}},"type":"if","locations":[{"start":{"line":140,"column":4},"end":{"line":171,"column":5}},{"start":{"line":144,"column":11},"end":{"line":171,"column":5}}]},"8":{"loc":{"start":{"line":140,"column":8},"end":{"line":140,"column":84}},"type":"binary-expr","locations":[{"start":{"line":140,"column":8},"end":{"line":140,"column":35}},{"start":{"line":140,"column":39},"end":{"line":140,"column":61}},{"start":{"line":140,"column":65},"end":{"line":140,"column":84}}]},"9":{"loc":{"start":{"line":144,"column":11},"end":{"line":171,"column":5}},"type":"if","locations":[{"start":{"line":144,"column":11},"end":{"line":171,"column":5}},{"start":{"line":148,"column":11},"end":{"line":171,"column":5}}]},"10":{"loc":{"start":{"line":144,"column":15},"end":{"line":144,"column":81}},"type":"binary-expr","locations":[{"start":{"line":144,"column":15},"end":{"line":144,"column":36}},{"start":{"line":144,"column":40},"end":{"line":144,"column":57}},{"start":{"line":144,"column":61},"end":{"line":144,"column":81}}]},"11":{"loc":{"start":{"line":148,"column":11},"end":{"line":171,"column":5}},"type":"if","locations":[{"start":{"line":148,"column":11},"end":{"line":171,"column":5}},{"start":{"line":158,"column":11},"end":{"line":171,"column":5}}]},"12":{"loc":{"start":{"line":148,"column":15},"end":{"line":148,"column":109}},"type":"binary-expr","locations":[{"start":{"line":148,"column":15},"end":{"line":148,"column":36}},{"start":{"line":148,"column":40},"end":{"line":148,"column":59}},{"start":{"line":148,"column":63},"end":{"line":148,"column":84}},{"start":{"line":148,"column":88},"end":{"line":148,"column":109}}]},"13":{"loc":{"start":{"line":149,"column":51},"end":{"line":149,"column":104}},"type":"binary-expr","locations":[{"start":{"line":149,"column":51},"end":{"line":149,"column":75}},{"start":{"line":149,"column":79},"end":{"line":149,"column":104}}]},"14":{"loc":{"start":{"line":150,"column":6},"end":{"line":155,"column":7}},"type":"if","locations":[{"start":{"line":150,"column":6},"end":{"line":155,"column":7}},{"start":{"line":153,"column":13},"end":{"line":155,"column":7}}]},"15":{"loc":{"start":{"line":158,"column":11},"end":{"line":171,"column":5}},"type":"if","locations":[{"start":{"line":158,"column":11},"end":{"line":171,"column":5}},{"start":{"line":166,"column":11},"end":{"line":171,"column":5}}]},"16":{"loc":{"start":{"line":158,"column":15},"end":{"line":158,"column":86}},"type":"binary-expr","locations":[{"start":{"line":158,"column":15},"end":{"line":158,"column":36}},{"start":{"line":158,"column":40},"end":{"line":158,"column":62}},{"start":{"line":158,"column":66},"end":{"line":158,"column":86}}]},"17":{"loc":{"start":{"line":176,"column":14},"end":{"line":176,"column":24}},"type":"default-arg","locations":[{"start":{"line":176,"column":22},"end":{"line":176,"column":24}}]},"18":{"loc":{"start":{"line":46,"column":37},"end":{"line":46,"column":null}},"type":"cond-expr","locations":[{"start":{"line":46,"column":51},"end":{"line":46,"column":null}},{"start":{"line":46,"column":51},"end":{"line":46,"column":null}}]},"19":{"loc":{"start":{"line":46,"column":37},"end":{"line":46,"column":51}},"type":"binary-expr","locations":[{"start":{"line":46,"column":37},"end":{"line":46,"column":null}},{"start":{"line":46,"column":37},"end":{"line":46,"column":51}}]},"20":{"loc":{"start":{"line":46,"column":51},"end":{"line":48,"column":59}},"type":"cond-expr","locations":[{"start":{"line":48,"column":41},"end":{"line":48,"column":59}},{"start":{"line":48,"column":41},"end":{"line":48,"column":59}}]},"21":{"loc":{"start":{"line":46,"column":51},"end":{"line":48,"column":41}},"type":"binary-expr","locations":[{"start":{"line":46,"column":51},"end":{"line":48,"column":59}},{"start":{"line":48,"column":31},"end":{"line":48,"column":41}}]}},"s":{"0":3,"1":3,"2":3,"3":3,"4":3,"5":3,"6":3,"7":8,"8":8,"9":8,"10":8,"11":8,"12":8,"13":8,"14":8,"15":8,"16":8,"17":0,"18":8,"19":8,"20":20,"21":8,"22":20,"23":20,"24":20,"25":20,"26":20,"27":0,"28":0,"29":20,"30":2,"31":20,"32":2,"33":2,"34":2,"35":0,"36":8,"37":7,"38":7,"39":7,"40":2,"41":2,"42":2,"43":5,"44":1,"45":1,"46":1,"47":4,"48":1,"49":0,"50":1,"51":0,"52":0,"53":1,"54":1,"55":1,"56":3,"57":2,"58":2,"59":2,"60":1,"61":1,"62":1,"63":7,"64":2,"65":2,"66":3,"67":3},"f":{"0":8,"1":8,"2":20,"3":20,"4":0,"5":2,"6":8,"7":7,"8":0,"9":0,"10":2,"11":2},"b":{"0":[0,8],"1":[0],"2":[2],"3":[2],"4":[20,20],"5":[0],"6":[8,2],"7":[2,5],"8":[7,6,5],"9":[1,4],"10":[5,4,4],"11":[1,3],"12":[4,4,3,3],"13":[0,0],"14":[0,1],"15":[2,1],"16":[3,1,1],"17":[0],"18":[3,0],"19":[3,3],"20":[3,0],"21":[3,3]}}
,"/workspaces/Microservices-based-Finance-Tool-For-Kosovo/src/application/bills/bill.service.ts": {"path":"/workspaces/Microservices-based-Finance-Tool-For-Kosovo/src/application/bills/bill.service.ts","statementMap":{"0":{"start":{"line":1,"column":0},"end":{"line":1,"column":84}},"1":{"start":{"line":2,"column":0},"end":{"line":2,"column":67}},"2":{"start":{"line":3,"column":0},"end":{"line":3,"column":null}},"3":{"start":{"line":9,"column":0},"end":{"line":9,"column":88}},"4":{"start":{"line":10,"column":0},"end":{"line":10,"column":72}},"5":{"start":{"line":11,"column":0},"end":{"line":11,"column":60}},"6":{"start":{"line":14,"column":7},"end":{"line":112,"column":null}},"7":{"start":{"line":16,"column":21},"end":{"line":16,"column":37}},"8":{"start":{"line":17,"column":21},"end":{"line":17,"column":37}},"9":{"start":{"line":18,"column":21},"end":{"line":18,"column":41}},"10":{"start":{"line":19,"column":21},"end":{"line":19,"column":37}},"11":{"start":{"line":23,"column":37},"end":{"line":34,"column":6}},"12":{"start":{"line":28,"column":39},"end":{"line":33,"column":8}},"13":{"start":{"line":36,"column":17},"end":{"line":36,"column":46}},"14":{"start":{"line":37,"column":4},"end":{"line":37,"column":41}},"15":{"start":{"line":38,"column":4},"end":{"line":41,"column":7}},"16":{"start":{"line":42,"column":4},"end":{"line":42,"column":16}},"17":{"start":{"line":46,"column":17},"end":{"line":46,"column":55}},"18":{"start":{"line":47,"column":4},"end":{"line":49,"column":5}},"19":{"start":{"line":48,"column":6},"end":{"line":48,"column":66}},"20":{"start":{"line":51,"column":4},"end":{"line":55,"column":5}},"21":{"start":{"line":52,"column":6},"end":{"line":52,"column":37}},"22":{"start":{"line":54,"column":6},"end":{"line":54,"column":77}},"23":{"start":{"line":56,"column":4},"end":{"line":56,"column":41}},"24":{"start":{"line":57,"column":4},"end":{"line":60,"column":7}},"25":{"start":{"line":61,"column":4},"end":{"line":68,"column":7}},"26":{"start":{"line":69,"column":4},"end":{"line":69,"column":16}},"27":{"start":{"line":73,"column":17},"end":{"line":73,"column":55}},"28":{"start":{"line":74,"column":4},"end":{"line":76,"column":5}},"29":{"start":{"line":75,"column":6},"end":{"line":75,"column":66}},"30":{"start":{"line":78,"column":4},"end":{"line":82,"column":5}},"31":{"start":{"line":79,"column":6},"end":{"line":79,"column":21}},"32":{"start":{"line":81,"column":6},"end":{"line":81,"column":80}},"33":{"start":{"line":83,"column":4},"end":{"line":83,"column":41}},"34":{"start":{"line":84,"column":4},"end":{"line":87,"column":7}},"35":{"start":{"line":88,"column":4},"end":{"line":94,"column":7}},"36":{"start":{"line":95,"column":4},"end":{"line":95,"column":16}},"37":{"start":{"line":99,"column":17},"end":{"line":99,"column":55}},"38":{"start":{"line":100,"column":4},"end":{"line":102,"column":5}},"39":{"start":{"line":101,"column":6},"end":{"line":101,"column":66}},"40":{"start":{"line":103,"column":4},"end":{"line":103,"column":16}},"41":{"start":{"line":107,"column":4},"end":{"line":109,"column":5}},"42":{"start":{"line":108,"column":6},"end":{"line":108,"column":54}},"43":{"start":{"line":110,"column":4},"end":{"line":110,"column":38}},"44":{"start":{"line":14,"column":13},"end":{"line":14,"column":24}},"45":{"start":{"line":14,"column":13},"end":{"line":112,"column":null}}},"fnMap":{"0":{"name":"(anonymous_2)","decl":{"start":{"line":15,"column":2},"end":{"line":15,"column":null}},"loc":{"start":{"line":19,"column":51},"end":{"line":20,"column":6}}},"1":{"name":"(anonymous_3)","decl":{"start":{"line":22,"column":2},"end":{"line":22,"column":7}},"loc":{"start":{"line":22,"column":37},"end":{"line":43,"column":3}}},"2":{"name":"(anonymous_4)","decl":{"start":{"line":28,"column":31},"end":{"line":28,"column":32}},"loc":{"start":{"line":28,"column":39},"end":{"line":33,"column":8}}},"3":{"name":"(anonymous_5)","decl":{"start":{"line":45,"column":2},"end":{"line":45,"column":7}},"loc":{"start":{"line":45,"column":27},"end":{"line":70,"column":3}}},"4":{"name":"(anonymous_6)","decl":{"start":{"line":72,"column":2},"end":{"line":72,"column":7}},"loc":{"start":{"line":72,"column":46},"end":{"line":96,"column":3}}},"5":{"name":"(anonymous_7)","decl":{"start":{"line":98,"column":2},"end":{"line":98,"column":7}},"loc":{"start":{"line":98,"column":26},"end":{"line":104,"column":3}}},"6":{"name":"(anonymous_8)","decl":{"start":{"line":106,"column":2},"end":{"line":106,"column":7}},"loc":{"start":{"line":106,"column":37},"end":{"line":111,"column":3}}}},"branchMap":{"0":{"loc":{"start":{"line":26,"column":15},"end":{"line":26,"column":57}},"type":"cond-expr","locations":[{"start":{"line":26,"column":29},"end":{"line":26,"column":50}},{"start":{"line":26,"column":53},"end":{"line":26,"column":57}}]},"1":{"loc":{"start":{"line":47,"column":4},"end":{"line":49,"column":5}},"type":"if","locations":[{"start":{"line":47,"column":4},"end":{"line":49,"column":5}}]},"2":{"loc":{"start":{"line":54,"column":36},"end":{"line":54,"column":75}},"type":"binary-expr","locations":[{"start":{"line":54,"column":36},"end":{"line":54,"column":50}},{"start":{"line":54,"column":54},"end":{"line":54,"column":75}}]},"3":{"loc":{"start":{"line":74,"column":4},"end":{"line":76,"column":5}},"type":"if","locations":[{"start":{"line":74,"column":4},"end":{"line":76,"column":5}}]},"4":{"loc":{"start":{"line":81,"column":36},"end":{"line":81,"column":78}},"type":"binary-expr","locations":[{"start":{"line":81,"column":36},"end":{"line":81,"column":50}},{"start":{"line":81,"column":54},"end":{"line":81,"column":78}}]},"5":{"loc":{"start":{"line":86,"column":63},"end":{"line":86,"column":78}},"type":"binary-expr","locations":[{"start":{"line":86,"column":63},"end":{"line":86,"column":69}},{"start":{"line":86,"column":73},"end":{"line":86,"column":78}}]},"6":{"loc":{"start":{"line":100,"column":4},"end":{"line":102,"column":5}},"type":"if","locations":[{"start":{"line":100,"column":4},"end":{"line":102,"column":5}}]},"7":{"loc":{"start":{"line":107,"column":4},"end":{"line":109,"column":5}},"type":"if","locations":[{"start":{"line":107,"column":4},"end":{"line":109,"column":5}}]},"8":{"loc":{"start":{"line":16,"column":37},"end":{"line":16,"column":null}},"type":"cond-expr","locations":[{"start":{"line":16,"column":51},"end":{"line":16,"column":null}},{"start":{"line":16,"column":51},"end":{"line":16,"column":null}}]},"9":{"loc":{"start":{"line":16,"column":37},"end":{"line":16,"column":51}},"type":"binary-expr","locations":[{"start":{"line":16,"column":37},"end":{"line":16,"column":null}},{"start":{"line":16,"column":37},"end":{"line":16,"column":51}}]},"10":{"loc":{"start":{"line":16,"column":51},"end":{"line":17,"column":null}},"type":"cond-expr","locations":[{"start":{"line":17,"column":51},"end":{"line":17,"column":null}},{"start":{"line":17,"column":51},"end":{"line":17,"column":null}}]},"11":{"loc":{"start":{"line":16,"column":51},"end":{"line":17,"column":51}},"type":"binary-expr","locations":[{"start":{"line":16,"column":51},"end":{"line":17,"column":null}},{"start":{"line":17,"column":37},"end":{"line":17,"column":51}}]},"12":{"loc":{"start":{"line":17,"column":51},"end":{"line":18,"column":null}},"type":"cond-expr","locations":[{"start":{"line":18,"column":59},"end":{"line":18,"column":null}},{"start":{"line":18,"column":59},"end":{"line":18,"column":null}}]},"13":{"loc":{"start":{"line":17,"column":51},"end":{"line":18,"column":59}},"type":"binary-expr","locations":[{"start":{"line":17,"column":51},"end":{"line":18,"column":null}},{"start":{"line":18,"column":41},"end":{"line":18,"column":59}}]},"14":{"loc":{"start":{"line":18,"column":59},"end":{"line":19,"column":null}},"type":"cond-expr","locations":[{"start":{"line":19,"column":51},"end":{"line":19,"column":null}},{"start":{"line":19,"column":51},"end":{"line":19,"column":null}}]},"15":{"loc":{"start":{"line":18,"column":59},"end":{"line":19,"column":51}},"type":"binary-expr","locations":[{"start":{"line":18,"column":59},"end":{"line":19,"column":null}},{"start":{"line":19,"column":37},"end":{"line":19,"column":51}}]}},"s":{"0":2,"1":2,"2":2,"3":2,"4":2,"5":2,"6":2,"7":7,"8":7,"9":7,"10":7,"11":6,"12":6,"13":6,"14":6,"15":6,"16":6,"17":5,"18":5,"19":1,"20":4,"21":4,"22":1,"23":3,"24":3,"25":3,"26":3,"27":3,"28":3,"29":1,"30":2,"31":2,"32":0,"33":2,"34":2,"35":2,"36":2,"37":1,"38":1,"39":1,"40":0,"41":4,"42":2,"43":2,"44":2,"45":2},"f":{"0":7,"1":6,"2":6,"3":5,"4":3,"5":1,"6":4},"b":{"0":[1,5],"1":[1],"2":[1,0],"3":[1],"4":[0,0],"5":[2,0],"6":[1],"7":[2],"8":[2,0],"9":[2,2],"10":[2,0],"11":[2,2],"12":[2,0],"13":[2,2],"14":[2,0],"15":[2,2]}}
,"/workspaces/Microservices-based-Finance-Tool-For-Kosovo/src/application/inventory/inventory.service.ts": {"path":"/workspaces/Microservices-based-Finance-Tool-For-Kosovo/src/application/inventory/inventory.service.ts","statementMap":{"0":{"start":{"line":1,"column":0},"end":{"line":1,"column":63}},"1":{"start":{"line":2,"column":0},"end":{"line":2,"column":36}},"2":{"start":{"line":3,"column":0},"end":{"line":3,"column":72}},"3":{"start":{"line":27,"column":7},"end":{"line":159,"column":null}},"4":{"start":{"line":31,"column":31},"end":{"line":31,"column":51}},"5":{"start":{"line":28,"column":19},"end":{"line":28,"column":60}},"6":{"start":{"line":29,"column":19},"end":{"line":29,"column":68}},"7":{"start":{"line":41,"column":4},"end":{"line":43,"column":5}},"8":{"start":{"line":42,"column":6},"end":{"line":42,"column":60}},"9":{"start":{"line":45,"column":17},"end":{"line":45,"column":62}},"10":{"start":{"line":47,"column":24},"end":{"line":47,"column":62}},"11":{"start":{"line":48,"column":4},"end":{"line":50,"column":5}},"12":{"start":{"line":49,"column":6},"end":{"line":49,"column":62}},"13":{"start":{"line":51,"column":4},"end":{"line":56,"column":5}},"14":{"start":{"line":52,"column":6},"end":{"line":54,"column":7}},"15":{"start":{"line":53,"column":8},"end":{"line":53,"column":65}},"16":{"start":{"line":55,"column":6},"end":{"line":55,"column":43}},"17":{"start":{"line":58,"column":40},"end":{"line":67,"column":6}},"18":{"start":{"line":69,"column":4},"end":{"line":69,"column":39}},"19":{"start":{"line":70,"column":4},"end":{"line":70,"column":46}},"20":{"start":{"line":72,"column":4},"end":{"line":76,"column":7}},"21":{"start":{"line":78,"column":4},"end":{"line":78,"column":20}},"22":{"start":{"line":82,"column":21},"end":{"line":82,"column":43}},"23":{"start":{"line":83,"column":4},"end":{"line":85,"column":5}},"24":{"start":{"line":84,"column":6},"end":{"line":84,"column":80}},"25":{"start":{"line":86,"column":4},"end":{"line":88,"column":5}},"26":{"start":{"line":87,"column":6},"end":{"line":87,"column":61}},"27":{"start":{"line":90,"column":47},"end":{"line":90,"column":96}},"28":{"start":{"line":92,"column":21},"end":{"line":99,"column":6}},"29":{"start":{"line":101,"column":4},"end":{"line":101,"column":48}},"30":{"start":{"line":103,"column":4},"end":{"line":106,"column":7}},"31":{"start":{"line":108,"column":4},"end":{"line":108,"column":20}},"32":{"start":{"line":112,"column":18},"end":{"line":113,"column":null}},"33":{"start":{"line":113,"column":6},"end":{"line":113,"column":32}},"34":{"start":{"line":116,"column":23},"end":{"line":118,"column":null}},"35":{"start":{"line":117,"column":21},"end":{"line":117,"column":69}},"36":{"start":{"line":121,"column":4},"end":{"line":127,"column":6}},"37":{"start":{"line":125,"column":8},"end":{"line":125,"column":42}},"38":{"start":{"line":131,"column":21},"end":{"line":131,"column":40}},"39":{"start":{"line":132,"column":4},"end":{"line":134,"column":5}},"40":{"start":{"line":133,"column":6},"end":{"line":133,"column":22}},"41":{"start":{"line":136,"column":35},"end":{"line":141,"column":6}},"42":{"start":{"line":142,"column":4},"end":{"line":142,"column":33}},"43":{"start":{"line":143,"column":4},"end":{"line":143,"column":19}},"44":{"start":{"line":147,"column":4},"end":{"line":155,"column":5}},"45":{"start":{"line":148,"column":27},"end":{"line":148,"column":69}},"46":{"start":{"line":149,"column":28},"end":{"line":149,"column":65}},"47":{"start":{"line":150,"column":21},"end":{"line":150,"column":60}},"48":{"start":{"line":152,"column":6},"end":{"line":152,"column":35}},"49":{"start":{"line":153,"column":6},"end":{"line":153,"column":88}},"50":{"start":{"line":154,"column":6},"end":{"line":154,"column":13}},"51":{"start":{"line":157,"column":4},"end":{"line":157,"column":66}},"52":{"start":{"line":27,"column":13},"end":{"line":27,"column":29}},"53":{"start":{"line":27,"column":13},"end":{"line":159,"column":null}}},"fnMap":{"0":{"name":"(anonymous_2)","decl":{"start":{"line":31,"column":2},"end":{"line":31,"column":31}},"loc":{"start":{"line":31,"column":69},"end":{"line":31,"column":73}}},"1":{"name":"(anonymous_3)","decl":{"start":{"line":33,"column":2},"end":{"line":33,"column":16}},"loc":{"start":{"line":40,"column":3},"end":{"line":79,"column":3}}},"2":{"name":"(anonymous_4)","decl":{"start":{"line":81,"column":2},"end":{"line":81,"column":17}},"loc":{"start":{"line":81,"column":44},"end":{"line":109,"column":3}}},"3":{"name":"(anonymous_5)","decl":{"start":{"line":111,"column":2},"end":{"line":111,"column":14}},"loc":{"start":{"line":111,"column":14},"end":{"line":128,"column":3}}},"4":{"name":"(anonymous_6)","decl":{"start":{"line":112,"column":55},"end":{"line":112,"column":56}},"loc":{"start":{"line":113,"column":6},"end":{"line":113,"column":32}}},"5":{"name":"(anonymous_7)","decl":{"start":{"line":117,"column":6},"end":{"line":117,"column":7}},"loc":{"start":{"line":117,"column":21},"end":{"line":117,"column":69}}},"6":{"name":"(anonymous_8)","decl":{"start":{"line":124,"column":58},"end":{"line":124,"column":59}},"loc":{"start":{"line":125,"column":8},"end":{"line":125,"column":42}}},"7":{"name":"(anonymous_9)","decl":{"start":{"line":130,"column":10},"end":{"line":130,"column":20}},"loc":{"start":{"line":130,"column":53},"end":{"line":144,"column":3}}},"8":{"name":"(anonymous_10)","decl":{"start":{"line":146,"column":10},"end":{"line":146,"column":23}},"loc":{"start":{"line":146,"column":72},"end":{"line":158,"column":3}}}},"branchMap":{"0":{"loc":{"start":{"line":41,"column":4},"end":{"line":43,"column":5}},"type":"if","locations":[{"start":{"line":41,"column":4},"end":{"line":43,"column":5}}]},"1":{"loc":{"start":{"line":47,"column":24},"end":{"line":47,"column":62}},"type":"binary-expr","locations":[{"start":{"line":47,"column":24},"end":{"line":47,"column":38}},{"start":{"line":47,"column":42},"end":{"line":47,"column":62}}]},"2":{"loc":{"start":{"line":48,"column":4},"end":{"line":50,"column":5}},"type":"if","locations":[{"start":{"line":48,"column":4},"end":{"line":50,"column":5}}]},"3":{"loc":{"start":{"line":48,"column":8},"end":{"line":48,"column":53}},"type":"binary-expr","locations":[{"start":{"line":48,"column":8},"end":{"line":48,"column":32}},{"start":{"line":48,"column":36},"end":{"line":48,"column":53}}]},"4":{"loc":{"start":{"line":51,"column":4},"end":{"line":56,"column":5}},"type":"if","locations":[{"start":{"line":51,"column":4},"end":{"line":56,"column":5}}]},"5":{"loc":{"start":{"line":52,"column":6},"end":{"line":54,"column":7}},"type":"if","locations":[{"start":{"line":52,"column":6},"end":{"line":54,"column":7}}]},"6":{"loc":{"start":{"line":83,"column":4},"end":{"line":85,"column":5}},"type":"if","locations":[{"start":{"line":83,"column":4},"end":{"line":85,"column":5}}]},"7":{"loc":{"start":{"line":86,"column":4},"end":{"line":88,"column":5}},"type":"if","locations":[{"start":{"line":86,"column":4},"end":{"line":88,"column":5}}]},"8":{"loc":{"start":{"line":90,"column":47},"end":{"line":90,"column":96}},"type":"cond-expr","locations":[{"start":{"line":90,"column":77},"end":{"line":90,"column":84}},{"start":{"line":90,"column":87},"end":{"line":90,"column":96}}]},"9":{"loc":{"start":{"line":98,"column":49},"end":{"line":98,"column":64}},"type":"binary-expr","locations":[{"start":{"line":98,"column":49},"end":{"line":98,"column":55}},{"start":{"line":98,"column":59},"end":{"line":98,"column":64}}]},"10":{"loc":{"start":{"line":105,"column":70},"end":{"line":105,"column":85}},"type":"binary-expr","locations":[{"start":{"line":105,"column":70},"end":{"line":105,"column":76}},{"start":{"line":105,"column":80},"end":{"line":105,"column":85}}]},"11":{"loc":{"start":{"line":125,"column":8},"end":{"line":125,"column":42}},"type":"cond-expr","locations":[{"start":{"line":125,"column":36},"end":{"line":125,"column":38}},{"start":{"line":125,"column":41},"end":{"line":125,"column":42}}]},"12":{"loc":{"start":{"line":132,"column":4},"end":{"line":134,"column":5}},"type":"if","locations":[{"start":{"line":132,"column":4},"end":{"line":134,"column":5}}]},"13":{"loc":{"start":{"line":147,"column":4},"end":{"line":155,"column":5}},"type":"if","locations":[{"start":{"line":147,"column":4},"end":{"line":155,"column":5}}]},"14":{"loc":{"start":{"line":153,"column":29},"end":{"line":153,"column":87}},"type":"cond-expr","locations":[{"start":{"line":153,"column":44},"end":{"line":153,"column":45}},{"start":{"line":153,"column":48},"end":{"line":153,"column":87}}]},"15":{"loc":{"start":{"line":31,"column":51},"end":{"line":31,"column":72}},"type":"cond-expr","locations":[{"start":{"line":31,"column":69},"end":{"line":31,"column":72}},{"start":{"line":31,"column":69},"end":{"line":31,"column":72}}]},"16":{"loc":{"start":{"line":31,"column":51},"end":{"line":31,"column":69}},"type":"binary-expr","locations":[{"start":{"line":31,"column":51},"end":{"line":31,"column":72}},{"start":{"line":31,"column":51},"end":{"line":31,"column":69}}]}},"s":{"0":2,"1":2,"2":2,"3":2,"4":8,"5":8,"6":8,"7":14,"8":1,"9":13,"10":13,"11":13,"12":1,"13":12,"14":5,"15":1,"16":4,"17":11,"18":11,"19":11,"20":11,"21":11,"22":4,"23":4,"24":0,"25":4,"26":1,"27":3,"28":3,"29":3,"30":3,"31":3,"32":2,"33":0,"34":2,"35":2,"36":2,"37":2,"38":13,"39":13,"40":6,"41":7,"42":7,"43":7,"44":11,"45":7,"46":7,"47":7,"48":7,"49":7,"50":7,"51":4,"52":2,"53":2},"f":{"0":8,"1":14,"2":4,"3":2,"4":0,"5":2,"6":2,"7":13,"8":11},"b":{"0":[1],"1":[13,2],"2":[1],"3":[13,8],"4":[5],"5":[1],"6":[0],"7":[1],"8":[3,0],"9":[3,0],"10":[3,0],"11":[0,2],"12":[6],"13":[7],"14":[0,7],"15":[2,0],"16":[2,2]}}
,"/workspaces/Microservices-based-Finance-Tool-For-Kosovo/src/application/invoices/invoice.service.ts": {"path":"/workspaces/Microservices-based-Finance-Tool-For-Kosovo/src/application/invoices/invoice.service.ts","statementMap":{"0":{"start":{"line":1,"column":0},"end":{"line":1,"column":63}},"1":{"start":{"line":2,"column":0},"end":{"line":2,"column":36}},"2":{"start":{"line":3,"column":0},"end":{"line":3,"column":72}},"3":{"start":{"line":5,"column":0},"end":{"line":5,"column":null}},"4":{"start":{"line":6,"column":2},"end":{"line":6,"column":null}},"5":{"start":{"line":7,"column":2},"end":{"line":7,"column":null}},"6":{"start":{"line":8,"column":2},"end":{"line":8,"column":null}},"7":{"start":{"line":9,"column":2},"end":{"line":9,"column":null}},"8":{"start":{"line":29,"column":7},"end":{"line":127,"column":null}},"9":{"start":{"line":32,"column":31},"end":{"line":32,"column":51}},"10":{"start":{"line":30,"column":19},"end":{"line":30,"column":60}},"11":{"start":{"line":41,"column":4},"end":{"line":43,"column":5}},"12":{"start":{"line":42,"column":6},"end":{"line":42,"column":63}},"13":{"start":{"line":45,"column":35},"end":{"line":53,"column":6}},"14":{"start":{"line":55,"column":4},"end":{"line":55,"column":40}},"15":{"start":{"line":56,"column":4},"end":{"line":59,"column":7}},"16":{"start":{"line":61,"column":4},"end":{"line":61,"column":19}},"17":{"start":{"line":65,"column":20},"end":{"line":65,"column":36}},"18":{"start":{"line":66,"column":4},"end":{"line":68,"column":5}},"19":{"start":{"line":67,"column":6},"end":{"line":67,"column":61}},"20":{"start":{"line":70,"column":4},"end":{"line":70,"column":40}},"21":{"start":{"line":71,"column":4},"end":{"line":74,"column":7}},"22":{"start":{"line":75,"column":4},"end":{"line":75,"column":19}},"23":{"start":{"line":79,"column":20},"end":{"line":79,"column":36}},"24":{"start":{"line":80,"column":4},"end":{"line":82,"column":5}},"25":{"start":{"line":81,"column":6},"end":{"line":81,"column":60}},"26":{"start":{"line":84,"column":4},"end":{"line":84,"column":40}},"27":{"start":{"line":85,"column":4},"end":{"line":88,"column":7}},"28":{"start":{"line":89,"column":4},"end":{"line":89,"column":19}},"29":{"start":{"line":93,"column":20},"end":{"line":93,"column":36}},"30":{"start":{"line":94,"column":4},"end":{"line":96,"column":5}},"31":{"start":{"line":95,"column":6},"end":{"line":95,"column":74}},"32":{"start":{"line":98,"column":4},"end":{"line":98,"column":44}},"33":{"start":{"line":99,"column":4},"end":{"line":102,"column":7}},"34":{"start":{"line":103,"column":4},"end":{"line":103,"column":19}},"35":{"start":{"line":107,"column":4},"end":{"line":107,"column":28}},"36":{"start":{"line":111,"column":4},"end":{"line":113,"column":6}},"37":{"start":{"line":112,"column":6},"end":{"line":112,"column":40}},"38":{"start":{"line":117,"column":4},"end":{"line":117,"column":88}},"39":{"start":{"line":117,"column":47},"end":{"line":117,"column":83}},"40":{"start":{"line":121,"column":20},"end":{"line":121,"column":38}},"41":{"start":{"line":122,"column":4},"end":{"line":124,"column":5}},"42":{"start":{"line":123,"column":6},"end":{"line":123,"column":69}},"43":{"start":{"line":125,"column":4},"end":{"line":125,"column":19}},"44":{"start":{"line":29,"column":13},"end":{"line":29,"column":27}},"45":{"start":{"line":29,"column":13},"end":{"line":127,"column":null}}},"fnMap":{"0":{"name":"(anonymous_2)","decl":{"start":{"line":5,"column":0},"end":{"line":5,"column":12}},"loc":{"start":{"line":5,"column":25},"end":{"line":10,"column":1}}},"1":{"name":"(anonymous_3)","decl":{"start":{"line":32,"column":2},"end":{"line":32,"column":31}},"loc":{"start":{"line":32,"column":69},"end":{"line":32,"column":73}}},"2":{"name":"(anonymous_4)","decl":{"start":{"line":34,"column":2},"end":{"line":34,"column":13}},"loc":{"start":{"line":40,"column":3},"end":{"line":62,"column":3}}},"3":{"name":"(anonymous_5)","decl":{"start":{"line":64,"column":2},"end":{"line":64,"column":6}},"loc":{"start":{"line":64,"column":17},"end":{"line":76,"column":3}}},"4":{"name":"(anonymous_6)","decl":{"start":{"line":78,"column":2},"end":{"line":78,"column":5}},"loc":{"start":{"line":78,"column":16},"end":{"line":90,"column":3}}},"5":{"name":"(anonymous_7)","decl":{"start":{"line":92,"column":2},"end":{"line":92,"column":9}},"loc":{"start":{"line":92,"column":36},"end":{"line":104,"column":3}}},"6":{"name":"(anonymous_8)","decl":{"start":{"line":106,"column":2},"end":{"line":106,"column":5}},"loc":{"start":{"line":106,"column":16},"end":{"line":108,"column":3}}},"7":{"name":"(anonymous_9)","decl":{"start":{"line":110,"column":2},"end":{"line":110,"column":6}},"loc":{"start":{"line":110,"column":6},"end":{"line":114,"column":3}}},"8":{"name":"(anonymous_10)","decl":{"start":{"line":111,"column":48},"end":{"line":111,"column":49}},"loc":{"start":{"line":112,"column":6},"end":{"line":112,"column":40}}},"9":{"name":"(anonymous_11)","decl":{"start":{"line":116,"column":2},"end":{"line":116,"column":16}},"loc":{"start":{"line":116,"column":39},"end":{"line":118,"column":3}}},"10":{"name":"(anonymous_12)","decl":{"start":{"line":117,"column":32},"end":{"line":117,"column":33}},"loc":{"start":{"line":117,"column":47},"end":{"line":117,"column":83}}},"11":{"name":"(anonymous_13)","decl":{"start":{"line":120,"column":10},"end":{"line":120,"column":17}},"loc":{"start":{"line":120,"column":28},"end":{"line":126,"column":3}}}},"branchMap":{"0":{"loc":{"start":{"line":5,"column":12},"end":{"line":5,"column":null}},"type":"binary-expr","locations":[{"start":{"line":5,"column":12},"end":{"line":5,"column":25}},{"start":{"line":5,"column":25},"end":{"line":5,"column":null}}]},"1":{"loc":{"start":{"line":41,"column":4},"end":{"line":43,"column":5}},"type":"if","locations":[{"start":{"line":41,"column":4},"end":{"line":43,"column":5}}]},"2":{"loc":{"start":{"line":49,"column":15},"end":{"line":49,"column":38}},"type":"binary-expr","locations":[{"start":{"line":49,"column":15},"end":{"line":49,"column":30}},{"start":{"line":49,"column":34},"end":{"line":49,"column":38}}]},"3":{"loc":{"start":{"line":66,"column":4},"end":{"line":68,"column":5}},"type":"if","locations":[{"start":{"line":66,"column":4},"end":{"line":68,"column":5}}]},"4":{"loc":{"start":{"line":80,"column":4},"end":{"line":82,"column":5}},"type":"if","locations":[{"start":{"line":80,"column":4},"end":{"line":82,"column":5}}]},"5":{"loc":{"start":{"line":94,"column":4},"end":{"line":96,"column":5}},"type":"if","locations":[{"start":{"line":94,"column":4},"end":{"line":96,"column":5}}]},"6":{"loc":{"start":{"line":94,"column":8},"end":{"line":94,"column":86}},"type":"binary-expr","locations":[{"start":{"line":94,"column":8},"end":{"line":94,"column":45}},{"start":{"line":94,"column":49},"end":{"line":94,"column":86}}]},"7":{"loc":{"start":{"line":101,"column":69},"end":{"line":101,"column":84}},"type":"binary-expr","locations":[{"start":{"line":101,"column":69},"end":{"line":101,"column":75}},{"start":{"line":101,"column":79},"end":{"line":101,"column":84}}]},"8":{"loc":{"start":{"line":112,"column":6},"end":{"line":112,"column":40}},"type":"cond-expr","locations":[{"start":{"line":112,"column":34},"end":{"line":112,"column":36}},{"start":{"line":112,"column":39},"end":{"line":112,"column":40}}]},"9":{"loc":{"start":{"line":122,"column":4},"end":{"line":124,"column":5}},"type":"if","locations":[{"start":{"line":122,"column":4},"end":{"line":124,"column":5}}]},"10":{"loc":{"start":{"line":32,"column":51},"end":{"line":32,"column":72}},"type":"cond-expr","locations":[{"start":{"line":32,"column":69},"end":{"line":32,"column":72}},{"start":{"line":32,"column":69},"end":{"line":32,"column":72}}]},"11":{"loc":{"start":{"line":32,"column":51},"end":{"line":32,"column":69}},"type":"binary-expr","locations":[{"start":{"line":32,"column":51},"end":{"line":32,"column":72}},{"start":{"line":32,"column":51},"end":{"line":32,"column":69}}]}},"s":{"0":2,"1":2,"2":2,"3":2,"4":2,"5":2,"6":2,"7":2,"8":2,"9":6,"10":6,"11":6,"12":1,"13":5,"14":5,"15":5,"16":5,"17":2,"18":2,"19":0,"20":2,"21":2,"22":2,"23":3,"24":3,"25":1,"26":2,"27":2,"28":2,"29":3,"30":3,"31":1,"32":2,"33":2,"34":2,"35":1,"36":1,"37":1,"38":6,"39":6,"40":9,"41":9,"42":1,"43":8,"44":2,"45":2},"f":{"0":2,"1":6,"2":6,"3":2,"4":3,"5":3,"6":1,"7":1,"8":1,"9":6,"10":6,"11":9},"b":{"0":[2,2],"1":[1],"2":[5,4],"3":[0],"4":[1],"5":[1],"6":[3,3],"7":[2,1],"8":[0,1],"9":[1],"10":[2,0],"11":[2,2]}}
,"/workspaces/Microservices-based-Finance-Tool-For-Kosovo/src/application/ledger/ledger-integration.service.ts": {"path":"/workspaces/Microservices-based-Finance-Tool-For-Kosovo/src/application/ledger/ledger-integration.service.ts","statementMap":{"0":{"start":{"line":1,"column":0},"end":{"line":1,"column":76}},"1":{"start":{"line":2,"column":0},"end":{"line":2,"column":51}},"2":{"start":{"line":3,"column":0},"end":{"line":3,"column":37}},"3":{"start":{"line":4,"column":0},"end":{"line":4,"column":36}},"4":{"start":{"line":5,"column":0},"end":{"line":5,"column":null}},"5":{"start":{"line":11,"column":0},"end":{"line":11,"column":72}},"6":{"start":{"line":12,"column":0},"end":{"line":12,"column":105}},"7":{"start":{"line":43,"column":37},"end":{"line":238,"column":null}},"8":{"start":{"line":48,"column":21},"end":{"line":48,"column":37}},"9":{"start":{"line":49,"column":21},"end":{"line":49,"column":41}},"10":{"start":{"line":51,"column":21},"end":{"line":51,"column":31}},"11":{"start":{"line":44,"column":19},"end":{"line":44,"column":70}},"12":{"start":{"line":45,"column":19},"end":{"line":45,"column":48}},"13":{"start":{"line":53,"column":4},"end":{"line":57,"column":5}},"14":{"start":{"line":54,"column":6},"end":{"line":54,"column":81}},"15":{"start":{"line":56,"column":6},"end":{"line":56,"column":59}},"16":{"start":{"line":61,"column":4},"end":{"line":61,"column":85}},"17":{"start":{"line":61,"column":59},"end":{"line":61,"column":83}},"18":{"start":{"line":62,"column":4},"end":{"line":62,"column":103}},"19":{"start":{"line":62,"column":68},"end":{"line":62,"column":101}},"20":{"start":{"line":66,"column":4},"end":{"line":68,"column":50}},"21":{"start":{"line":67,"column":25},"end":{"line":67,"column":54}},"22":{"start":{"line":68,"column":23},"end":{"line":68,"column":47}},"23":{"start":{"line":72,"column":22},"end":{"line":72,"column":38}},"24":{"start":{"line":73,"column":4},"end":{"line":76,"column":6}},"25":{"start":{"line":80,"column":4},"end":{"line":80,"column":72}},"26":{"start":{"line":80,"column":45},"end":{"line":80,"column":69}},"27":{"start":{"line":84,"column":4},"end":{"line":84,"column":49}},"28":{"start":{"line":84,"column":36},"end":{"line":84,"column":47}},"29":{"start":{"line":88,"column":23},"end":{"line":88,"column":85}},"30":{"start":{"line":90,"column":4},"end":{"line":97,"column":5}},"31":{"start":{"line":91,"column":6},"end":{"line":96,"column":7}},"32":{"start":{"line":92,"column":25},"end":{"line":92,"column":90}},"33":{"start":{"line":93,"column":8},"end":{"line":93,"column":42}},"34":{"start":{"line":94,"column":8},"end":{"line":94,"column":44}},"35":{"start":{"line":95,"column":8},"end":{"line":95,"column":47}},"36":{"start":{"line":99,"column":4},"end":{"line":104,"column":8}},"37":{"start":{"line":99,"column":65},"end":{"line":104,"column":6}},"38":{"start":{"line":115,"column":22},"end":{"line":115,"column":71}},"39":{"start":{"line":115,"column":49},"end":{"line":115,"column":70}},"40":{"start":{"line":116,"column":20},"end":{"line":116,"column":67}},"41":{"start":{"line":116,"column":47},"end":{"line":116,"column":66}},"42":{"start":{"line":118,"column":22},"end":{"line":118,"column":23}},"43":{"start":{"line":119,"column":23},"end":{"line":119,"column":24}},"44":{"start":{"line":120,"column":4},"end":{"line":125,"column":5}},"45":{"start":{"line":121,"column":6},"end":{"line":124,"column":7}},"46":{"start":{"line":122,"column":8},"end":{"line":122,"column":34}},"47":{"start":{"line":123,"column":8},"end":{"line":123,"column":36}},"48":{"start":{"line":127,"column":4},"end":{"line":134,"column":6}},"49":{"start":{"line":138,"column":32},"end":{"line":148,"column":6}},"50":{"start":{"line":150,"column":4},"end":{"line":150,"column":29}},"51":{"start":{"line":151,"column":4},"end":{"line":151,"column":29}},"52":{"start":{"line":153,"column":4},"end":{"line":156,"column":7}},"53":{"start":{"line":158,"column":50},"end":{"line":164,"column":6}},"54":{"start":{"line":166,"column":4},"end":{"line":166,"column":46}},"55":{"start":{"line":170,"column":21},"end":{"line":174,"column":null}},"56":{"start":{"line":172,"column":8},"end":{"line":174,"column":25}},"57":{"start":{"line":177,"column":4},"end":{"line":183,"column":5}},"58":{"start":{"line":178,"column":6},"end":{"line":181,"column":9}},"59":{"start":{"line":182,"column":6},"end":{"line":182,"column":13}},"60":{"start":{"line":185,"column":33},"end":{"line":196,"column":6}},"61":{"start":{"line":191,"column":43},"end":{"line":195,"column":8}},"62":{"start":{"line":198,"column":4},"end":{"line":198,"column":36}},"63":{"start":{"line":199,"column":4},"end":{"line":199,"column":30}},"64":{"start":{"line":200,"column":4},"end":{"line":200,"column":30}},"65":{"start":{"line":201,"column":4},"end":{"line":201,"column":51}},"66":{"start":{"line":203,"column":4},"end":{"line":207,"column":7}},"67":{"start":{"line":209,"column":50},"end":{"line":215,"column":6}},"68":{"start":{"line":217,"column":4},"end":{"line":217,"column":46}},"69":{"start":{"line":221,"column":4},"end":{"line":221,"column":30}},"70":{"start":{"line":221,"column":23},"end":{"line":221,"column":30}},"71":{"start":{"line":222,"column":4},"end":{"line":230,"column":92}},"72":{"start":{"line":230,"column":22},"end":{"line":230,"column":90}},"73":{"start":{"line":234,"column":4},"end":{"line":234,"column":30}},"74":{"start":{"line":234,"column":23},"end":{"line":234,"column":30}},"75":{"start":{"line":235,"column":4},"end":{"line":236,"column":88}},"76":{"start":{"line":236,"column":22},"end":{"line":236,"column":86}},"77":{"start":{"line":43,"column":13},"end":{"line":43,"column":37}},"78":{"start":{"line":43,"column":13},"end":{"line":238,"column":null}}},"fnMap":{"0":{"name":"(anonymous_4)","decl":{"start":{"line":47,"column":2},"end":{"line":47,"column":null}},"loc":{"start":{"line":51,"column":64},"end":{"line":58,"column":3}}},"1":{"name":"(anonymous_5)","decl":{"start":{"line":60,"column":2},"end":{"line":60,"column":14}},"loc":{"start":{"line":60,"column":14},"end":{"line":63,"column":3}}},"2":{"name":"(anonymous_6)","decl":{"start":{"line":61,"column":48},"end":{"line":61,"column":49}},"loc":{"start":{"line":61,"column":59},"end":{"line":61,"column":83}}},"3":{"name":"(anonymous_7)","decl":{"start":{"line":62,"column":57},"end":{"line":62,"column":58}},"loc":{"start":{"line":62,"column":68},"end":{"line":62,"column":101}}},"4":{"name":"(anonymous_8)","decl":{"start":{"line":65,"column":2},"end":{"line":65,"column":24}},"loc":{"start":{"line":65,"column":42},"end":{"line":69,"column":3}}},"5":{"name":"(anonymous_9)","decl":{"start":{"line":67,"column":14},"end":{"line":67,"column":15}},"loc":{"start":{"line":67,"column":25},"end":{"line":67,"column":54}}},"6":{"name":"(anonymous_10)","decl":{"start":{"line":68,"column":12},"end":{"line":68,"column":13}},"loc":{"start":{"line":68,"column":23},"end":{"line":68,"column":47}}},"7":{"name":"(anonymous_11)","decl":{"start":{"line":71,"column":2},"end":{"line":71,"column":21}},"loc":{"start":{"line":71,"column":36},"end":{"line":77,"column":3}}},"8":{"name":"(anonymous_12)","decl":{"start":{"line":79,"column":2},"end":{"line":79,"column":15}},"loc":{"start":{"line":79,"column":15},"end":{"line":81,"column":3}}},"9":{"name":"(anonymous_13)","decl":{"start":{"line":80,"column":34},"end":{"line":80,"column":35}},"loc":{"start":{"line":80,"column":45},"end":{"line":80,"column":69}}},"10":{"name":"(anonymous_14)","decl":{"start":{"line":83,"column":2},"end":{"line":83,"column":14}},"loc":{"start":{"line":83,"column":25},"end":{"line":85,"column":3}}},"11":{"name":"(anonymous_15)","decl":{"start":{"line":84,"column":29},"end":{"line":84,"column":30}},"loc":{"start":{"line":84,"column":36},"end":{"line":84,"column":47}}},"12":{"name":"(anonymous_16)","decl":{"start":{"line":87,"column":2},"end":{"line":87,"column":17}},"loc":{"start":{"line":87,"column":17},"end":{"line":105,"column":3}}},"13":{"name":"(anonymous_17)","decl":{"start":{"line":99,"column":41},"end":{"line":99,"column":42}},"loc":{"start":{"line":99,"column":65},"end":{"line":104,"column":6}}},"14":{"name":"(anonymous_18)","decl":{"start":{"line":107,"column":2},"end":{"line":107,"column":12}},"loc":{"start":{"line":107,"column":12},"end":{"line":135,"column":3}}},"15":{"name":"(anonymous_19)","decl":{"start":{"line":115,"column":42},"end":{"line":115,"column":43}},"loc":{"start":{"line":115,"column":49},"end":{"line":115,"column":70}}},"16":{"name":"(anonymous_20)","decl":{"start":{"line":116,"column":40},"end":{"line":116,"column":41}},"loc":{"start":{"line":116,"column":47},"end":{"line":116,"column":66}}},"17":{"name":"(anonymous_21)","decl":{"start":{"line":137,"column":10},"end":{"line":137,"column":22}},"loc":{"start":{"line":137,"column":45},"end":{"line":167,"column":3}}},"18":{"name":"(anonymous_22)","decl":{"start":{"line":169,"column":10},"end":{"line":169,"column":31}},"loc":{"start":{"line":169,"column":63},"end":{"line":218,"column":3}}},"19":{"name":"(anonymous_23)","decl":{"start":{"line":171,"column":6},"end":{"line":171,"column":7}},"loc":{"start":{"line":172,"column":8},"end":{"line":174,"column":25}}},"20":{"name":"(anonymous_24)","decl":{"start":{"line":191,"column":32},"end":{"line":191,"column":33}},"loc":{"start":{"line":191,"column":43},"end":{"line":195,"column":8}}},"21":{"name":"(anonymous_25)","decl":{"start":{"line":220,"column":10},"end":{"line":220,"column":22}},"loc":{"start":{"line":220,"column":42},"end":{"line":231,"column":3}}},"22":{"name":"(anonymous_26)","decl":{"start":{"line":230,"column":13},"end":{"line":230,"column":14}},"loc":{"start":{"line":230,"column":22},"end":{"line":230,"column":90}}},"23":{"name":"(anonymous_27)","decl":{"start":{"line":233,"column":10},"end":{"line":233,"column":27}},"loc":{"start":{"line":233,"column":63},"end":{"line":237,"column":3}}},"24":{"name":"(anonymous_28)","decl":{"start":{"line":236,"column":13},"end":{"line":236,"column":14}},"loc":{"start":{"line":236,"column":22},"end":{"line":236,"column":86}}}},"branchMap":{"0":{"loc":{"start":{"line":53,"column":4},"end":{"line":57,"column":5}},"type":"if","locations":[{"start":{"line":53,"column":4},"end":{"line":57,"column":5}},{"start":{"line":55,"column":11},"end":{"line":57,"column":5}}]},"1":{"loc":{"start":{"line":68,"column":23},"end":{"line":68,"column":47}},"type":"cond-expr","locations":[{"start":{"line":68,"column":41},"end":{"line":68,"column":43}},{"start":{"line":68,"column":46},"end":{"line":68,"column":47}}]},"2":{"loc":{"start":{"line":80,"column":45},"end":{"line":80,"column":69}},"type":"cond-expr","locations":[{"start":{"line":80,"column":63},"end":{"line":80,"column":65}},{"start":{"line":80,"column":68},"end":{"line":80,"column":69}}]},"3":{"loc":{"start":{"line":92,"column":25},"end":{"line":92,"column":90}},"type":"binary-expr","locations":[{"start":{"line":92,"column":25},"end":{"line":92,"column":53}},{"start":{"line":92,"column":57},"end":{"line":92,"column":90}}]},"4":{"loc":{"start":{"line":172,"column":8},"end":{"line":174,"column":25}},"type":"binary-expr","locations":[{"start":{"line":172,"column":8},"end":{"line":172,"column":51}},{"start":{"line":173,"column":8},"end":{"line":173,"column":33}},{"start":{"line":174,"column":8},"end":{"line":174,"column":25}}]},"5":{"loc":{"start":{"line":177,"column":4},"end":{"line":183,"column":5}},"type":"if","locations":[{"start":{"line":177,"column":4},"end":{"line":183,"column":5}}]},"6":{"loc":{"start":{"line":206,"column":26},"end":{"line":206,"column":44}},"type":"binary-expr","locations":[{"start":{"line":206,"column":26},"end":{"line":206,"column":38}},{"start":{"line":206,"column":42},"end":{"line":206,"column":44}}]},"7":{"loc":{"start":{"line":221,"column":4},"end":{"line":221,"column":30}},"type":"if","locations":[{"start":{"line":221,"column":4},"end":{"line":221,"column":30}}]},"8":{"loc":{"start":{"line":229,"column":18},"end":{"line":229,"column":47}},"type":"binary-expr","locations":[{"start":{"line":229,"column":18},"end":{"line":229,"column":34}},{"start":{"line":229,"column":38},"end":{"line":229,"column":47}}]},"9":{"loc":{"start":{"line":234,"column":4},"end":{"line":234,"column":30}},"type":"if","locations":[{"start":{"line":234,"column":4},"end":{"line":234,"column":30}}]},"10":{"loc":{"start":{"line":48,"column":37},"end":{"line":48,"column":null}},"type":"cond-expr","locations":[{"start":{"line":48,"column":51},"end":{"line":48,"column":null}},{"start":{"line":48,"column":51},"end":{"line":48,"column":null}}]},"11":{"loc":{"start":{"line":48,"column":37},"end":{"line":48,"column":51}},"type":"binary-expr","locations":[{"start":{"line":48,"column":37},"end":{"line":48,"column":null}},{"start":{"line":48,"column":37},"end":{"line":48,"column":51}}]},"12":{"loc":{"start":{"line":48,"column":51},"end":{"line":49,"column":null}},"type":"cond-expr","locations":[{"start":{"line":49,"column":59},"end":{"line":49,"column":null}},{"start":{"line":49,"column":59},"end":{"line":49,"column":null}}]},"13":{"loc":{"start":{"line":48,"column":51},"end":{"line":49,"column":59}},"type":"binary-expr","locations":[{"start":{"line":48,"column":51},"end":{"line":49,"column":null}},{"start":{"line":49,"column":41},"end":{"line":49,"column":59}}]},"14":{"loc":{"start":{"line":49,"column":59},"end":{"line":51,"column":64}},"type":"cond-expr","locations":[{"start":{"line":51,"column":41},"end":{"line":51,"column":64}},{"start":{"line":51,"column":41},"end":{"line":51,"column":64}}]},"15":{"loc":{"start":{"line":49,"column":59},"end":{"line":51,"column":41}},"type":"binary-expr","locations":[{"start":{"line":49,"column":59},"end":{"line":51,"column":64}},{"start":{"line":51,"column":31},"end":{"line":51,"column":41}}]}},"s":{"0":3,"1":3,"2":3,"3":3,"4":3,"5":3,"6":3,"7":3,"8":7,"9":7,"10":7,"11":7,"12":7,"13":7,"14":0,"15":7,"16":7,"17":5,"18":7,"19":4,"20":6,"21":8,"22":3,"23":6,"24":6,"25":2,"26":0,"27":2,"28":1,"29":2,"30":2,"31":1,"32":2,"33":2,"34":2,"35":2,"36":2,"37":2,"38":2,"39":1,"40":2,"41":1,"42":2,"43":2,"44":2,"45":1,"46":2,"47":2,"48":2,"49":5,"50":5,"51":5,"52":5,"53":5,"54":5,"55":4,"56":3,"57":4,"58":1,"59":1,"60":3,"61":6,"62":3,"63":3,"64":3,"65":3,"66":3,"67":3,"68":3,"69":8,"70":8,"71":0,"72":0,"73":3,"74":3,"75":0,"76":0,"77":3,"78":3},"f":{"0":7,"1":7,"2":5,"3":4,"4":6,"5":8,"6":3,"7":6,"8":2,"9":0,"10":2,"11":1,"12":2,"13":2,"14":2,"15":1,"16":1,"17":5,"18":4,"19":3,"20":6,"21":8,"22":0,"23":3,"24":0},"b":{"0":[0,7],"1":[1,2],"2":[0,0],"3":[2,2],"4":[3,3,3],"5":[1],"6":[3,0],"7":[8],"8":[0,0],"9":[3],"10":[3,0],"11":[3,3],"12":[3,0],"13":[3,3],"14":[3,0],"15":[3,3]}}
,"/workspaces/Microservices-based-Finance-Tool-For-Kosovo/src/application/operations/activity-log.service.ts": {"path":"/workspaces/Microservices-based-Finance-Tool-For-Kosovo/src/application/operations/activity-log.service.ts","statementMap":{"0":{"start":{"line":1,"column":0},"end":{"line":1,"column":44}},"1":{"start":{"line":2,"column":0},"end":{"line":2,"column":36}},"2":{"start":{"line":14,"column":7},"end":{"line":42,"column":null}},"3":{"start":{"line":15,"column":19},"end":{"line":15,"column":52}},"4":{"start":{"line":25,"column":36},"end":{"line":32,"column":6}},"5":{"start":{"line":34,"column":4},"end":{"line":34,"column":32}},"6":{"start":{"line":35,"column":4},"end":{"line":35,"column":29}},"7":{"start":{"line":36,"column":4},"end":{"line":36,"column":17}},"8":{"start":{"line":40,"column":4},"end":{"line":40,"column":68}},"9":{"start":{"line":14,"column":13},"end":{"line":14,"column":31}},"10":{"start":{"line":14,"column":13},"end":{"line":42,"column":null}}},"fnMap":{"0":{"name":"(anonymous_1)","decl":{"start":{"line":14,"column":7},"end":{"line":14,"column":13}},"loc":{"start":{"line":14,"column":7},"end":{"line":42,"column":1}}},"1":{"name":"(anonymous_2)","decl":{"start":{"line":17,"column":2},"end":{"line":17,"column":8}},"loc":{"start":{"line":23,"column":5},"end":{"line":37,"column":3}}},"2":{"name":"(anonymous_3)","decl":{"start":{"line":39,"column":2},"end":{"line":39,"column":6}},"loc":{"start":{"line":39,"column":17},"end":{"line":41,"column":3}}}},"branchMap":{"0":{"loc":{"start":{"line":39,"column":7},"end":{"line":39,"column":17}},"type":"default-arg","locations":[{"start":{"line":39,"column":15},"end":{"line":39,"column":17}}]}},"s":{"0":7,"1":7,"2":7,"3":26,"4":48,"5":48,"6":48,"7":48,"8":3,"9":7,"10":7},"f":{"0":26,"1":48,"2":3},"b":{"0":[1]}}
,"/workspaces/Microservices-based-Finance-Tool-For-Kosovo/src/compliance/compliance.module.ts": {"path":"/workspaces/Microservices-based-Finance-Tool-For-Kosovo/src/compliance/compliance.module.ts","statementMap":{"0":{"start":{"line":1,"column":0},"end":{"line":1,"column":40}},"1":{"start":{"line":2,"column":0},"end":{"line":2,"column":69}},"2":{"start":{"line":3,"column":0},"end":{"line":3,"column":78}},"3":{"start":{"line":10,"column":7},"end":{"line":10,"column":null}},"4":{"start":{"line":10,"column":13},"end":{"line":10,"column":29}},"5":{"start":{"line":10,"column":13},"end":{"line":10,"column":null}}},"fnMap":{},"branchMap":{},"s":{"0":1,"1":1,"2":1,"3":1,"4":1,"5":1},"f":{},"b":{}}
,"/workspaces/Microservices-based-Finance-Tool-For-Kosovo/src/compliance/application/compliance.service.ts": {"path":"/workspaces/Microservices-based-Finance-Tool-For-Kosovo/src/compliance/application/compliance.service.ts","statementMap":{"0":{"start":{"line":1,"column":0},"end":{"line":1,"column":66}},"1":{"start":{"line":2,"column":0},"end":{"line":2,"column":null}},"2":{"start":{"line":24,"column":30},"end":{"line":162,"column":null}},"3":{"start":{"line":25,"column":19},"end":{"line":25,"column":63}},"4":{"start":{"line":27,"column":10},"end":{"line":27,"column":44}},"5":{"start":{"line":28,"column":10},"end":{"line":28,"column":46}},"6":{"start":{"line":29,"column":10},"end":{"line":29,"column":39}},"7":{"start":{"line":30,"column":10},"end":{"line":30,"column":37}},"8":{"start":{"line":31,"column":10},"end":{"line":31,"column":22}},"9":{"start":{"line":38,"column":19},"end":{"line":38,"column":61}},"10":{"start":{"line":41,"column":4},"end":{"line":41,"column":24}},"11":{"start":{"line":42,"column":4},"end":{"line":45,"column":6}},"12":{"start":{"line":55,"column":4},"end":{"line":55,"column":38}},"13":{"start":{"line":57,"column":4},"end":{"line":57,"column":60}},"14":{"start":{"line":58,"column":4},"end":{"line":60,"column":6}},"15":{"start":{"line":68,"column":4},"end":{"line":68,"column":52}},"16":{"start":{"line":69,"column":4},"end":{"line":69,"column":57}},"17":{"start":{"line":70,"column":4},"end":{"line":70,"column":39}},"18":{"start":{"line":71,"column":4},"end":{"line":71,"column":19}},"19":{"start":{"line":72,"column":4},"end":{"line":72,"column":50}},"20":{"start":{"line":74,"column":4},"end":{"line":88,"column":5}},"21":{"start":{"line":75,"column":21},"end":{"line":75,"column":49}},"22":{"start":{"line":76,"column":6},"end":{"line":84,"column":7}},"23":{"start":{"line":77,"column":8},"end":{"line":83,"column":9}},"24":{"start":{"line":78,"column":10},"end":{"line":78,"column":44}},"25":{"start":{"line":80,"column":10},"end":{"line":82,"column":12}},"26":{"start":{"line":85,"column":6},"end":{"line":87,"column":8}},"27":{"start":{"line":94,"column":4},"end":{"line":94,"column":30}},"28":{"start":{"line":98,"column":4},"end":{"line":98,"column":55}},"29":{"start":{"line":98,"column":42},"end":{"line":98,"column":53}},"30":{"start":{"line":102,"column":21},"end":{"line":102,"column":65}},"31":{"start":{"line":102,"column":59},"end":{"line":102,"column":63}},"32":{"start":{"line":103,"column":20},"end":{"line":103,"column":57}},"33":{"start":{"line":103,"column":39},"end":{"line":103,"column":56}},"34":{"start":{"line":104,"column":4},"end":{"line":104,"column":52}},"35":{"start":{"line":110,"column":4},"end":{"line":110,"column":32}},"36":{"start":{"line":114,"column":4},"end":{"line":114,"column":63}},"37":{"start":{"line":114,"column":46},"end":{"line":114,"column":61}},"38":{"start":{"line":118,"column":4},"end":{"line":118,"column":61}},"39":{"start":{"line":118,"column":44},"end":{"line":118,"column":59}},"40":{"start":{"line":124,"column":4},"end":{"line":124,"column":72}},"41":{"start":{"line":124,"column":17},"end":{"line":124,"column":72}},"42":{"start":{"line":124,"column":49},"end":{"line":124,"column":70}},"43":{"start":{"line":125,"column":4},"end":{"line":125,"column":22}},"44":{"start":{"line":135,"column":4},"end":{"line":141,"column":6}},"45":{"start":{"line":154,"column":4},"end":{"line":160,"column":6}},"46":{"start":{"line":24,"column":13},"end":{"line":24,"column":30}},"47":{"start":{"line":24,"column":13},"end":{"line":162,"column":null}}},"fnMap":{"0":{"name":"(anonymous_1)","decl":{"start":{"line":24,"column":7},"end":{"line":24,"column":13}},"loc":{"start":{"line":24,"column":7},"end":{"line":162,"column":1}}},"1":{"name":"(anonymous_2)","decl":{"start":{"line":40,"column":2},"end":{"line":40,"column":14}},"loc":{"start":{"line":40,"column":14},"end":{"line":46,"column":3}}},"2":{"name":"(anonymous_3)","decl":{"start":{"line":54,"column":2},"end":{"line":54,"column":20}},"loc":{"start":{"line":54,"column":54},"end":{"line":61,"column":3}}},"3":{"name":"(anonymous_4)","decl":{"start":{"line":67,"column":2},"end":{"line":67,"column":14}},"loc":{"start":{"line":67,"column":14},"end":{"line":89,"column":3}}},"4":{"name":"(anonymous_5)","decl":{"start":{"line":93,"column":2},"end":{"line":93,"column":18}},"loc":{"start":{"line":93,"column":18},"end":{"line":95,"column":3}}},"5":{"name":"(anonymous_6)","decl":{"start":{"line":97,"column":2},"end":{"line":97,"column":16}},"loc":{"start":{"line":97,"column":27},"end":{"line":99,"column":3}}},"6":{"name":"(anonymous_7)","decl":{"start":{"line":98,"column":35},"end":{"line":98,"column":36}},"loc":{"start":{"line":98,"column":42},"end":{"line":98,"column":53}}},"7":{"name":"(anonymous_8)","decl":{"start":{"line":101,"column":2},"end":{"line":101,"column":24}},"loc":{"start":{"line":101,"column":38},"end":{"line":105,"column":3}}},"8":{"name":"(anonymous_9)","decl":{"start":{"line":102,"column":52},"end":{"line":102,"column":53}},"loc":{"start":{"line":102,"column":59},"end":{"line":102,"column":63}}},"9":{"name":"(anonymous_10)","decl":{"start":{"line":103,"column":31},"end":{"line":103,"column":32}},"loc":{"start":{"line":103,"column":39},"end":{"line":103,"column":56}}},"10":{"name":"(anonymous_11)","decl":{"start":{"line":109,"column":2},"end":{"line":109,"column":20}},"loc":{"start":{"line":109,"column":20},"end":{"line":111,"column":3}}},"11":{"name":"(anonymous_12)","decl":{"start":{"line":113,"column":2},"end":{"line":113,"column":19}},"loc":{"start":{"line":113,"column":45},"end":{"line":115,"column":3}}},"12":{"name":"(anonymous_13)","decl":{"start":{"line":114,"column":39},"end":{"line":114,"column":40}},"loc":{"start":{"line":114,"column":46},"end":{"line":114,"column":61}}},"13":{"name":"(anonymous_14)","decl":{"start":{"line":117,"column":2},"end":{"line":117,"column":12}},"loc":{"start":{"line":117,"column":25},"end":{"line":119,"column":3}}},"14":{"name":"(anonymous_15)","decl":{"start":{"line":118,"column":37},"end":{"line":118,"column":38}},"loc":{"start":{"line":118,"column":44},"end":{"line":118,"column":59}}},"15":{"name":"(anonymous_16)","decl":{"start":{"line":123,"column":2},"end":{"line":123,"column":10}},"loc":{"start":{"line":123,"column":27},"end":{"line":126,"column":3}}},"16":{"name":"(anonymous_17)","decl":{"start":{"line":124,"column":42},"end":{"line":124,"column":43}},"loc":{"start":{"line":124,"column":49},"end":{"line":124,"column":70}}},"17":{"name":"(anonymous_18)","decl":{"start":{"line":134,"column":2},"end":{"line":134,"column":23}},"loc":{"start":{"line":134,"column":23},"end":{"line":142,"column":3}}},"18":{"name":"(anonymous_19)","decl":{"start":{"line":147,"column":2},"end":{"line":147,"column":12}},"loc":{"start":{"line":147,"column":12},"end":{"line":161,"column":3}}}},"branchMap":{"0":{"loc":{"start":{"line":74,"column":4},"end":{"line":88,"column":5}},"type":"if","locations":[{"start":{"line":74,"column":4},"end":{"line":88,"column":5}}]},"1":{"loc":{"start":{"line":124,"column":4},"end":{"line":124,"column":72}},"type":"if","locations":[{"start":{"line":124,"column":4},"end":{"line":124,"column":72}}]}},"s":{"0":5,"1":5,"2":5,"3":14,"4":14,"5":14,"6":14,"7":14,"8":14,"9":14,"10":14,"11":14,"12":14,"13":14,"14":14,"15":17,"16":17,"17":17,"18":17,"19":17,"20":17,"21":3,"22":3,"23":3,"24":3,"25":1,"26":3,"27":2,"28":1,"29":1,"30":1,"31":4,"32":1,"33":2,"34":1,"35":2,"36":2,"37":36,"38":0,"39":0,"40":3,"41":2,"42":10,"43":1,"44":19,"45":2,"46":5,"47":5},"f":{"0":14,"1":14,"2":14,"3":17,"4":2,"5":1,"6":1,"7":1,"8":4,"9":2,"10":2,"11":2,"12":36,"13":0,"14":0,"15":3,"16":10,"17":19,"18":2},"b":{"0":[3],"1":[2]}}
,"/workspaces/Microservices-based-Finance-Tool-For-Kosovo/src/compliance/domain/tax-taxonomy.ts": {"path":"/workspaces/Microservices-based-Finance-Tool-For-Kosovo/src/compliance/domain/tax-taxonomy.ts","statementMap":{"0":{"start":{"line":36,"column":13},"end":{"line":65,"column":2}},"1":{"start":{"line":70,"column":13},"end":{"line":94,"column":2}},"2":{"start":{"line":126,"column":13},"end":{"line":162,"column":2}}},"fnMap":{},"branchMap":{},"s":{"0":5,"1":5,"2":5},"f":{},"b":{}}
,"/workspaces/Microservices-based-Finance-Tool-For-Kosovo/src/compliance/infrastructure/compliance.controller.ts": {"path":"/workspaces/Microservices-based-Finance-Tool-For-Kosovo/src/compliance/infrastructure/compliance.controller.ts","statementMap":{"0":{"start":{"line":1,"column":0},"end":{"line":1,"column":62}},"1":{"start":{"line":2,"column":0},"end":{"line":2,"column":70}},"2":{"start":{"line":3,"column":0},"end":{"line":3,"column":53}},"3":{"start":{"line":6,"column":7},"end":{"line":68,"column":null}},"4":{"start":{"line":7,"column":31},"end":{"line":7,"column":50}},"5":{"start":{"line":15,"column":4},"end":{"line":15,"column":47}},"6":{"start":{"line":24,"column":4},"end":{"line":24,"column":53}},"7":{"start":{"line":33,"column":4},"end":{"line":37,"column":5}},"8":{"start":{"line":34,"column":6},"end":{"line":36,"column":8}},"9":{"start":{"line":38,"column":4},"end":{"line":38,"column":55}},"10":{"start":{"line":47,"column":4},"end":{"line":47,"column":52}},"11":{"start":{"line":56,"column":4},"end":{"line":56,"column":58}},"12":{"start":{"line":65,"column":4},"end":{"line":65,"column":42}},"13":{"start":{"line":66,"column":4},"end":{"line":66,"column":94}},"14":{"start":{"line":6,"column":13},"end":{"line":6,"column":33}},"15":{"start":{"line":14,"column":2},"end":{"line":16,"column":null}},"16":{"start":{"line":23,"column":2},"end":{"line":25,"column":null}},"17":{"start":{"line":32,"column":2},"end":{"line":39,"column":null}},"18":{"start":{"line":46,"column":2},"end":{"line":48,"column":null}},"19":{"start":{"line":55,"column":2},"end":{"line":57,"column":null}},"20":{"start":{"line":64,"column":2},"end":{"line":67,"column":null}},"21":{"start":{"line":6,"column":13},"end":{"line":68,"column":null}}},"fnMap":{"0":{"name":"(anonymous_4)","decl":{"start":{"line":7,"column":2},"end":{"line":7,"column":31}},"loc":{"start":{"line":7,"column":67},"end":{"line":7,"column":71}}},"1":{"name":"(anonymous_5)","decl":{"start":{"line":14,"column":2},"end":{"line":14,"column":12}},"loc":{"start":{"line":14,"column":12},"end":{"line":16,"column":3}}},"2":{"name":"(anonymous_6)","decl":{"start":{"line":23,"column":2},"end":{"line":23,"column":18}},"loc":{"start":{"line":23,"column":18},"end":{"line":25,"column":3}}},"3":{"name":"(anonymous_7)","decl":{"start":{"line":32,"column":2},"end":{"line":32,"column":20}},"loc":{"start":{"line":32,"column":49},"end":{"line":39,"column":3}}},"4":{"name":"(anonymous_8)","decl":{"start":{"line":46,"column":2},"end":{"line":46,"column":10}},"loc":{"start":{"line":46,"column":45},"end":{"line":48,"column":3}}},"5":{"name":"(anonymous_9)","decl":{"start":{"line":55,"column":2},"end":{"line":55,"column":11}},"loc":{"start":{"line":55,"column":11},"end":{"line":57,"column":3}}},"6":{"name":"(anonymous_10)","decl":{"start":{"line":64,"column":2},"end":{"line":64,"column":14}},"loc":{"start":{"line":64,"column":14},"end":{"line":67,"column":3}}}},"branchMap":{"0":{"loc":{"start":{"line":33,"column":4},"end":{"line":37,"column":5}},"type":"if","locations":[{"start":{"line":33,"column":4},"end":{"line":37,"column":5}}]},"1":{"loc":{"start":{"line":7,"column":50},"end":{"line":7,"column":70}},"type":"cond-expr","locations":[{"start":{"line":7,"column":67},"end":{"line":7,"column":70}},{"start":{"line":7,"column":67},"end":{"line":7,"column":70}}]},"2":{"loc":{"start":{"line":7,"column":50},"end":{"line":7,"column":67}},"type":"binary-expr","locations":[{"start":{"line":7,"column":50},"end":{"line":7,"column":70}},{"start":{"line":7,"column":50},"end":{"line":7,"column":67}}]}},"s":{"0":1,"1":1,"2":1,"3":1,"4":1,"5":1,"6":1,"7":2,"8":1,"9":1,"10":1,"11":1,"12":1,"13":1,"14":1,"15":1,"16":1,"17":1,"18":1,"19":1,"20":1,"21":1},"f":{"0":1,"1":1,"2":1,"3":2,"4":1,"5":1,"6":1},"b":{"0":[1],"1":[1,0],"2":[1,1]}}
,"/workspaces/Microservices-based-Finance-Tool-For-Kosovo/src/domain/bills/fatura-hyrese.aggregate.ts": {"path":"/workspaces/Microservices-based-Finance-Tool-For-Kosovo/src/domain/bills/fatura-hyrese.aggregate.ts","statementMap":{"0":{"start":{"line":1,"column":0},"end":{"line":1,"column":36}},"1":{"start":{"line":4,"column":0},"end":{"line":4,"column":null}},"2":{"start":{"line":5,"column":2},"end":{"line":5,"column":null}},"3":{"start":{"line":6,"column":2},"end":{"line":6,"column":null}},"4":{"start":{"line":7,"column":2},"end":{"line":7,"column":null}},"5":{"start":{"line":24,"column":4},"end":{"line":26,"column":5}},"6":{"start":{"line":25,"column":6},"end":{"line":25,"column":60}},"7":{"start":{"line":27,"column":4},"end":{"line":29,"column":5}},"8":{"start":{"line":28,"column":6},"end":{"line":28,"column":71}},"9":{"start":{"line":30,"column":4},"end":{"line":32,"column":5}},"10":{"start":{"line":31,"column":6},"end":{"line":31,"column":66}},"11":{"start":{"line":34,"column":4},"end":{"line":34,"column":41}},"12":{"start":{"line":35,"column":4},"end":{"line":35,"column":35}},"13":{"start":{"line":36,"column":4},"end":{"line":36,"column":37}},"14":{"start":{"line":37,"column":4},"end":{"line":37,"column":45}},"15":{"start":{"line":41,"column":4},"end":{"line":41,"column":42}},"16":{"start":{"line":17,"column":0},"end":{"line":17,"column":13}},"17":{"start":{"line":68,"column":4},"end":{"line":70,"column":5}},"18":{"start":{"line":69,"column":6},"end":{"line":69,"column":49}},"19":{"start":{"line":71,"column":4},"end":{"line":73,"column":5}},"20":{"start":{"line":72,"column":6},"end":{"line":72,"column":49}},"21":{"start":{"line":74,"column":4},"end":{"line":76,"column":5}},"22":{"start":{"line":75,"column":6},"end":{"line":75,"column":47}},"23":{"start":{"line":77,"column":4},"end":{"line":79,"column":5}},"24":{"start":{"line":78,"column":6},"end":{"line":78,"column":61}},"25":{"start":{"line":81,"column":4},"end":{"line":81,"column":17}},"26":{"start":{"line":82,"column":4},"end":{"line":82,"column":39}},"27":{"start":{"line":83,"column":4},"end":{"line":83,"column":37}},"28":{"start":{"line":84,"column":4},"end":{"line":84,"column":41}},"29":{"start":{"line":85,"column":4},"end":{"line":85,"column":35}},"30":{"start":{"line":86,"column":4},"end":{"line":86,"column":26}},"31":{"start":{"line":87,"column":4},"end":{"line":87,"column":58}},"32":{"start":{"line":87,"column":41},"end":{"line":87,"column":56}},"33":{"start":{"line":91,"column":15},"end":{"line":91,"column":23}},"34":{"start":{"line":92,"column":4},"end":{"line":92,"column":57}},"35":{"start":{"line":100,"column":4},"end":{"line":100,"column":47}},"36":{"start":{"line":104,"column":4},"end":{"line":104,"column":24}},"37":{"start":{"line":108,"column":4},"end":{"line":108,"column":23}},"38":{"start":{"line":112,"column":4},"end":{"line":112,"column":70}},"39":{"start":{"line":112,"column":45},"end":{"line":112,"column":65}},"40":{"start":{"line":116,"column":4},"end":{"line":118,"column":5}},"41":{"start":{"line":117,"column":6},"end":{"line":117,"column":68}},"42":{"start":{"line":119,"column":4},"end":{"line":121,"column":5}},"43":{"start":{"line":120,"column":6},"end":{"line":120,"column":56}},"44":{"start":{"line":125,"column":4},"end":{"line":125,"column":25}},"45":{"start":{"line":126,"column":4},"end":{"line":126,"column":41}},"46":{"start":{"line":130,"column":4},"end":{"line":134,"column":5}},"47":{"start":{"line":131,"column":6},"end":{"line":133,"column":8}},"48":{"start":{"line":136,"column":19},"end":{"line":136,"column":58}},"49":{"start":{"line":136,"column":42},"end":{"line":136,"column":57}},"50":{"start":{"line":137,"column":4},"end":{"line":137,"column":54}},"51":{"start":{"line":139,"column":4},"end":{"line":139,"column":37}},"52":{"start":{"line":143,"column":4},"end":{"line":143,"column":32}},"53":{"start":{"line":147,"column":4},"end":{"line":147,"column":32}},"54":{"start":{"line":151,"column":4},"end":{"line":155,"column":5}},"55":{"start":{"line":152,"column":6},"end":{"line":154,"column":8}},"56":{"start":{"line":156,"column":4},"end":{"line":156,"column":39}},"57":{"start":{"line":53,"column":0},"end":{"line":53,"column":13}}},"fnMap":{"0":{"name":"(anonymous_0)","decl":{"start":{"line":4,"column":0},"end":{"line":4,"column":12}},"loc":{"start":{"line":4,"column":22},"end":{"line":8,"column":1}}},"1":{"name":"(anonymous_1)","decl":{"start":{"line":23,"column":2},"end":{"line":23,"column":14}},"loc":{"start":{"line":23,"column":34},"end":{"line":38,"column":3}}},"2":{"name":"(anonymous_2)","decl":{"start":{"line":40,"column":2},"end":{"line":40,"column":6}},"loc":{"start":{"line":40,"column":15},"end":{"line":42,"column":3}}},"3":{"name":"(anonymous_3)","decl":{"start":{"line":63,"column":2},"end":{"line":63,"column":null}},"loc":{"start":{"line":66,"column":41},"end":{"line":88,"column":3}}},"4":{"name":"(anonymous_4)","decl":{"start":{"line":87,"column":34},"end":{"line":87,"column":35}},"loc":{"start":{"line":87,"column":41},"end":{"line":87,"column":56}}},"5":{"name":"(anonymous_5)","decl":{"start":{"line":90,"column":2},"end":{"line":90,"column":8}},"loc":{"start":{"line":90,"column":43},"end":{"line":93,"column":3}}},"6":{"name":"(anonymous_6)","decl":{"start":{"line":95,"column":2},"end":{"line":95,"column":8}},"loc":{"start":{"line":98,"column":22},"end":{"line":101,"column":3}}},"7":{"name":"(anonymous_7)","decl":{"start":{"line":103,"column":2},"end":{"line":103,"column":6}},"loc":{"start":{"line":103,"column":12},"end":{"line":105,"column":3}}},"8":{"name":"(anonymous_8)","decl":{"start":{"line":107,"column":2},"end":{"line":107,"column":6}},"loc":{"sta
[...]
"line":82,"column":8}},"26":{"start":{"line":85,"column":4},"end":{"line":85,"column":75}},"27":{"start":{"line":90,"column":4},"end":{"line":90,"column":57}},"28":{"start":{"line":14,"column":13},"end":{"line":14,"column":33}},"29":{"start":{"line":25,"column":2},"end":{"line":27,"column":null}},"30":{"start":{"line":30,"column":2},"end":{"line":35,"column":null}},"31":{"start":{"line":38,"column":8},"end":{"line":86,"column":null}},"32":{"start":{"line":89,"column":2},"end":{"line":91,"column":null}},"33":{"start":{"line":14,"column":13},"end":{"line":92,"column":null}}},"fnMap":{"0":{"name":"(anonymous_4)","decl":{"start":{"line":15,"column":2},"end":{"line":15,"column":null}},"loc":{"start":{"line":21,"column":75},"end":{"line":22,"column":6}}},"1":{"name":"(anonymous_5)","decl":{"start":{"line":25,"column":2},"end":{"line":25,"column":16}},"loc":{"start":{"line":25,"column":47},"end":{"line":27,"column":3}}},"2":{"name":"(anonymous_6)","decl":{"start":{"line":30,"column":2},"end":{"line":30,"column":16}},"loc":{"start":{"line":30,"column":47},"end":{"line":35,"column":3}}},"3":{"name":"(anonymous_7)","decl":{"start":{"line":38,"column":2},"end":{"line":38,"column":7}},"loc":{"start":{"line":38,"column":37},"end":{"line":86,"column":3}}},"4":{"name":"(anonymous_8)","decl":{"start":{"line":49,"column":30},"end":{"line":49,"column":31}},"loc":{"start":{"line":49,"column":41},"end":{"line":55,"column":10}}},"5":{"name":"(anonymous_9)","decl":{"start":{"line":89,"column":2},"end":{"line":89,"column":22}},"loc":{"start":{"line":89,"column":22},"end":{"line":91,"column":3}}}},"branchMap":{"0":{"loc":{"start":{"line":26,"column":40},"end":{"line":26,"column":66}},"type":"cond-expr","locations":[{"start":{"line":26,"column":48},"end":{"line":26,"column":61}},{"start":{"line":26,"column":64},"end":{"line":26,"column":66}}]},"1":{"loc":{"start":{"line":39,"column":4},"end":{"line":69,"column":5}},"type":"if","locations":[{"start":{"line":39,"column":4},"end":{"line":69,"column":5}}]},"2":{"loc":{"start":{"line":71,"column":4},"end":{"line":83,"column":5}},"type":"if","locations":[{"start":{"line":71,"column":4},"end":{"line":83,"column":5}}]},"3":{"loc":{"start":{"line":30,"column":30},"end":{"line":30,"column":null}},"type":"cond-expr","locations":[{"start":{"line":30,"column":47},"end":{"line":30,"column":null}},{"start":{"line":30,"column":47},"end":{"line":30,"column":null}}]},"4":{"loc":{"start":{"line":30,"column":30},"end":{"line":30,"column":47}},"type":"binary-expr","locations":[{"start":{"line":30,"column":30},"end":{"line":30,"column":null}},{"start":{"line":30,"column":30},"end":{"line":30,"column":47}}]},"5":{"loc":{"start":{"line":38,"column":28},"end":{"line":38,"column":null}},"type":"cond-expr","locations":[{"start":{"line":38,"column":37},"end":{"line":38,"column":null}},{"start":{"line":38,"column":37},"end":{"line":38,"column":null}}]},"6":{"loc":{"start":{"line":38,"column":28},"end":{"line":38,"column":37}},"type":"binary-expr","locations":[{"start":{"line":38,"column":28},"end":{"line":38,"column":null}},{"start":{"line":38,"column":28},"end":{"line":38,"column":37}}]},"7":{"loc":{"start":{"line":16,"column":34},"end":{"line":16,"column":null}},"type":"cond-expr","locations":[{"start":{"line":16,"column":45},"end":{"line":16,"column":null}},{"start":{"line":16,"column":45},"end":{"line":16,"column":null}}]},"8":{"loc":{"start":{"line":16,"column":34},"end":{"line":16,"column":45}},"type":"binary-expr","locations":[{"start":{"line":16,"column":34},"end":{"line":16,"column":null}},{"start":{"line":16,"column":34},"end":{"line":16,"column":45}}]},"9":{"loc":{"start":{"line":16,"column":45},"end":{"line":17,"column":null}},"type":"cond-expr","locations":[{"start":{"line":17,"column":51},"end":{"line":17,"column":null}},{"start":{"line":17,"column":51},"end":{"line":17,"column":null}}]},"10":{"loc":{"start":{"line":16,"column":45},"end":{"line":17,"column":51}},"type":"binary-expr","locations":[{"start":{"line":16,"column":45},"end":{"line":17,"column":null}},{"start":{"line":17,"column":37},"end":{"line":17,"column":51}}]},"11":{"loc":{"start":{"line":17,"column":51},"end":{"line":18,"column":null}},"type":"cond-expr","locations":[{"start":{"line":18,"column":55},"end":{"line":18,"column":null}},{"start":{"line":18,"column":55},"end":{"line":18,"column":null}}]},"12":{"loc":{"start":{"line":17,"column":51},"end":{"line":18,"column":55}},"type":"binary-expr","locations":[{"start":{"line":17,"column":51},"end":{"line":18,"column":null}},{"start":{"line":18,"column":39},"end":{"line":18,"column":55}}]},"13":{"loc":{"start":{"line":18,"column":55},"end":{"line":19,"column":null}},"type":"cond-expr","locations":[{"start":{"line":19,"column":59},"end":{"line":19,"column":null}},{"start":{"line":19,"column":59},"end":{"line":19,"column":null}}]},"14":{"loc":{"start":{"line":18,"column":55},"end":{"line":19,"column":59}},"type":"binary-expr","locations":[{"start":{"line":18,"column":55},"end":{"line":19,"column":null}},{"start":{"line":19,"column":41},"end":{"line":19,"column":59}}]},"15":{"loc":{"start":{"line":19,"column":59},"end":{"line":20,"column":null}},"type":"cond-expr","locations":[{"start":{"line":20,"column":71},"end":{"line":20,"column":null}},{"start":{"line":20,"column":71},"end":{"line":20,"column":null}}]},"16":{"loc":{"start":{"line":19,"column":59},"end":{"line":20,"column":71}},"type":"binary-expr","locations":[{"start":{"line":19,"column":59},"end":{"line":20,"column":null}},{"start":{"line":20,"column":47},"end":{"line":20,"column":71}}]},"17":{"loc":{"start":{"line":20,"column":71},"end":{"line":21,"column":null}},"type":"cond-expr","locations":[{"start":{"line":21,"column":75},"end":{"line":21,"column":null}},{"start":{"line":21,"column":75},"end":{"line":21,"column":null}}]},"18":{"loc":{"start":{"line":20,"column":71},"end":{"line":21,"column":75}},"type":"binary-expr","locations":[{"start":{"line":20,"column":71},"end":{"line":21,"column":null}},{"start":{"line":21,"column":49},"end":{"line":21,"column":75}}]}},"s":{"0":1,"1":1,"2":1,"3":1,"4":1,"5":1,"6":1,"7":1,"8":1,"9":1,"10":1,"11":1,"12":1,"13":1,"14":1,"15":1,"16":1,"17":1,"18":1,"19":3,"20":1,"21":1,"22":1,"23":2,"24":1,"25":1,"26":1,"27":1,"28":1,"29":1,"30":1,"31":1,"32":1,"33":1},"f":{"0":1,"1":1,"2":1,"3":3,"4":1,"5":1},"b":{"0":[1,0],"1":[1],"2":[1],"3":[1,0],"4":[1,1],"5":[1,0],"6":[1,1],"7":[1,0],"8":[1,1],"9":[1,0],"10":[1,1],"11":[1,0],"12":[1,1],"13":[1,0],"14":[1,1],"15":[1,0],"16":[1,1],"17":[1,0],"18":[1,1]}}
,"/workspaces/Microservices-based-Finance-Tool-For-Kosovo/src/infrastructure/persistence/ai/ai-event.orm-entity.ts": {"path":"/workspaces/Microservices-based-Finance-Tool-For-Kosovo/src/infrastructure/persistence/ai/ai-event.orm-entity.ts","statementMap":{"0":{"start":{"line":1,"column":0},"end":{"line":1,"column":74}},"1":{"start":{"line":19,"column":7},"end":{"line":50,"column":null}},"2":{"start":{"line":19,"column":13},"end":{"line":19,"column":29}},"3":{"start":{"line":21,"column":2},"end":{"line":21,"column":null}},"4":{"start":{"line":24,"column":2},"end":{"line":24,"column":null}},"5":{"start":{"line":27,"column":2},"end":{"line":27,"column":null}},"6":{"start":{"line":30,"column":2},"end":{"line":30,"column":null}},"7":{"start":{"line":33,"column":2},"end":{"line":33,"column":null}},"8":{"start":{"line":37,"column":2},"end":{"line":37,"column":null}},"9":{"start":{"line":49,"column":2},"end":{"line":49,"column":null}},"10":{"start":{"line":19,"column":13},"end":{"line":50,"column":null}}},"fnMap":{},"branchMap":{"0":{"loc":{"start":{"line":49,"column":14},"end":{"line":49,"column":19}},"type":"cond-expr","locations":[{"start":{"line":49,"column":18},"end":{"line":49,"column":19}},{"start":{"line":49,"column":18},"end":{"line":49,"column":19}}]},"1":{"loc":{"start":{"line":49,"column":14},"end":{"line":49,"column":18}},"type":"binary-expr","locations":[{"start":{"line":49,"column":14},"end":{"line":49,"column":19}},{"start":{"line":49,"column":14},"end":{"line":49,"column":18}}]}},"s":{"0":4,"1":4,"2":4,"3":4,"4":4,"5":4,"6":4,"7":4,"8":4,"9":4,"10":4},"f":{},"b":{"0":[4,0],"1":[4,4]}}
,"/workspaces/Microservices-based-Finance-Tool-For-Kosovo/src/infrastructure/persistence/bills/bill.orm-entity.ts": {"path":"/workspaces/Microservices-based-Finance-Tool-For-Kosovo/src/infrastructure/persistence/bills/bill.orm-entity.ts","statementMap":{"0":{"start":{"line":1,"column":0},"end":{"line":1,"column":56}},"1":{"start":{"line":2,"column":0},"end":{"line":2,"column":75}},"2":{"start":{"line":5,"column":7},"end":{"line":31,"column":null}},"3":{"start":{"line":5,"column":13},"end":{"line":5,"column":26}},"4":{"start":{"line":7,"column":2},"end":{"line":7,"column":null}},"5":{"start":{"line":10,"column":2},"end":{"line":10,"column":null}},"6":{"start":{"line":13,"column":2},"end":{"line":13,"column":null}},"7":{"start":{"line":16,"column":2},"end":{"line":16,"column":null}},"8":{"start":{"line":19,"column":2},"end":{"line":19,"column":null}},"9":{"start":{"line":22,"column":2},"end":{"line":22,"column":null}},"10":{"start":{"line":25,"column":2},"end":{"line":30,"column":null}},"11":{"start":{"line":5,"column":13},"end":{"line":31,"column":null}}},"fnMap":{},"branchMap":{"0":{"loc":{"start":{"line":22,"column":11},"end":{"line":22,"column":22}},"type":"cond-expr","locations":[{"start":{"line":22,"column":21},"end":{"line":22,"column":22}},{"start":{"line":22,"column":21},"end":{"line":22,"column":22}}]},"1":{"loc":{"start":{"line":22,"column":11},"end":{"line":22,"column":21}},"type":"binary-expr","locations":[{"start":{"line":22,"column":11},"end":{"line":22,"column":22}},{"start":{"line":22,"column":11},"end":{"line":22,"column":21}}]}},"s":{"0":3,"1":3,"2":3,"3":3,"4":3,"5":3,"6":3,"7":3,"8":3,"9":3,"10":3,"11":3},"f":{},"b":{"0":[0,3],"1":[3,3]}}
,"/workspaces/Microservices-based-Finance-Tool-For-Kosovo/src/infrastructure/persistence/bills/bill.repository.ts": {"path":"/workspaces/Microservices-based-Finance-Tool-For-Kosovo/src/infrastructure/persistence/bills/bill.repository.ts","statementMap":{"0":{"start":{"line":1,"column":0},"end":{"line":1,"column":62}},"1":{"start":{"line":2,"column":0},"end":{"line":2,"column":51}},"2":{"start":{"line":3,"column":0},"end":{"line":3,"column":37}},"3":{"start":{"line":4,"column":0},"end":{"line":4,"column":null}},"4":{"start":{"line":8,"column":0},"end":{"line":8,"column":50}},"5":{"start":{"line":17,"column":27},"end":{"line":101,"column":null}},"6":{"start":{"line":23,"column":21},"end":{"line":23,"column":31}},"7":{"start":{"line":18,"column":19},"end":{"line":18,"column":60}},"8":{"start":{"line":19,"column":19},"end":{"line":19,"column":59}},"9":{"start":{"line":25,"column":4},"end":{"line":29,"column":5}},"10":{"start":{"line":26,"column":6},"end":{"line":26,"column":71}},"11":{"start":{"line":28,"column":6},"end":{"line":28,"column":60}},"12":{"start":{"line":33,"column":4},"end":{"line":33,"column":44}},"13":{"start":{"line":34,"column":4},"end":{"line":55,"column":5}},"14":{"start":{"line":35,"column":6},"end":{"line":54,"column":9}},"15":{"start":{"line":48,"column":43},"end":{"line":53,"column":10}},"16":{"start":{"line":59,"column":19},"end":{"line":59,"column":37}},"17":{"start":{"line":60,"column":4},"end":{"line":60,"column":30}},"18":{"start":{"line":60,"column":16},"end":{"line":60,"column":30}},"19":{"start":{"line":61,"column":4},"end":{"line":61,"column":35}},"20":{"start":{"line":61,"column":23},"end":{"line":61,"column":35}},"21":{"start":{"line":62,"column":16},"end":{"line":62,"column":52}},"22":{"start":{"line":63,"column":4},"end":{"line":63,"column":26}},"23":{"start":{"line":63,"column":14},"end":{"line":63,"column":26}},"24":{"start":{"line":64,"column":4},"end":{"line":64,"column":30}},"25":{"start":{"line":68,"column":4},"end":{"line":71,"column":5}},"26":{"start":{"line":69,"column":19},"end":{"line":69,"column":76}},"27":{"start":{"line":70,"column":6},"end":{"line":70,"column":47}},"28":{"start":{"line":70,"column":29},"end":{"line":70,"column":45}},"29":{"start":{"line":72,"column":4},"end":{"line":74,"column":6}},"30":{"start":{"line":73,"column":6},"end":{"line":73,"column":40}},"31":{"start":{"line":78,"column":4},"end":{"line":81,"column":5}},"32":{"start":{"line":79,"column":19},"end":{"line":79,"column":56}},"33":{"start":{"line":80,"column":6},"end":{"line":80,"column":47}},"34":{"start":{"line":80,"column":29},"end":{"line":80,"column":45}},"35":{"start":{"line":82,"column":16},"end":{"line":82,"column":33}},"36":{"start":{"line":83,"column":4},"end":{"line":83,"column":56}},"37":{"start":{"line":83,"column":32},"end":{"line":83,"column":54}},"38":{"start":{"line":87,"column":16},"end":{"line":96,"column":null}},"39":{"start":{"line":98,"column":4},"end":{"line":98,"column":32}},"40":{"start":{"line":99,"column":4},"end":{"line":99,"column":15}},"41":{"start":{"line":17,"column":13},"end":{"line":17,"column":27}},"42":{"start":{"line":17,"column":13},"end":{"line":101,"column":null}}},"fnMap":{"0":{"name":"(anonymous_4)","decl":{"start":{"line":21,"column":2},"end":{"line":21,"column":null}},"loc":{"start":{"line":23,"column":56},"end":{"line":30,"column":3}}},"1":{"name":"(anonymous_5)","decl":{"start":{"line":32,"column":2},"end":{"line":32,"column":7}},"loc":{"start":{"line":32,"column":36},"end":{"line":56,"column":3}}},"2":{"name":"(anonymous_6)","decl":{"start":{"line":48,"column":35},"end":{"line":48,"column":36}},"loc":{"start":{"line":48,"column":43},"end":{"line":53,"column":10}}},"3":{"name":"(anonymous_7)","decl":{"start":{"line":58,"column":2},"end":{"line":58,"column":7}},"loc":{"start":{"line":58,"column":27},"end":{"line":65,"column":3}}},"4":{"name":"(anonymous_8)","decl":{"start":{"line":67,"column":2},"end":{"line":67,"column":7}},"loc":{"start":{"line":67,"column":12},"end":{"line":75,"column":3}}},"5":{"name":"(anonymous_9)","decl":{"start":{"line":70,"column":22},"end":{"line":70,"column":23}},"loc":{"start":{"line":70,"column":29},"end":{"line":70,"column":45}}},"6":{"name":"(anonymous_10)","decl":{"start":{"line":72,"column":48},"end":{"line":72,"column":49}},"loc":{"start":{"line":73,"column":6},"end":{"line":73,"column":40}}},"7":{"name":"(anonymous_11)","decl":{"start":{"line":77,"column":2},"end":{"line":77,"column":7}},"loc":{"start":{"line":77,"column":39},"end":{"line":84,"column":3}}},"8":{"name":"(anonymous_12)","decl":{"start":{"line":80,"column":22},"end":{"line":80,"column":23}},"loc":{"start":{"line":80,"column":29},"end":{"line":80,"column":45}}},"9":{"name":"(anonymous_13)","decl":{"start":{"line":83,"column":22},"end":{"line":83,"column":23}},"loc":{"start":{"line":83,"column":32},"end":{"line":83,"column":54}}},"10":{"name":"(anonymous_14)","decl":{"start":{"line":86,"column":10},"end":{"line":86,"column":18}},"loc":{"start":{"line":86,"column":37},"end":{"line":100,"column":3}}}},"branchMap":{"0":{"loc":{"start":{"line":25,"column":4},"end":{"line":29,"column":5}},"type":"if","locations":[{"start":{"line":25,"column":4},"end":{"line":29,"column":5}},{"start":{"line":27,"column":11},"end":{"line":29,"column":5}}]},"1":{"loc":{"start":{"line":34,"column":4},"end":{"line":55,"column":5}},"type":"if","locations":[{"start":{"line":34,"column":4},"end":{"line":55,"column":5}}]},"2":{"loc":{"start":{"line":38,"column":19},"end":{"line":40,"column":39}},"type":"cond-expr","locations":[{"start":{"line":39,"column":12},"end":{"line":39,"column":59}},{"start":{"line":40,"column":12},"end":{"line":40,"column":39}}]},"3":{"loc":{"start":{"line":41,"column":17},"end":{"line":45,"column":16}},"type":"cond-expr","locations":[{"start":{"line":42,"column":13},"end":{"line":44,"column":39}},{"start":{"line":45,"column":12},"end":{"line":45,"column":16}}]},"4":{"loc":{"start":{"line":42,"column":13},"end":{"line":44,"column":39}},"type":"cond-expr","locations":[{"start":{"line":43,"column":14},"end":{"line":43,"column":59}},{"start":{"line":44,"column":14},"end":{"line":44,"column":39}}]},"5":{"loc":{"start":{"line":60,"column":4},"end":{"line":60,"column":30}},"type":"if","locations":[{"start":{"line":60,"column":4},"end":{"line":60,"column":30}}]},"6":{"loc":{"start":{"line":61,"column":4},"end":{"line":61,"column":35}},"type":"if","locations":[{"start":{"line":61,"column":4},"end":{"line":61,"column":35}}]},"7":{"loc":{"start":{"line":63,"column":4},"end":{"line":63,"column":26}},"type":"if","locations":[{"start":{"line":63,"column":4},"end":{"line":63,"column":26}}]},"8":{"loc":{"start":{"line":68,"column":4},"end":{"line":71,"column":5}},"type":"if","locations":[{"start":{"line":68,"column":4},"end":{"line":71,"column":5}}]},"9":{"loc":{"start":{"line":73,"column":6},"end":{"line":73,"column":40}},"type":"cond-expr","locations":[{"start":{"line":73,"column":34},"end":{"line":73,"column":36}},{"start":{"line":73,"column":39},"end":{"line":73,"column":40}}]},"10":{"loc":{"start":{"line":78,"column":4},"end":{"line":81,"column":5}},"type":"if","locations":[{"start":{"line":78,"column":4},"end":{"line":81,"column":5}}]},"11":{"loc":{"start":{"line":92,"column":17},"end":{"line":92,"column":59}},"type":"cond-expr","locations":[{"start":{"line":92,"column":31},"end":{"line":92,"column":52}},{"start":{"line":92,"column":55},"end":{"line":92,"column":59}}]},"12":{"loc":{"start":{"line":23,"column":31},"end":{"line":23,"column":56}},"type":"cond-expr","locations":[{"start":{"line":23,"column":41},"end":{"line":23,"column":56}},{"start":{"line":23,"column":41},"end":{"line":23,"column":56}}]},"13":{"loc":{"start":{"line":23,"column":31},"end":{"line":23,"column":41}},"type":"binary-expr","locations":[{"start":{"line":23,"column":31},"end":{"line":23,"column":56}},{"start":{"line":23,"column":31},"end":{"line":23,"column":41}}]}},"s":{"0":2,"1":2,"2":2,"3":2,"4":2,"5":2,"6":7,"7":7,"8":7,"9":7,"10":0,"11":7,"12":11,"13":11,"14":0,"15":0,"16":9,"17":9,"18":6,"19":3,"20":3,"21":0,"22":0,"23":0,"24":0,"25":4,"26":0,"27":0,"28":0,"29":4,"30":3,"31":2,"32":0,"33":0,"34":0,"35":2,"36":2,"37":4,"38":0,"39":0,"40":0,"41":2,"42":2},"f":{"0":7,"1":11,"2":0,"3":9,"4":4,"5":0,"6":3,"7":2,"8":0,"9":4,"10":0},"b":{"0":[0,7],"1":[0],"2":[0,0],"3":[0,0],"4":[0,0],"5":[6],"6":[3],"7":[0],"8":[0],"9":[0,3],"10":[0],"11":[0,0],"12":[2,0],"13":[2,2]}}
,"/workspaces/Microservices-based-Finance-Tool-For-Kosovo/src/infrastructure/persistence/ledger/journal-entry.orm-entity.ts": {"path":"/workspaces/Microservices-based-Finance-Tool-For-Kosovo/src/infrastructure/persistence/ledger/journal-entry.orm-entity.ts","statementMap":{"0":{"start":{"line":1,"column":0},"end":{"line":1,"column":74}},"1":{"start":{"line":4,"column":7},"end":{"line":28,"column":null}},"2":{"start":{"line":4,"column":13},"end":{"line":4,"column":34}},"3":{"start":{"line":6,"column":2},"end":{"line":6,"column":null}},"4":{"start":{"line":9,"column":2},"end":{"line":9,"column":null}},"5":{"start":{"line":12,"column":2},"end":{"line":12,"column":null}},"6":{"start":{"line":15,"column":2},"end":{"line":15,"column":null}},"7":{"start":{"line":18,"column":2},"end":{"line":18,"column":null}},"8":{"start":{"line":21,"column":2},"end":{"line":21,"column":null}},"9":{"start":{"line":24,"column":2},"end":{"line":24,"column":null}},"10":{"start":{"line":27,"column":2},"end":{"line":27,"column":null}},"11":{"start":{"line":4,"column":13},"end":{"line":28,"column":null}}},"fnMap":{},"branchMap":{"0":{"loc":{"start":{"line":27,"column":14},"end":{"line":27,"column":19}},"type":"cond-expr","locations":[{"start":{"line":27,"column":18},"end":{"line":27,"column":19}},{"start":{"line":27,"column":18},"end":{"line":27,"column":19}}]},"1":{"loc":{"start":{"line":27,"column":14},"end":{"line":27,"column":18}},"type":"binary-expr","locations":[{"start":{"line":27,"column":14},"end":{"line":27,"column":19}},{"start":{"line":27,"column":14},"end":{"line":27,"column":18}}]}},"s":{"0":4,"1":4,"2":4,"3":4,"4":4,"5":4,"6":4,"7":4,"8":4,"9":4,"10":4,"11":4},"f":{},"b":{"0":[4,0],"1":[4,4]}}
}
