{"/Users/gurigacaferi/Downloads/tema/src/app.module.ts": {"path":"/Users/gurigacaferi/Downloads/tema/src/app.module.ts","statementMap":{"0":{"start":{"line":1,"column":0},"end":{"line":1,"column":40}},"1":{"start":{"line":2,"column":0},"end":{"line":2,"column":82}},"2":{"start":{"line":3,"column":0},"end":{"line":3,"column":66}},"3":{"start":{"line":15,"column":7},"end":{"line":15,"column":null}},"4":{"start":{"line":15,"column":13},"end":{"line":15,"column":22}},"5":{"start":{"line":15,"column":13},"end":{"line":15,"column":null}}},"fnMap":{},"branchMap":{},"s":{"0":0,"1":0,"2":0,"3":0,"4":0,"5":0},"f":{},"b":{}}
,"/Users/gurigacaferi/Downloads/tema/src/daily-operations.module.ts": {"path":"/Users/gurigacaferi/Downloads/tema/src/daily-operations.module.ts","statementMap":{"0":{"start":{"line":1,"column":0},"end":{"line":1,"column":40}},"1":{"start":{"line":2,"column":0},"end":{"line":2,"column":63}},"2":{"start":{"line":3,"column":0},"end":{"line":3,"column":73}},"3":{"start":{"line":4,"column":0},"end":{"line":4,"column":63}},"4":{"start":{"line":5,"column":0},"end":{"line":5,"column":84}},"5":{"start":{"line":6,"column":0},"end":{"line":6,"column":72}},"6":{"start":{"line":7,"column":0},"end":{"line":7,"column":79}},"7":{"start":{"line":8,"column":0},"end":{"line":8,"column":77}},"8":{"start":{"line":9,"column":0},"end":{"line":9,"column":81}},"9":{"start":{"line":10,"column":0},"end":{"line":10,"column":83}},"10":{"start":{"line":11,"column":0},"end":{"line":11,"column":83}},"11":{"start":{"line":12,"column":0},"end":{"line":12,"column":71}},"12":{"start":{"line":13,"column":0},"end":{"line":13,"column":91}},"13":{"start":{"line":14,"column":0},"end":{"line":14,"column":92}},"14":{"start":{"line":36,"column":7},"end":{"line":36,"column":null}},"15":{"start":{"line":36,"column":13},"end":{"line":36,"column":34}},"16":{"start":{"line":36,"column":13},"end":{"line":36,"column":null}}},"fnMap":{},"branchMap":{},"s":{"0":0,"1":0,"2":0,"3":0,"4":0,"5":0,"6":0,"7":0,"8":0,"9":0,"10":0,"11":0,"12":0,"13":0,"14":0,"15":0,"16":0},"f":{},"b":{}}
,"/Users/gurigacaferi/Downloads/tema/src/main.ts": {"path":"/Users/gurigacaferi/Downloads/tema/src/main.ts","statementMap":{"0":{"start":{"line":1,"column":0},"end":{"line":1,"column":43}},"1":{"start":{"line":2,"column":0},"end":{"line":2,"column":48}},"2":{"start":{"line":3,"column":0},"end":{"line":3,"column":41}},"3":{"start":{"line":9,"column":14},"end":{"line":9,"column":49}},"4":{"start":{"line":12,"column":2},"end":{"line":18,"column":4}},"5":{"start":{"line":21,"column":2},"end":{"line":25,"column":5}},"6":{"start":{"line":28,"column":2},"end":{"line":28,"column":32}},"7":{"start":{"line":30,"column":15},"end":{"line":30,"column":39}},"8":{"start":{"line":31,"column":2},"end":{"line":31,"column":25}},"9":{"start":{"line":33,"column":2},"end":{"line":33,"column":92}},"10":{"start":{"line":34,"column":2},"end":{"line":34,"column":73}},"11":{"start":{"line":37,"column":0},"end":{"line":37,"column":12}}},"fnMap":{"0":{"name":"bootstrap","decl":{"start":{"line":8,"column":15},"end":{"line":8,"column":24}},"loc":{"start":{"line":8,"column":24},"end":{"line":35,"column":1}}}},"branchMap":{"0":{"loc":{"start":{"line":22,"column":12},"end":{"line":22,"column":58}},"type":"binary-expr","locations":[{"start":{"line":22,"column":12},"end":{"line":22,"column":51}},{"start":{"line":22,"column":55},"end":{"line":22,"column":58}}]},"1":{"loc":{"start":{"line":30,"column":15},"end":{"line":30,"column":39}},"type":"binary-expr","locations":[{"start":{"line":30,"column":15},"end":{"line":30,"column":31}},{"start":{"line":30,"column":35},"end":{"line":30,"column":39}}]}},"s":{"0":0,"1":0,"2":0,"3":0,"4":0,"5":0,"6":0,"7":0,"8":0,"9":0,"10":0,"11":0},"f":{"0":0},"b":{"0":[0,0],"1":[0,0]}}
,"/Users/gurigacaferi/Downloads/tema/src/application/ai/ai-financial-snapshot.service.ts": {"path":"/Users/gurigacaferi/Downloads/tema/src/application/ai/ai-financial-snapshot.service.ts","statementMap":{"0":{"start":{"line":1,"column":0},"end":{"line":1,"column":58}},"1":{"start":{"line":2,"column":0},"end":{"line":2,"column":60}},"2":{"start":{"line":5,"column":7},"end":{"line":21,"column":null}},"3":{"start":{"line":8,"column":31},"end":{"line":8,"column":47}},"4":{"start":{"line":6,"column":10},"end":{"line":6,"column":28}},"5":{"start":{"line":11,"column":4},"end":{"line":13,"column":7}},"6":{"start":{"line":12,"column":6},"end":{"line":12,"column":68}},"7":{"start":{"line":17,"column":4},"end":{"line":19,"column":6}},"8":{"start":{"line":5,"column":13},"end":{"line":5,"column":39}},"9":{"start":{"line":5,"column":13},"end":{"line":21,"column":null}}},"fnMap":{"0":{"name":"(anonymous_2)","decl":{"start":{"line":8,"column":2},"end":{"line":8,"column":31}},"loc":{"start":{"line":8,"column":61},"end":{"line":8,"column":65}}},"1":{"name":"(anonymous_3)","decl":{"start":{"line":10,"column":2},"end":{"line":10,"column":14}},"loc":{"start":{"line":10,"column":14},"end":{"line":14,"column":3}}},"2":{"name":"(anonymous_4)","decl":{"start":{"line":11,"column":56},"end":{"line":11,"column":57}},"loc":{"start":{"line":11,"column":66},"end":{"line":13,"column":5}}},"3":{"name":"(anonymous_5)","decl":{"start":{"line":16,"column":2},"end":{"line":16,"column":13}},"loc":{"start":{"line":16,"column":13},"end":{"line":20,"column":3}}}},"branchMap":{},"s":{"0":1,"1":1,"2":1,"3":5,"4":5,"5":5,"6":6,"7":4,"8":1,"9":1},"f":{"0":5,"1":5,"2":6,"3":4},"b":{}}
,"/Users/gurigacaferi/Downloads/tema/src/application/bills/bill.service.ts": {"path":"/Users/gurigacaferi/Downloads/tema/src/application/bills/bill.service.ts","statementMap":{"0":{"start":{"line":1,"column":0},"end":{"line":1,"column":84}},"1":{"start":{"line":2,"column":0},"end":{"line":2,"column":67}},"2":{"start":{"line":3,"column":0},"end":{"line":3,"column":null}},"3":{"start":{"line":9,"column":0},"end":{"line":9,"column":88}},"4":{"start":{"line":10,"column":0},"end":{"line":10,"column":72}},"5":{"start":{"line":11,"column":0},"end":{"line":11,"column":60}},"6":{"start":{"line":14,"column":7},"end":{"line":112,"column":null}},"7":{"start":{"line":16,"column":21},"end":{"line":16,"column":37}},"8":{"start":{"line":17,"column":21},"end":{"line":17,"column":37}},"9":{"start":{"line":18,"column":21},"end":{"line":18,"column":41}},"10":{"start":{"line":19,"column":21},"end":{"line":19,"column":37}},"11":{"start":{"line":23,"column":37},"end":{"line":34,"column":6}},"12":{"start":{"line":28,"column":39},"end":{"line":33,"column":8}},"13":{"start":{"line":36,"column":17},"end":{"line":36,"column":46}},"14":{"start":{"line":37,"column":4},"end":{"line":37,"column":41}},"15":{"start":{"line":38,"column":4},"end":{"line":41,"column":7}},"16":{"start":{"line":42,"column":4},"end":{"line":42,"column":16}},"17":{"start":{"line":46,"column":17},"end":{"line":46,"column":55}},"18":{"start":{"line":47,"column":4},"end":{"line":49,"column":5}},"19":{"start":{"line":48,"column":6},"end":{"line":48,"column":66}},"20":{"start":{"line":51,"column":4},"end":{"line":55,"column":5}},"21":{"start":{"line":52,"column":6},"end":{"line":52,"column":37}},"22":{"start":{"line":54,"column":6},"end":{"line":54,"column":77}},"23":{"start":{"line":56,"column":4},"end":{"line":56,"column":41}},"24":{"start":{"line":57,"column":4},"end":{"line":60,"column":7}},"25":{"start":{"line":61,"column":4},"end":{"line":68,"column":7}},"26":{"start":{"line":69,"column":4},"end":{"line":69,"column":16}},"27":{"start":{"line":73,"column":17},"end":{"line":73,"column":55}},"28":{"start":{"line":74,"column":4},"end":{"line":76,"column":5}},"29":{"start":{"line":75,"column":6},"end":{"line":75,"column":66}},"30":{"start":{"line":78,"column":4},"end":{"line":82,"column":5}},"31":{"start":{"line":79,"column":6},"end":{"line":79,"column":21}},"32":{"start":{"line":81,"column":6},"end":{"line":81,"column":80}},"33":{"start":{"line":83,"column":4},"end":{"line":83,"column":41}},"34":{"start":{"line":84,"column":4},"end":{"line":87,"column":7}},"35":{"start":{"line":88,"column":4},"end":{"line":94,"column":7}},"36":{"start":{"line":95,"column":4},"end":{"line":95,"column":16}},"37":{"start":{"line":99,"column":17},"end":{"line":99,"column":55}},"38":{"start":{"line":100,"column":4},"end":{"line":102,"column":5}},"39":{"start":{"line":101,"column":6},"end":{"line":101,"column":66}},"40":{"start":{"line":103,"column":4},"end":{"line":103,"column":16}},"41":{"start":{"line":107,"column":4},"end":{"line":109,"column":5}},"42":{"start":{"line":108,"column":6},"end":{"line":108,"column":54}},"43":{"start":{"line":110,"column":4},"end":{"line":110,"column":38}},"44":{"start":{"line":14,"column":13},"end":{"line":14,"column":24}},"45":{"start":{"line":14,"column":13},"end":{"line":112,"column":null}}},"fnMap":{"0":{"name":"(anonymous_2)","decl":{"start":{"line":15,"column":2},"end":{"line":15,"column":null}},"loc":{"start":{"line":19,"column":51},"end":{"line":20,"column":6}}},"1":{"name":"(anonymous_3)","decl":{"start":{"line":22,"column":2},"end":{"line":22,"column":7}},"loc":{"start":{"line":22,"column":37},"end":{"line":43,"column":3}}},"2":{"name":"(anonymous_4)","decl":{"start":{"line":28,"column":31},"end":{"line":28,"column":32}},"loc":{"start":{"line":28,"column":39},"end":{"line":33,"column":8}}},"3":{"name":"(anonymous_5)","decl":{"start":{"line":45,"column":2},"end":{"line":45,"column":7}},"loc":{"start":{"line":45,"column":27},"end":{"line":70,"column":3}}},"4":{"name":"(anonymous_6)","decl":{"start":{"line":72,"column":2},"end":{"line":72,"column":7}},"loc":{"start":{"line":72,"column":46},"end":{"line":96,"column":3}}},"5":{"name":"(anonymous_7)","decl":{"start":{"line":98,"column":2},"end":{"line":98,"column":7}},"loc":{"start":{"line":98,"column":26},"end":{"line":104,"column":3}}},"6":{"name":"(anonymous_8)","decl":{"start":{"line":106,"column":2},"end":{"line":106,"column":7}},"loc":{"start":{"line":106,"column":37},"end":{"line":111,"column":3}}}},"branchMap":{"0":{"loc":{"start":{"line":26,"column":15},"end":{"line":26,"column":57}},"type":"cond-expr","locations":[{"start":{"line":26,"column":29},"end":{"line":26,"column":50}},{"start":{"line":26,"column":53},"end":{"line":26,"column":57}}]},"1":{"loc":{"start":{"line":47,"column":4},"end":{"line":49,"column":5}},"type":"if","locations":[{"start":{"line":47,"column":4},"end":{"line":49,"column":5}}]},"2":{"loc":{"start":{"line":54,"column":36},"end":{"line":54,"column":75}},"type":"binary-expr","locations":[{"start":{"line":54,"column":36},"end":{"line":54,"column":50}},{"start":{"line":54,"column":54},"end":{"line":54,"column":75}}]},"3":{"loc":{"start":{"line":74,"column":4},"end":{"line":76,"column":5}},"type":"if","locations":[{"start":{"line":74,"column":4},"end":{"line":76,"column":5}}]},"4":{"loc":{"start":{"line":81,"column":36},"end":{"line":81,"column":78}},"type":"binary-expr","locations":[{"start":{"line":81,"column":36},"end":{"line":81,"column":50}},{"start":{"line":81,"column":54},"end":{"line":81,"column":78}}]},"5":{"loc":{"start":{"line":86,"column":63},"end":{"line":86,"column":78}},"type":"binary-expr","locations":[{"start":{"line":86,"column":63},"end":{"line":86,"column":69}},{"start":{"line":86,"column":73},"end":{"line":86,"column":78}}]},"6":{"loc":{"start":{"line":100,"column":4},"end":{"line":102,"column":5}},"type":"if","locations":[{"start":{"line":100,"column":4},"end":{"line":102,"column":5}}]},"7":{"loc":{"start":{"line":107,"column":4},"end":{"line":109,"column":5}},"type":"if","locations":[{"start":{"line":107,"column":4},"end":{"line":109,"column":5}}]}},"s":{"0":1,"1":1,"2":1,"3":1,"4":1,"5":1,"6":1,"7":5,"8":5,"9":5,"10":5,"11":5,"12":5,"13":5,"14":5,"15":5,"16":5,"17":3,"18":3,"19":0,"20":3,"21":3,"22":1,"23":2,"24":2,"25":2,"26":2,"27":1,"28":1,"29":0,"30":1,"31":1,"32":0,"33":1,"34":1,"35":1,"36":1,"37":1,"38":1,"39":1,"40":0,"41":2,"42":2,"43":0,"44":1,"45":1},"f":{"0":5,"1":5,"2":5,"3":3,"4":1,"5":1,"6":2},"b":{"0":[0,5],"1":[0],"2":[1,0],"3":[0],"4":[0,0],"5":[1,0],"6":[1],"7":[2]}}
,"/Users/gurigacaferi/Downloads/tema/src/application/bills/dto/create-bill.dto.ts": {"path":"/Users/gurigacaferi/Downloads/tema/src/application/bills/dto/create-bill.dto.ts","statementMap":{"0":{"start":{"line":1,"column":0},"end":{"line":1,"column":null}},"1":{"start":{"line":10,"column":0},"end":{"line":10,"column":13}},"2":{"start":{"line":13,"column":2},"end":{"line":13,"column":null}},"3":{"start":{"line":16,"column":2},"end":{"line":16,"column":null}},"4":{"start":{"line":19,"column":2},"end":{"line":19,"column":null}},"5":{"start":{"line":23,"column":2},"end":{"line":23,"column":null}},"6":{"start":{"line":26,"column":0},"end":{"line":26,"column":13}},"7":{"start":{"line":29,"column":2},"end":{"line":29,"column":null}},"8":{"start":{"line":32,"column":2},"end":{"line":32,"column":null}},"9":{"start":{"line":36,"column":2},"end":{"line":36,"column":null}},"10":{"start":{"line":40,"column":2},"end":{"line":40,"column":null}},"11":{"start":{"line":43,"column":2},"end":{"line":43,"column":null}}},"fnMap":{},"branchMap":{},"s":{"0":0,"1":0,"2":0,"3":0,"4":0,"5":0,"6":0,"7":0,"8":0,"9":0,"10":0,"11":0},"f":{},"b":{}}
,"/Users/gurigacaferi/Downloads/tema/src/application/events/domain-event.bus.ts": {"path":"/Users/gurigacaferi/Downloads/tema/src/application/events/domain-event.bus.ts","statementMap":{"0":{"start":{"line":1,"column":0},"end":{"line":1,"column":44}},"1":{"start":{"line":34,"column":7},"end":{"line":52,"column":null}},"2":{"start":{"line":35,"column":19},"end":{"line":35,"column":98}},"3":{"start":{"line":41,"column":17},"end":{"line":41,"column":46}},"4":{"start":{"line":42,"column":4},"end":{"line":42,"column":55}},"5":{"start":{"line":43,"column":4},"end":{"line":43,"column":34}},"6":{"start":{"line":47,"column":17},"end":{"line":47,"column":52}},"7":{"start":{"line":48,"column":4},"end":{"line":50,"column":5}},"8":{"start":{"line":49,"column":6},"end":{"line":49,"column":21}},"9":{"start":{"line":34,"column":13},"end":{"line":34,"column":27}},"10":{"start":{"line":34,"column":13},"end":{"line":52,"column":null}}},"fnMap":{"0":{"name":"(anonymous_1)","decl":{"start":{"line":34,"column":7},"end":{"line":34,"column":13}},"loc":{"start":{"line":34,"column":7},"end":{"line":52,"column":1}}},"1":{"name":"(anonymous_2)","decl":{"start":{"line":37,"column":2},"end":{"line":37,"column":11}},"loc":{"start":{"line":39,"column":63},"end":{"line":44,"column":3}}},"2":{"name":"(anonymous_3)","decl":{"start":{"line":46,"column":2},"end":{"line":46,"column":9}},"loc":{"start":{"line":46,"column":41},"end":{"line":51,"column":3}}}},"branchMap":{"0":{"loc":{"start":{"line":41,"column":17},"end":{"line":41,"column":46}},"type":"binary-expr","locations":[{"start":{"line":41,"column":17},"end":{"line":41,"column":40}},{"start":{"line":41,"column":44},"end":{"line":41,"column":46}}]},"1":{"loc":{"start":{"line":47,"column":17},"end":{"line":47,"column":52}},"type":"binary-expr","locations":[{"start":{"line":47,"column":17},"end":{"line":47,"column":46}},{"start":{"line":47,"column":50},"end":{"line":47,"column":52}}]}},"s":{"0":2,"1":2,"2":18,"3":18,"4":18,"5":18,"6":22,"7":22,"8":15,"9":2,"10":2},"f":{"0":18,"1":18,"2":22},"b":{"0":[18,17],"1":[22,8]}}
,"/Users/gurigacaferi/Downloads/tema/src/application/inventory/inventory.service.ts": {"path":"/Users/gurigacaferi/Downloads/tema/src/application/inventory/inventory.service.ts","statementMap":{"0":{"start":{"line":1,"column":0},"end":{"line":1,"column":63}},"1":{"start":{"line":2,"column":0},"end":{"line":2,"column":36}},"2":{"start":{"line":3,"column":0},"end":{"line":3,"column":72}},"3":{"start":{"line":27,"column":7},"end":{"line":159,"column":null}},"4":{"start":{"line":31,"column":31},"end":{"line":31,"column":51}},"5":{"start":{"line":28,"column":19},"end":{"line":28,"column":60}},"6":{"start":{"line":29,"column":19},"end":{"line":29,"column":68}},"7":{"start":{"line":41,"column":4},"end":{"line":43,"column":5}},"8":{"start":{"line":42,"column":6},"end":{"line":42,"column":60}},"9":{"start":{"line":45,"column":17},"end":{"line":45,"column":62}},"10":{"start":{"line":47,"column":24},"end":{"line":47,"column":62}},"11":{"start":{"line":48,"column":4},"end":{"line":50,"column":5}},"12":{"start":{"line":49,"column":6},"end":{"line":49,"column":62}},"13":{"start":{"line":51,"column":4},"end":{"line":56,"column":5}},"14":{"start":{"line":52,"column":6},"end":{"line":54,"column":7}},"15":{"start":{"line":53,"column":8},"end":{"line":53,"column":65}},"16":{"start":{"line":55,"column":6},"end":{"line":55,"column":43}},"17":{"start":{"line":58,"column":40},"end":{"line":67,"column":6}},"18":{"start":{"line":69,"column":4},"end":{"line":69,"column":39}},"19":{"start":{"line":70,"column":4},"end":{"line":70,"column":46}},"20":{"start":{"line":72,"column":4},"end":{"line":76,"column":7}},"21":{"start":{"line":78,"column":4},"end":{"line":78,"column":20}},"22":{"start":{"line":82,"column":21},"end":{"line":82,"column":43}},"23":{"start":{"line":83,"column":4},"end":{"line":85,"column":5}},"24":{"start":{"line":84,"column":6},"end":{"line":84,"column":80}},"25":{"start":{"line":86,"column":4},"end":{"line":88,"column":5}},"26":{"start":{"line":87,"column":6},"end":{"line":87,"column":61}},"27":{"start":{"line":90,"column":47},"end":{"line":90,"column":96}},"28":{"start":{"line":92,"column":21},"end":{"line":99,"column":6}},"29":{"start":{"line":101,"column":4},"end":{"line":101,"column":48}},"30":{"start":{"line":103,"column":4},"end":{"line":106,"column":7}},"31":{"start":{"line":108,"column":4},"end":{"line":108,"column":20}},"32":{"start":{"line":112,"column":18},"end":{"line":113,"column":null}},"33":{"start":{"line":113,"column":6},"end":{"line":113,"column":32}},"34":{"start":{"line":116,"column":23},"end":{"line":118,"column":null}},"35":{"start":{"line":117,"column":21},"end":{"line":117,"column":69}},"36":{"start":{"line":121,"column":4},"end":{"line":127,"column":6}},"37":{"start":{"line":125,"column":8},"end":{"line":125,"column":42}},"38":{"start":{"line":131,"column":21},"end":{"line":131,"column":40}},"39":{"start":{"line":132,"column":4},"end":{"line":134,"column":5}},"40":{"start":{"line":133,"column":6},"end":{"line":133,"column":22}},"41":{"start":{"line":136,"column":35},"end":{"line":141,"column":6}},"42":{"start":{"line":142,"column":4},"end":{"line":142,"column":33}},"43":{"start":{"line":143,"column":4},"end":{"line":143,"column":19}},"44":{"start":{"line":147,"column":4},"end":{"line":155,"column":5}},"45":{"start":{"line":148,"column":27},"end":{"line":148,"column":69}},"46":{"start":{"line":149,"column":28},"end":{"line":149,"column":65}},"47":{"start":{"line":150,"column":21},"end":{"line":150,"column":60}},"48":{"start":{"line":152,"column":6},"end":{"line":152,"column":35}},"49":{"start":{"line":153,"column":6},"end":{"line":153,"column":88}},"50":{"start":{"line":154,"column":6},"end":{"line":154,"column":13}},"51":{"start":{"line":157,"column":4},"end":{"line":157,"column":66}},"52":{"start":{"line":27,"column":13},"end":{"line":27,"column":29}},"53":{"start":{"line":27,"column":13},"end":{"line":159,"column":null}}},"fnMap":{"0":{"name":"(anonymous_2)","decl":{"start":{"line":31,"column":2},"end":{"line":31,"column":31}},"loc":{"start":{"line":31,"column":69},"end":{"line":31,"column":73}}},"1":{"name":"(anonymous_3)","decl":{"start":{"line":33,"column":2},"end":{"line":33,"column":16}},"loc":{"start":{"line":40,"column":3},"end":{"line":79,"column":3}}},"2":{"name":"(anonymous_4)","decl":{"start":{"line":81,"column":2},"end":{"line":81,"column":17}},"loc":{"start":{"line":81,"column":44},"end":{"line":109,"column":3}}},"3":{"name":"(anonymous_5)","decl":{"start":{"line":111,"column":2},"end":{"line":111,"column":14}},"loc":{"start":{"line":111,"column":14},"end":{"line":128,"column":3}}},"4":{"name":"(anonymous_6)","decl":{"start":{"line":112,"column":55},"end":{"line":112,"column":56}},"loc":{"start":{"line":113,"column":6},"end":{"line":113,"column":32}}},"5":{"name":"(anonymous_7)","decl":{"start":{"line":117,"column":6},"end":{"line":117,"column":7}},"loc":{"start":{"line":117,"column":21},"end":{"line":117,"column":69}}},"6":{"name":"(anonymous_8)","decl":{"start":{"line":124,"column":58},"end":{"line":124,"column":59}},"loc":{"start":{"line":125,"column":8},"end":{"line":125,"column":42}}},"7":{"name":"(anonymous_9)","decl":{"start":{"line":130,"column":10},"end":{"line":130,"column":20}},"loc":{"start":{"line":130,"column":53},"end":{"line":144,"column":3}}},"8":{"name":"(anonymous_10)","decl":{"start":{"line":146,"column":10},"end":{"line":146,"column":23}},"loc":{"start":{"line":146,"column":72},"end":{"line":158,"column":3}}}},"branchMap":{"0":{"loc":{"start":{"line":41,"column":4},"end":{"line":43,"column":5}},"type":"if","locations":[{"start":{"line":41,"column":4},"end":{"line":43,"column":5}}]},"1":{"loc":{"start":{"line":47,"column":24},"end":{"line":47,"column":62}},"type":"binary-expr","locations":[{"start":{"line":47,"column":24},"end":{"line":47,"column":38}},{"start":{"line":47,"column":42},"end":{"line":47,"column":62}}]},"2":{"loc":{"start":{"line":48,"column":4},"end":{"line":50,"column":5}},"type":"if","locations":[{"start":{"line":48,"column":4},"end":{"line":50,"column":5}}]},"3":{"loc":{"start":{"line":48,"column":8},"end":{"line":48,"column":53}},"type":"binary-expr","locations":[{"start":{"line":48,"column":8},"end":{"line":48,"column":32}},{"start":{"line":48,"column":36},"end":{"line":48,"column":53}}]},"4":{"loc":{"start":{"line":51,"column":4},"end":{"line":56,"column":5}},"type":"if","locations":[{"start":{"line":51,"column":4},"end":{"line":56,"column":5}}]},"5":{"loc":{"start":{"line":52,"column":6},"end":{"line":54,"column":7}},"type":"if","locations":[{"start":{"line":52,"column":6},"end":{"line":54,"column":7}}]},"6":{"loc":{"start":{"line":83,"column":4},"end":{"line":85,"column":5}},"type":"if","locations":[{"start":{"line":83,"column":4},"end":{"line":85,"column":5}}]},"7":{"loc":{"start":{"line":86,"column":4},"end":{"line":88,"column":5}},"type":"if","locations":[{"start":{"line":86,"column":4},"end":{"line":88,"column":5}}]},"8":{"loc":{"start":{"line":90,"column":47},"end":{"line":90,"column":96}},"type":"cond-expr","locations":[{"start":{"line":90,"column":77},"end":{"line":90,"column":84}},{"start":{"line":90,"column":87},"end":{"line":90,"column":96}}]},"9":{"loc":{"start":{"line":98,"column":49},"end":{"line":98,"column":64}},"type":"binary-expr","locations":[{"start":{"line":98,"column":49},"end":{"line":98,"column":55}},{"start":{"line":98,"column":59},"end":{"line":98,"column":64}}]},"10":{"loc":{"start":{"line":105,"column":70},"end":{"line":105,"column":85}},"type":"binary-expr","locations":[{"start":{"line":105,"column":70},"end":{"line":105,"column":76}},{"start":{"line":105,"column":80},"end":{"line":105,"column":85}}]},"11":{"loc":{"start":{"line":125,"column":8},"end":{"line":125,"column":42}},"type":"cond-expr","locations":[{"start":{"line":125,"column":36},"end":{"line":125,"column":38}},{"start":{"line":125,"column":41},"end":{"line":125,"column":42}}]},"12":{"loc":{"start":{"line":132,"column":4},"end":{"line":134,"column":5}},"type":"if","locations":[{"start":{"line":132,"column":4},"end":{"line":134,"column":5}}]},"13":{"loc":{"start":{"line":147,"column":4},"end":{"line":155,"column":5}},"type":"if","locations":[{"start":{"line":147,"column":4},"end":{"line":155,"column":5}}]},"14":{"loc":{"start":{"line":153,"column":29},"end":{"line":153,"column":87}},"type":"cond-expr","locations":[{"start":{"line":153,"column":44},"end":{"line":153,"column":45}},{"start":{"line":153,"column":48},"end":{"line":153,"column":87}}]}},"s":{"0":1,"1":1,"2":1,"3":1,"4":3,"5":3,"6":3,"7":6,"8":0,"9":6,"10":6,"11":6,"12":0,"13":6,"14":2,"15":1,"16":1,"17":5,"18":5,"19":5,"20":5,"21":5,"22":1,"23":1,"24":0,"25":1,"26":0,"27":1,"28":1,"29":1,"30":1,"31":1,"32":2,"33":0,"34":2,"35":2,"36":2,"37":2,"38":6,"39":6,"40":3,"41":3,"42":3,"43":3,"44":5,"45":4,"46":4,"47":4,"48":4,"49":4,"50":4,"51":1,"52":1,"53":1},"f":{"0":3,"1":6,"2":1,"3":2,"4":0,"5":2,"6":2,"7":6,"8":5},"b":{"0":[0],"1":[6,1],"2":[0],"3":[6,4],"4":[2],"5":[1],"6":[0],"7":[0],"8":[1,0],"9":[1,0],"10":[1,0],"11":[0,2],"12":[3],"13":[4],"14":[0,4]}}
,"/Users/gurigacaferi/Downloads/tema/src/application/inventory/dto/record-inventory-movement.dto.ts": {"path":"/Users/gurigacaferi/Downloads/tema/src/application/inventory/dto/record-inventory-movement.dto.ts","statementMap":{"0":{"start":{"line":1,"column":0},"end":{"line":1,"column":83}},"1":{"start":{"line":3,"column":0},"end":{"line":3,"column":13}},"2":{"start":{"line":6,"column":2},"end":{"line":6,"column":null}},"3":{"start":{"line":10,"column":2},"end":{"line":10,"column":null}},"4":{"start":{"line":13,"column":2},"end":{"line":13,"column":null}},"5":{"start":{"line":16,"column":2},"end":{"line":16,"column":null}},"6":{"start":{"line":20,"column":2},"end":{"line":20,"column":null}},"7":{"start":{"line":24,"column":2},"end":{"line":24,"column":null}}},"fnMap":{},"branchMap":{},"s":{"0":0,"1":0,"2":0,"3":0,"4":0,"5":0,"6":0,"7":0},"f":{},"b":{}}
,"/Users/gurigacaferi/Downloads/tema/src/application/invoices/invoice.service.ts": {"path":"/Users/gurigacaferi/Downloads/tema/src/application/invoices/invoice.service.ts","statementMap":{"0":{"start":{"line":1,"column":0},"end":{"line":1,"column":63}},"1":{"start":{"line":2,"column":0},"end":{"line":2,"column":36}},"2":{"start":{"line":3,"column":0},"end":{"line":3,"column":72}},"3":{"start":{"line":5,"column":0},"end":{"line":5,"column":null}},"4":{"start":{"line":6,"column":2},"end":{"line":6,"column":null}},"5":{"start":{"line":7,"column":2},"end":{"line":7,"column":null}},"6":{"start":{"line":8,"column":2},"end":{"line":8,"column":null}},"7":{"start":{"line":9,"column":2},"end":{"line":9,"column":null}},"8":{"start":{"line":29,"column":7},"end":{"line":127,"column":null}},"9":{"start":{"line":32,"column":31},"end":{"line":32,"column":51}},"10":{"start":{"line":30,"column":19},"end":{"line":30,"column":60}},"11":{"start":{"line":41,"column":4},"end":{"line":43,"column":5}},"12":{"start":{"line":42,"column":6},"end":{"line":42,"column":63}},"13":{"start":{"line":45,"column":35},"end":{"line":53,"column":6}},"14":{"start":{"line":55,"column":4},"end":{"line":55,"column":40}},"15":{"start":{"line":56,"column":4},"end":{"line":59,"column":7}},"16":{"start":{"line":61,"column":4},"end":{"line":61,"column":19}},"17":{"start":{"line":65,"column":20},"end":{"line":65,"column":36}},"18":{"start":{"line":66,"column":4},"end":{"line":68,"column":5}},"19":{"start":{"line":67,"column":6},"end":{"line":67,"column":61}},"20":{"start":{"line":70,"column":4},"end":{"line":70,"column":40}},"21":{"start":{"line":71,"column":4},"end":{"line":74,"column":7}},"22":{"start":{"line":75,"column":4},"end":{"line":75,"column":19}},"23":{"start":{"line":79,"column":20},"end":{"line":79,"column":36}},"24":{"start":{"line":80,"column":4},"end":{"line":82,"column":5}},"25":{"start":{"line":81,"column":6},"end":{"line":81,"column":60}},"26":{"start":{"line":84,"column":4},"end":{"line":84,"column":40}},"27":{"start":{"line":85,"column":4},"end":{"line":88,"column":7}},"28":{"start":{"line":89,"column":4},"end":{"line":89,"column":19}},"29":{"start":{"line":93,"column":20},"end":{"line":93,"column":36}},"30":{"start":{"line":94,"column":4},"end":{"line":96,"column":5}},"31":{"start":{"line":95,"column":6},"end":{"line":95,"column":74}},"32":{"start":{"line":98,"column":4},"end":{"line":98,"column":44}},"33":{"start":{"line":99,"column":4},"end":{"line":102,"column":7}},"34":{"start":{"line":103,"column":4},"end":{"line":103,"column":19}},"35":{"start":{"line":107,"column":4},"end":{"line":107,"column":28}},"36":{"start":{"line":111,"column":4},"end":{"line":113,"column":6}},"37":{"start":{"line":112,"column":6},"end":{"line":112,"column":40}},"38":{"start":{"line":117,"column":4},"end":{"line":117,"column":88}},"39":{"start":{"line":117,"column":47},"end":{"line":117,"column":83}},"40":{"start":{"line":121,"column":20},"end":{"line":121,"column":38}},"41":{"start":{"line":122,"column":4},"end":{"line":124,"column":5}},"42":{"start":{"line":123,"column":6},"end":{"line":123,"column":69}},"43":{"start":{"line":125,"column":4},"end":{"line":125,"column":19}},"44":{"start":{"line":29,"column":13},"end":{"line":29,"column":27}},"45":{"start":{"line":29,"column":13},"end":{"line":127,"column":null}}},"fnMap":{"0":{"name":"(anonymous_2)","decl":{"start":{"line":5,"column":0},"end":{"line":5,"column":12}},"loc":{"start":{"line":5,"column":25},"end":{"line":10,"column":1}}},"1":{"name":"(anonymous_3)","decl":{"start":{"line":32,"column":2},"end":{"line":32,"column":31}},"loc":{"start":{"line":32,"column":69},"end":{"line":32,"column":73}}},"2":{"name":"(anonymous_4)","decl":{"start":{"line":34,"column":2},"end":{"line":34,"column":13}},"loc":{"start":{"line":40,"column":3},"end":{"line":62,"column":3}}},"3":{"name":"(anonymous_5)","decl":{"start":{"line":64,"column":2},"end":{"line":64,"column":6}},"loc":{"start":{"line":64,"column":17},"end":{"line":76,"column":3}}},"4":{"name":"(anonymous_6)","decl":{"start":{"line":78,"column":2},"end":{"line":78,"column":5}},"loc":{"start":{"line":78,"column":16},"end":{"line":90,"column":3}}},"5":{"name":"(anonymous_7)","decl":{"start":{"line":92,"column":2},"end":{"line":92,"column":9}},"loc":{"start":{"line":92,"column":36},"end":{"line":104,"column":3}}},"6":{"name":"(anonymous_8)","decl":{"start":{"line":106,"column":2},"end":{"line":106,"column":5}},"loc":{"start":{"line":106,"column":16},"end":{"line":108,"column":3}}},"7":{"name":"(anonymous_9)","decl":{"start":{"line":110,"column":2},"end":{"line":110,"column":6}},"loc":{"start":{"line":110,"column":6},"end":{"line":114,"column":3}}},"8":{"name":"(anonymous_10)","decl":{"start":{"line":111,"column":48},"end":{"line":111,"column":49}},"loc":{"start":{"line":112,"column":6},"end":{"line":112,"column":40}}},"9":{"name":"(anonymous_11)","decl":{"start":{"line":116,"column":2},"end":{"line":116,"column":16}},"loc":{"start":{"line":116,"column":39},"end":{"line":118,"column":3}}},"10":{"name":"(anonymous_12)","decl":{"start":{"line":117,"column":32},"end":{"line":117,"column":33}},"loc":{"start":{"line":117,"column":47},"end":{"line":117,"column":83}}},"11":{"name":"(anonymous_13)","decl":{"start":{"line":120,"column":10},"end":{"line":120,"column":17}},"loc":{"start":{"line":120,"column":28},"end":{"line":126,"column":3}}}},"branchMap":{"0":{"loc":{"start":{"line":5,"column":12},"end":{"line":5,"column":null}},"type":"binary-expr","locations":[{"start":{"line":5,"column":12},"end":{"line":5,"column":25}},{"start":{"line":5,"column":25},"end":{"line":5,"column":null}}]},"1":{"loc":{"start":{"line":41,"column":4},"end":{"line":43,"column":5}},"type":"if","locations":[{"start":{"line":41,"column":4},"end":{"line":43,"column":5}}]},"2":{"loc":{"start":{"line":49,"column":15},"end":{"line":49,"column":38}},"type":"binary-expr","locations":[{"start":{"line":49,"column":15},"end":{"line":49,"column":30}},{"start":{"line":49,"column":34},"end":{"line":49,"column":38}}]},"3":{"loc":{"start":{"line":66,"column":4},"end":{"line":68,"column":5}},"type":"if","locations":[{"start":{"line":66,"column":4},"end":{"line":68,"column":5}}]},"4":{"loc":{"start":{"line":80,"column":4},"end":{"line":82,"column":5}},"type":"if","locations":[{"start":{"line":80,"column":4},"end":{"line":82,"column":5}}]},"5":{"loc":{"start":{"line":94,"column":4},"end":{"line":96,"column":5}},"type":"if","locations":[{"start":{"line":94,"column":4},"end":{"line":96,"column":5}}]},"6":{"loc":{"start":{"line":94,"column":8},"end":{"line":94,"column":86}},"type":"binary-expr","locations":[{"start":{"line":94,"column":8},"end":{"line":94,"column":45}},{"start":{"line":94,"column":49},"end":{"line":94,"column":86}}]},"7":{"loc":{"start":{"line":101,"column":69},"end":{"line":101,"column":84}},"type":"binary-expr","locations":[{"start":{"line":101,"column":69},"end":{"line":101,"column":75}},{"start":{"line":101,"column":79},"end":{"line":101,"column":84}}]},"8":{"loc":{"start":{"line":112,"column":6},"end":{"line":112,"column":40}},"type":"cond-expr","locations":[{"start":{"line":112,"column":34},"end":{"line":112,"column":36}},{"start":{"line":112,"column":39},"end":{"line":112,"column":40}}]},"9":{"loc":{"start":{"line":122,"column":4},"end":{"line":124,"column":5}},"type":"if","locations":[{"start":{"line":122,"column":4},"end":{"line":124,"column":5}}]}},"s":{"0":0,"1":0,"2":0,"3":0,"4":0,"5":0,"6":0,"7":0,"8":0,"9":0,"10":0,"11":0,"12":0,"13":0,"14":0,"15":0,"16":0,"17":0,"18":0,"19":0,"20":0,"21":0,"22":0,"23":0,"24":0,"25":0,"26":0,"27":0,"28":0,"29":0,"30":0,"31":0,"32":0,"33":0,"34":0,"35":0,"36":0,"37":0,"38":0,"39":0,"40":0,"41":0,"42":0,"43":0,"44":0,"45":0},"f":{"0":0,"1":0,"2":0,"3":0,"4":0,"5":0,"6":0,"7":0,"8":0,"9":0,"10":0,"11":0},"b":{"0":[0,0],"1":[0],"2":[0,0],"3":[0],"4":[0],"5":[0],"6":[0,0],"7":[0,0],"8":[0,0],"9":[0]}}
,"/Users/gurigacaferi/Downloads/tema/src/application/invoices/dto/create-invoice.dto.ts": {"path":"/Users/gurigacaferi/Downloads/tema/src/application/invoices/dto/create-invoice.dto.ts","statementMap":{"0":{"start":{"line":1,"column":0},"end":{"line":1,"column":null}},"1":{"start":{"line":10,"column":0},"end":{"line":10,"column":13}},"2":{"start":{"line":13,"column":2},"end":{"line":13,"column":null}},"3":{"start":{"line":16,"column":2},"end":{"line":16,"column":null}},"4":{"start":{"line":19,"column":2},"end":{"line":19,"column":null}},"5":{"start":{"line":22,"column":0},"end":{"line":22,"column":13}},"6":{"start":{"line":25,"column":2},"end":{"line":25,"column":null}},"7":{"start":{"line":28,"column":2},"end":{"line":28,"column":null}},"8":{"start":{"line":32,"column":2},"end":{"line":32,"column":null}},"9":{"start":{"line":36,"column":2},"end":{"line":36,"column":null}},"10":{"start":{"line":39,"column":2},"end":{"line":39,"column":null}}},"fnMap":{},"branchMap":{},"s":{"0":0,"1":0,"2":0,"3":0,"4":0,"5":0,"6":0,"7":0,"8":0,"9":0,"10":0},"f":{},"b":{}}
,"/Users/gurigacaferi/Downloads/tema/src/application/ledger/ledger-integration.service.ts": {"path":"/Users/gurigacaferi/Downloads/tema/src/application/ledger/ledger-integration.service.ts","statementMap":{"0":{"start":{"line":1,"column":0},"end":{"line":1,"column":58}},"1":{"start":{"line":2,"column":0},"end":{"line":2,"column":36}},"2":{"start":{"line":3,"column":0},"end":{"line":3,"column":null}},"3":{"start":{"line":9,"column":0},"end":{"line":9,"column":72}},"4":{"start":{"line":33,"column":7},"end":{"line":139,"column":null}},"5":{"start":{"line":37,"column":21},"end":{"line":37,"column":37}},"6":{"start":{"line":38,"column":21},"end":{"line":38,"column":41}},"7":{"start":{"line":34,"column":19},"end":{"line":34,"column":48}},"8":{"start":{"line":42,"column":4},"end":{"line":42,"column":85}},"9":{"start":{"line":42,"column":59},"end":{"line":42,"column":83}},"10":{"start":{"line":43,"column":4},"end":{"line":43,"column":89}},"11":{"start":{"line":43,"column":61},"end":{"line":43,"column":87}},"12":{"start":{"line":47,"column":4},"end":{"line":49,"column":50}},"13":{"start":{"line":48,"column":25},"end":{"line":48,"column":54}},"14":{"start":{"line":49,"column":23},"end":{"line":49,"column":47}},"15":{"start":{"line":53,"column":22},"end":{"line":53,"column":38}},"16":{"start":{"line":54,"column":4},"end":{"line":57,"column":6}},"17":{"start":{"line":61,"column":32},"end":{"line":71,"column":6}},"18":{"start":{"line":73,"column":4},"end":{"line":73,"column":29}},"19":{"start":{"line":75,"column":4},"end":{"line":78,"column":7}},"20":{"start":{"line":80,"column":50},"end":{"line":86,"column":6}},"21":{"start":{"line":88,"column":4},"end":{"line":88,"column":46}},"22":{"start":{"line":92,"column":21},"end":{"line":96,"column":null}},"23":{"start":{"line":94,"column":8},"end":{"line":96,"column":25}},"24":{"start":{"line":99,"column":4},"end":{"line":105,"column":5}},"25":{"start":{"line":100,"column":6},"end":{"line":103,"column":9}},"26":{"start":{"line":104,"column":6},"end":{"line":104,"column":13}},"27":{"start":{"line":107,"column":33},"end":{"line":118,"column":6}},"28":{"start":{"line":113,"column":43},"end":{"line":117,"column":8}},"29":{"start":{"line":120,"column":4},"end":{"line":120,"column":36}},"30":{"start":{"line":121,"column":4},"end":{"line":121,"column":30}},"31":{"start":{"line":123,"column":4},"end":{"line":127,"column":7}},"32":{"start":{"line":129,"column":50},"end":{"line":135,"column":6}},"33":{"start":{"line":137,"column":4},"end":{"line":137,"column":46}},"34":{"start":{"line":33,"column":13},"end":{"line":33,"column":37}},"35":{"start":{"line":33,"column":13},"end":{"line":139,"column":null}}},"fnMap":{"0":{"name":"(anonymous_2)","decl":{"start":{"line":36,"column":2},"end":{"line":36,"column":null}},"loc":{"start":{"line":38,"column":59},"end":{"line":39,"column":6}}},"1":{"name":"(anonymous_3)","decl":{"start":{"line":41,"column":2},"end":{"line":41,"column":14}},"loc":{"start":{"line":41,"column":14},"end":{"line":44,"column":3}}},"2":{"name":"(anonymous_4)","decl":{"start":{"line":42,"column":48},"end":{"line":42,"column":49}},"loc":{"start":{"line":42,"column":59},"end":{"line":42,"column":83}}},"3":{"name":"(anonymous_5)","decl":{"start":{"line":43,"column":50},"end":{"line":43,"column":51}},"loc":{"start":{"line":43,"column":61},"end":{"line":43,"column":87}}},"4":{"name":"(anonymous_6)","decl":{"start":{"line":46,"column":2},"end":{"line":46,"column":24}},"loc":{"start":{"line":46,"column":42},"end":{"line":50,"column":3}}},"5":{"name":"(anonymous_7)","decl":{"start":{"line":48,"column":14},"end":{"line":48,"column":15}},"loc":{"start":{"line":48,"column":25},"end":{"line":48,"column":54}}},"6":{"name":"(anonymous_8)","decl":{"start":{"line":49,"column":12},"end":{"line":49,"column":13}},"loc":{"start":{"line":49,"column":23},"end":{"line":49,"column":47}}},"7":{"name":"(anonymous_9)","decl":{"start":{"line":52,"column":2},"end":{"line":52,"column":21}},"loc":{"start":{"line":52,"column":36},"end":{"line":58,"column":3}}},"8":{"name":"(anonymous_10)","decl":{"start":{"line":60,"column":10},"end":{"line":60,"column":22}},"loc":{"start":{"line":60,"column":45},"end":{"line":89,"column":3}}},"9":{"name":"(anonymous_11)","decl":{"start":{"line":91,"column":10},"end":{"line":91,"column":24}},"loc":{"start":{"line":91,"column":49},"end":{"line":138,"column":3}}},"10":{"name":"(anonymous_12)","decl":{"start":{"line":93,"column":6},"end":{"line":93,"column":7}},"loc":{"start":{"line":94,"column":8},"end":{"line":96,"column":25}}},"11":{"name":"(anonymous_13)","decl":{"start":{"line":113,"column":32},"end":{"line":113,"column":33}},"loc":{"start":{"line":113,"column":43},"end":{"line":117,"column":8}}}},"branchMap":{"0":{"loc":{"start":{"line":49,"column":23},"end":{"line":49,"column":47}},"type":"cond-expr","locations":[{"start":{"line":49,"column":41},"end":{"line":49,"column":43}},{"start":{"line":49,"column":46},"end":{"line":49,"column":47}}]},"1":{"loc":{"start":{"line":94,"column":8},"end":{"line":96,"column":25}},"type":"binary-expr","locations":[{"start":{"line":94,"column":8},"end":{"line":94,"column":51}},{"start":{"line":95,"column":8},"end":{"line":95,"column":33}},{"start":{"line":96,"column":8},"end":{"line":96,"column":25}}]},"2":{"loc":{"start":{"line":99,"column":4},"end":{"line":105,"column":5}},"type":"if","locations":[{"start":{"line":99,"column":4},"end":{"line":105,"column":5}}]},"3":{"loc":{"start":{"line":126,"column":26},"end":{"line":126,"column":44}},"type":"binary-expr","locations":[{"start":{"line":126,"column":26},"end":{"line":126,"column":38}},{"start":{"line":126,"column":42},"end":{"line":126,"column":44}}]}},"s":{"0":1,"1":1,"2":1,"3":1,"4":1,"5":4,"6":4,"7":4,"8":4,"9":3,"10":4,"11":2,"12":3,"13":5,"14":2,"15":3,"16":3,"17":3,"18":3,"19":3,"20":3,"21":3,"22":2,"23":2,"24":2,"25":0,"26":0,"27":2,"28":4,"29":2,"30":2,"31":2,"32":2,"33":2,"34":1,"35":1},"f":{"0":4,"1":4,"2":3,"3":2,"4":3,"5":5,"6":2,"7":3,"8":3,"9":2,"10":2,"11":4},"b":{"0":[0,2],"1":[2,2,2],"2":[0],"3":[2,0]}}
,"/Users/gurigacaferi/Downloads/tema/src/application/operations/activity-log.service.ts": {"path":"/Users/gurigacaferi/Downloads/tema/src/application/operations/activity-log.service.ts","statementMap":{"0":{"start":{"line":1,"column":0},"end":{"line":1,"column":44}},"1":{"start":{"line":2,"column":0},"end":{"line":2,"column":36}},"2":{"start":{"line":14,"column":7},"end":{"line":42,"column":null}},"3":{"start":{"line":15,"column":19},"end":{"line":15,"column":52}},"4":{"start":{"line":25,"column":36},"end":{"line":32,"column":6}},"5":{"start":{"line":34,"column":4},"end":{"line":34,"column":32}},"6":{"start":{"line":35,"column":4},"end":{"line":35,"column":29}},"7":{"start":{"line":36,"column":4},"end":{"line":36,"column":17}},"8":{"start":{"line":40,"column":4},"end":{"line":40,"column":68}},"9":{"start":{"line":14,"column":13},"end":{"line":14,"column":31}},"10":{"start":{"line":14,"column":13},"end":{"line":42,"column":null}}},"fnMap":{"0":{"name":"(anonymous_1)","decl":{"start":{"line":14,"column":7},"end":{"line":14,"column":13}},"loc":{"start":{"line":14,"column":7},"end":{"line":42,"column":1}}},"1":{"name":"(anonymous_2)","decl":{"start":{"line":17,"column":2},"end":{"line":17,"column":8}},"loc":{"start":{"line":23,"column":5},"end":{"line":37,"column":3}}},"2":{"name":"(anonymous_3)","decl":{"start":{"line":39,"column":2},"end":{"line":39,"column":6}},"loc":{"start":{"line":39,"column":17},"end":{"line":41,"column":3}}}},"branchMap":{"0":{"loc":{"start":{"line":39,"column":7},"end":{"line":39,"column":17}},"type":"default-arg","locations":[{"start":{"line":39,"column":15},"end":{"line":39,"column":17}}]}},"s":{"0":3,"1":3,"2":3,"3":12,"4":19,"5":19,"6":19,"7":19,"8":0,"9":3,"10":3},"f":{"0":12,"1":19,"2":0},"b":{"0":[0]}}
,"/Users/gurigacaferi/Downloads/tema/src/application/operations/dto/create-activity.dto.ts": {"path":"/Users/gurigacaferi/Downloads/tema/src/application/operations/dto/create-activity.dto.ts","statementMap":{"0":{"start":{"line":1,"column":0},"end":{"line":1,"column":67}},"1":{"start":{"line":3,"column":0},"end":{"line":3,"column":13}},"2":{"start":{"line":6,"column":2},"end":{"line":6,"column":null}},"3":{"start":{"line":10,"column":2},"end":{"line":10,"column":null}},"4":{"start":{"line":14,"column":2},"end":{"line":14,"column":null}}},"fnMap":{},"branchMap":{},"s":{"0":0,"1":0,"2":0,"3":0,"4":0},"f":{},"b":{}}
,"/Users/gurigacaferi/Downloads/tema/src/application/operations/dto/storno.dto.ts": {"path":"/Users/gurigacaferi/Downloads/tema/src/application/operations/dto/storno.dto.ts","statementMap":{"0":{"start":{"line":1,"column":0},"end":{"line":1,"column":61}},"1":{"start":{"line":3,"column":0},"end":{"line":3,"column":13}},"2":{"start":{"line":5,"column":2},"end":{"line":5,"column":null}},"3":{"start":{"line":9,"column":2},"end":{"line":9,"column":null}},"4":{"start":{"line":13,"column":2},"end":{"line":13,"column":null}}},"fnMap":{},"branchMap":{},"s":{"0":0,"1":0,"2":0,"3":0,"4":0},"f":{},"b":{}}
,"/Users/gurigacaferi/Downloads/tema/src/domain/bills/fatura-hyrese.aggregate.ts": {"path":"/Users/gurigacaferi/Downloads/tema/src/domain/bills/fatura-hyrese.aggregate.ts","statementMap":{"0":{"start":{"line":1,"column":0},"end":{"line":1,"column":36}},"1":{"start":{"line":4,"column":0},"end":{"line":4,"column":null}},"2":{"start":{"line":5,"column":2},"end":{"line":5,"column":null}},"3":{"start":{"line":6,"column":2},"end":{"line":6,"column":null}},"4":{"start":{"line":7,"column":2},"end":{"line":7,"column":null}},"5":{"start":{"line":24,"column":4},"end":{"line":26,"column":5}},"6":{"start":{"line":25,"column":6},"end":{"line":25,"column":60}},"7":{"start":{"line":27,"column":4},"end":{"line":29,"column":5}},"8":{"start":{"line":28,"column":6},"end":{"line":28,"column":71}},"9":{"start":{"line":30,"column":4},"end":{"line":32,"column":5}},"10":{"start":{"line":31,"column":6},"end":{"line":31,"column":66}},"11":{"start":{"line":34,"column":4},"end":{"line":34,"column":41}},"12":{"start":{"line":35,"column":4},"end":{"line":35,"column":35}},"13":{"start":{"line":36,"column":4},"end":{"line":36,"column":37}},"14":{"start":{"line":37,"column":4},"end":{"line":37,"column":45}},"15":{"start":{"line":41,"column":4},"end":{"line":41,"column":42}},"16":{"start":{"line":17,"column":0},"end":{"line":17,"column":13}},"17":{"start":{"line":68,"column":4},"end":{"line":70,"column":5}},"18":{"start":{"line":69,"column":6},"end":{"line":69,"column":49}},"19":{"start":{"line":71,"column":4},"end":{"line":73,"column":5}},"20":{"start":{"line":72,"column":6},"end":{"line":72,"column":49}},"21":{"start":{"line":74,"column":4},"end":{"line":76,"column":5}},"22":{"start":{"line":75,"column":6},"end":{"line":75,"column":47}},"23":{"start":{"line":77,"column":4},"end":{"line":79,"column":5}},"24":{"start":{"line":78,"column":6},"end":{"line":78,"column":61}},"25":{"start":{"line":81,"column":4},"end":{"line":81,"column":17}},"26":{"start":{"line":82,"column":4},"end":{"line":82,"column":39}},"27":{"start":{"line":83,"column":4},"end":{"line":83,"column":37}},"28":{"start":{"line":84,"column":4},"end":{"line":84,"column":41}},"29":{"start":{"line":85,"column":4},"end":{"line":85,"column":35}},"30":{"start":{"line":86,"column":4},"end":{"line":86,"column":26}},"31":{"start":{"line":87,"column":4},"end":{"line":87,"column":58}},"32":{"start":{"line":87,"column":41},"end":{"line":87,"column":56}},"33":{"start":{"line":91,"column":15},"end":{"line":91,"column":23}},"34":{"start":{"line":92,"column":4},"end":{"line":92,"column":57}},"35":{"start":{"line":100,"column":4},"end":{"line":100,"column":47}},"36":{"start":{"line":104,"column":4},"end":{"line":104,"column":24}},"37":{"start":{"line":108,"column":4},"end":{"line":108,"column":23}},"38":{"start":{"line":112,"column":4},"end":{"line":112,"column":70}},"39":{"start":{"line":112,"column":45},"end":{"line":112,"column":65}},"40":{"start":{"line":116,"column":4},"end":{"line":118,"column":5}},"41":{"start":{"line":117,"column":6},"end":{"line":117,"column":68}},"42":{"start":{"line":119,"column":4},"end":{"line":121,"column":5}},"43":{"start":{"line":120,"column":6},"end":{"line":120,"column":56}},"44":{"start":{"line":125,"column":4},"end":{"line":125,"column":25}},"45":{"start":{"line":126,"column":4},"end":{"line":126,"column":41}},"46":{"start":{"line":130,"column":4},"end":{"line":134,"column":5}},"47":{"start":{"line":131,"column":6},"end":{"line":133,"column":8}},"48":{"start":{"line":136,"column":19},"end":{"line":136,"column":58}},"49":{"start":{"line":136,"column":42},"end":{"line":136,"column":57}},"50":{"start":{"line":137,"column":4},"end":{"line":137,"column":54}},"51":{"start":{"line":139,"column":4},"end":{"line":139,"column":37}},"52":{"start":{"line":143,"column":4},"end":{"line":143,"column":32}},"53":{"start":{"line":147,"column":4},"end":{"line":147,"column":32}},"54":{"start":{"line":151,"column":4},"end":{"line":155,"column":5}},"55":{"start":{"line":152,"column":6},"end":{"line":154,"column":8}},"56":{"start":{"line":156,"column":4},"end":{"line":156,"column":39}},"57":{"start":{"line":53,"column":0},"end":{"line":53,"column":13}}},"fnMap":{"0":{"name":"(anonymous_0)","decl":{"start":{"line":4,"column":0},"end":{"line":4,"column":12}},"loc":{"start":{"line":4,"column":22},"end":{"line":8,"column":1}}},"1":{"name":"(anonymous_1)","decl":{"start":{"line":23,"column":2},"end":{"line":23,"column":14}},"loc":{"start":{"line":23,"column":34},"end":{"line":38,"column":3}}},"2":{"name":"(anonymous_2)","decl":{"start":{"line":40,"column":2},"end":{"line":40,"column":6}},"loc":{"start":{"line":40,"column":15},"end":{"line":42,"column":3}}},"3":{"name":"(anonymous_3)","decl":{"start":{"line":63,"column":2},"end":{"line":63,"column":null}},"loc":{"start":{"line":66,"column":41},"end":{"line":88,"column":3}}},"4":{"name":"(anonymous_4)","decl":{"start":{"line":87,"column":34},"end":{"line":87,"column":35}},"loc":{"start":{"line":87,"column":41},"end":{"line":87,"column":56}}},"5":{"name":"(anonymous_5)","decl":{"start":{"line":90,"column":2},"end":{"line":90,"column":8}},"loc":{"start":{"line":90,"column":43},"end":{"line":93,"column":3}}},"6":{"name":"(anonymous_6)","decl":{"start":{"line":95,"column":2},"end":{"line":95,"column":8}},"loc":{"start":{"line":98,"column":22},"end":{"line":101,"column":3}}},"7":{"name":"(anonymous_7)","decl":{"start":{"line":103,"column":2},"end":{"line":103,"column":6}},"loc":{"start":{"line":103,"column":12},"end":{"line":105,"column":3}}},"8":{"name":"(anonymous_8)","decl":{"start":{"line":107,"column":2},"end":{"line":107,"column":6}},"loc":{"start":{"line":107,"column":11},"end":{"line":109,"column":3}}},"9":{"name":"(anonymous_9)","decl":{"start":{"line":111,"column":2},"end":{"line":111,"column":6}},"loc":{"start":{"line":111,"column":20},"end":{"line":113,"column":3}}},"10":{"name":"(anonymous_10)","decl":{"start":{"line":112,"column":30},"end":{"line":112,"column":31}},"loc":{"start":{"line":112,"column":45},"end":{"line":112,"column":65}}},"11":{"name":"(anonymous_11)","decl":{"start":{"line":115,"column":10},"end":{"line":115,"column":23}},"loc":{"start":{"line":115,"column":23},"end":{"line":122,"column":3}}},"12":{"name":"(anonymous_12)","decl":{"start":{"line":124,"column":2},"end":{"line":124,"column":9}},"loc":{"start":{"line":124,"column":29},"end":{"line":127,"column":3}}},"13":{"name":"(anonymous_13)","decl":{"start":{"line":129,"column":10},"end":{"line":129,"column":16}},"loc":{"start":{"line":129,"column":47},"end":{"line":140,"column":3}}},"14":{"name":"(anonymous_14)","decl":{"start":{"line":136,"column":35},"end":{"line":136,"column":36}},"loc":{"start":{"line":136,"column":42},"end":{"line":136,"column":57}}},"15":{"name":"(anonymous_15)","decl":{"start":{"line":142,"column":2},"end":{"line":142,"column":6}},"loc":{"start":{"line":142,"column":37},"end":{"line":144,"column":3}}},"16":{"name":"(anonymous_16)","decl":{"start":{"line":146,"column":2},"end":{"line":146,"column":6}},"loc":{"start":{"line":146,"column":37},"end":{"line":148,"column":3}}},"17":{"name":"(anonymous_17)","decl":{"start":{"line":150,"column":2},"end":{"line":150,"column":9}},"loc":{"start":{"line":150,"column":9},"end":{"line":157,"column":3}}}},"branchMap":{"0":{"loc":{"start":{"line":4,"column":12},"end":{"line":4,"column":null}},"type":"binary-expr","locations":[{"start":{"line":4,"column":12},"end":{"line":4,"column":22}},{"start":{"line":4,"column":22},"end":{"line":4,"column":null}}]},"1":{"loc":{"start":{"line":24,"column":4},"end":{"line":26,"column":5}},"type":"if","locations":[{"start":{"line":24,"column":4},"end":{"line":26,"column":5}}]},"2":{"loc":{"start":{"line":24,"column":8},"end":{"line":24,"column":55}},"type":"binary-expr","locations":[{"start":{"line":24,"column":8},"end":{"line":24,"column":26}},{"start":{"line":24,"column":30},"end":{"line":24,"column":55}}]},"3":{"loc":{"start":{"line":27,"column":4},"end":{"line":29,"column":5}},"type":"if","locations":[{"start":{"line":27,"column":4},"end":{"line":29,"column":5}}]},"4":{"loc":{"start":{"line":30,"column":4},"end":{"line":32,"column":5}},"type":"if","locations":[{"start":{"line":30,"column":4},"end":{"line":32,"column":5}}]},"5":{"loc":{"start":{"line":66,"column":4},"end":{"line":66,"column":41}},"type":"default-arg","locations":[{"start":{"line":66,"column":25},"end":{"line":66,"column":41}}]},"6":{"loc":{"start":{"line":68,"column":4},"end":{"line":70,"column":5}},"type":"if","locations":[{"start":{"line":68,"column":4},"end":{"line":70,"column":5}}]},"7":{"loc":{"start":{"line":68,"column":8},"end":{"line":68,"column":53}},"type":"binary-expr","locations":[{"start":{"line":68,"column":8},"end":{"line":68,"column":25}},{"start":{"line":68,"column":29},"end":{"line":68,"column":53}}]},"8":{"loc":{"start":{"line":71,"column":4},"end":{"line":73,"column":5}},"type":"if","locations":[{"start":{"line":71,"column":4},"end":{"line":73,"column":5}}]},"9":{"loc":{"start":{"line":74,"column":4},"end":{"line":76,"column":5}},"type":"if","locations":[{"start":{"line":74,"column":4},"end":{"line":76,"column":5}}]},"10":{"loc":{"start":{"line":74,"column":8},"end":{"line":74,"column":49}},"type":"binary-expr","locations":[{"start":{"line":74,"column":8},"end":{"line":74,"column":23}},{"start":{"line":74,"column":27},"end":{"line":74,"column":49}}]},"11":{"loc":{"start":{"line":77,"column":4},"end":{"line":79,"column":5}},"type":"if","locations":[{"start":{"line":77,"column":4},"end":{"line":79,"column":5}}]},"12":{"loc":{"start":{"line":77,"column":8},"end":{"line":77,"column":48}},"type":"binary-expr","locations":[{"start":{"line":77,"column":8},"end":{"line":77,"column":20}},{"start":{"line":77,"column":24},"end":{"line":77,"column":48}}]},"13":{"loc":{"start":{"line":84,"column":19},"end":{"line":84,"column":40}},"type":"binary-expr","locations":[{"start":{"line":84,"column":19},"end":{"line":84,"column":32}},{"start":{"line":84,"column":36},"end":{"line":84,"column":40}}]},"14":{"loc":{"start":{"line":116,"column":4},"end":{"line":118,"column":5}},"type":"if","locations":[{"start":{"line":116,"column":4},"end":{"line":118,"column":5}}]},"15":{"loc":{"start":{"line":119,"column":4},"end":{"line":121,"column":5}},"type":"if","locations":[{"start":{"line":119,"column":4},"end":{"line":121,"column":5}}]},"16":{"loc":{"start":{"line":130,"column":4},"end":{"line":134,"column":5}},"type":"if","locations":[{"start":{"line":130,"column":4},"end":{"line":134,"column":5}}]},"17":{"loc":{"start":{"line":151,"column":4},"end":{"line":155,"column":5}},"type":"if","locations":[{"start":{"line":151,"column":4},"end":{"line":155,"column":5}}]}},"s":{"0":1,"1":1,"2":1,"3":1,"4":1,"5":5,"6":0,"7":5,"8":0,"9":5,"10":0,"11":5,"12":5,"13":5,"14":5,"15":3,"16":1,"17":5,"18":0,"19":5,"20":0,"21":5,"22":0,"23":5,"24":0,"25":5,"26":5,"27":5,"28":5,"29":5,"30":5,"31":5,"32":5,"33":5,"34":5,"35":0,"36":7,"37":0,"38":3,"39":3,"40":0,"41":0,"42":0,"43":0,"44":0,"45":0,"46":3,"47":0,"48":3,"49":3,"50":3,"51":2,"52":3,"53":0,"54":1,"55":0,"56":1,"57":1},"f":{"0":1,"1":5,"2":3,"3":5,"4":5,"5":5,"6":0,"7":7,"8":0,"9":3,"10":3,"11":0,"12":0,"13":3,"14":3,"15":3,"16":0,"17":1},"b":{"0":[1,1],"1":[0],"2":[5,5],"3":[0],"4":[0],"5":[0],"6":[0],"7":[5,5],"8":[0],"9":[0],"10":[5,5],"11":[0],"12":[5,5],"13":[5,5],"14":[0],"15":[0],"16":[0],"17":[0]}}
,"/Users/gurigacaferi/Downloads/tema/src/domain/services/tax-rule.service.ts": {"path":"/Users/gurigacaferi/Downloads/tema/src/domain/services/tax-rule.service.ts","statementMap":{"0":{"start":{"line":1,"column":0},"end":{"line":1,"column":44}},"1":{"start":{"line":4,"column":7},"end":{"line":8,"column":null}},"2":{"start":{"line":6,"column":4},"end":{"line":6,"column":14}},"3":{"start":{"line":4,"column":13},"end":{"line":4,"column":27}},"4":{"start":{"line":4,"column":13},"end":{"line":8,"column":null}}},"fnMap":{"0":{"name":"(anonymous_1)","decl":{"start":{"line":5,"column":2},"end":{"line":5,"column":13}},"loc":{"start":{"line":5,"column":13},"end":{"line":7,"column":3}}}},"branchMap":{},"s":{"0":0,"1":0,"2":0,"3":0,"4":0},"f":{"0":0},"b":{}}
,"/Users/gurigacaferi/Downloads/tema/src/domain/tax/tax-rule.service.ts": {"path":"/Users/gurigacaferi/Downloads/tema/src/domain/tax/tax-rule.service.ts","statementMap":{"0":{"start":{"line":1,"column":0},"end":{"line":1,"column":58}},"1":{"start":{"line":17,"column":7},"end":{"line":63,"column":null}},"2":{"start":{"line":18,"column":19},"end":{"line":18,"column":61}},"3":{"start":{"line":21,"column":33},"end":{"line":25,"column":6}},"4":{"start":{"line":27,"column":4},"end":{"line":29,"column":5}},"5":{"start":{"line":28,"column":6},"end":{"line":28,"column":36}},"6":{"start":{"line":33,"column":4},"end":{"line":33,"column":43}},"7":{"start":{"line":37,"column":4},"end":{"line":37,"column":30}},"8":{"start":{"line":41,"column":4},"end":{"line":41,"column":47}},"9":{"start":{"line":45,"column":20},"end":{"line":45,"column":59}},"10":{"start":{"line":45,"column":39},"end":{"line":45,"column":58}},"11":{"start":{"line":46,"column":4},"end":{"line":53,"column":5}},"12":{"start":{"line":47,"column":22},"end":{"line":47,"column":62}},"13":{"start":{"line":48,"column":6},"end":{"line":52,"column":8}},"14":{"start":{"line":58,"column":4},"end":{"line":58,"column":23}},"15":{"start":{"line":59,"column":4},"end":{"line":61,"column":5}},"16":{"start":{"line":60,"column":6},"end":{"line":60,"column":36}},"17":{"start":{"line":17,"column":13},"end":{"line":17,"column":27}},"18":{"start":{"line":17,"column":13},"end":{"line":63,"column":null}}},"fnMap":{"0":{"name":"(anonymous_1)","decl":{"start":{"line":17,"column":7},"end":{"line":17,"column":13}},"loc":{"start":{"line":17,"column":7},"end":{"line":63,"column":1}}},"1":{"name":"(anonymous_2)","decl":{"start":{"line":20,"column":2},"end":{"line":20,"column":14}},"loc":{"start":{"line":20,"column":14},"end":{"line":30,"column":3}}},"2":{"name":"(anonymous_3)","decl":{"start":{"line":32,"column":2},"end":{"line":32,"column":8}},"loc":{"start":{"line":32,"column":8},"end":{"line":34,"column":3}}},"3":{"name":"(anonymous_4)","decl":{"start":{"line":36,"column":2},"end":{"line":36,"column":9}},"loc":{"start":{"line":36,"column":27},"end":{"line":38,"column":3}}},"4":{"name":"(anonymous_5)","decl":{"start":{"line":40,"column":2},"end":{"line":40,"column":11}},"loc":{"start":{"line":40,"column":22},"end":{"line":42,"column":3}}},"5":{"name":"(anonymous_6)","decl":{"start":{"line":44,"column":2},"end":{"line":44,"column":16}},"loc":{"start":{"line":44,"column":30},"end":{"line":54,"column":3}}},"6":{"name":"(anonymous_7)","decl":{"start":{"line":45,"column":31},"end":{"line":45,"column":32}},"loc":{"start":{"line":45,"column":39},"end":{"line":45,"column":58}}},"7":{"name":"(anonymous_8)","decl":{"start":{"line":57,"column":2},"end":{"line":57,"column":14}},"loc":{"start":{"line":57,"column":34},"end":{"line":62,"column":3}}}},"branchMap":{"0":{"loc":{"start":{"line":46,"column":4},"end":{"line":53,"column":5}},"type":"if","locations":[{"start":{"line":46,"column":4},"end":{"line":53,"column":5}}]}},"s":{"0":1,"1":1,"2":5,"3":5,"4":5,"5":15,"6":0,"7":0,"8":3,"9":3,"10":3,"11":3,"12":1,"13":1,"14":0,"15":0,"16":0,"17":1,"18":1},"f":{"0":5,"1":5,"2":0,"3":0,"4":3,"5":3,"6":3,"7":0},"b":{"0":[1]}}
,"/Users/gurigacaferi/Downloads/tema/src/infrastructure/controllers/health.controller.ts": {"path":"/Users/gurigacaferi/Downloads/tema/src/infrastructure/controllers/health.controller.ts","statementMap":{"0":{"start":{"line":1,"column":0},"end":{"line":1,"column":49}},"1":{"start":{"line":4,"column":7},"end":{"line":9,"column":null}},"2":{"start":{"line":7,"column":4},"end":{"line":7,"column":28}},"3":{"start":{"line":4,"column":13},"end":{"line":4,"column":29}},"4":{"start":{"line":6,"column":2},"end":{"line":8,"column":null}},"5":{"start":{"line":4,"column":13},"end":{"line":9,"column":null}}},"fnMap":{"0":{"name":"(anonymous_2)","decl":{"start":{"line":6,"column":2},"end":{"line":6,"column":11}},"loc":{"start":{"line":6,"column":11},"end":{"line":8,"column":3}}}},"branchMap":{},"s":{"0":0,"1":0,"2":0,"3":0,"4":0,"5":0},"f":{"0":0},"b":{}}
,"/Users/gurigacaferi/Downloads/tema/src/infrastructure/http/bills.controller.ts": {"path":"/Users/gurigacaferi/Downloads/tema/src/infrastructure/http/bills.controller.ts","statementMap":{"0":{"start":{"line":1,"column":0},"end":{"line":1,"column":75}},"1":{"start":{"line":2,"column":0},"end":{"line":2,"column":67}},"2":{"start":{"line":3,"column":0},"end":{"line":3,"column":76}},"3":{"start":{"line":4,"column":0},"end":{"line":4,"column":72}},"4":{"start":{"line":5,"column":0},"end":{"line":5,"column":55}},"5":{"start":{"line":10,"column":2},"end":{"line":10,"column":null}},"6":{"start":{"line":14,"column":7},"end":{"line":65,"column":null}},"7":{"start":{"line":15,"column":31},"end":{"line":15,"column":44}},"8":{"start":{"line":19,"column":18},"end":{"line":19,"column":58}},"9":{"start":{"line":20,"column":4},"end":{"line":20,"column":54}},"10":{"start":{"line":20,"column":31},"end":{"line":20,"column":52}},"11":{"start":{"line":25,"column":17},"end":{"line":25,"column":55}},"12":{"start":{"line":26,"column":4},"end":{"line":26,"column":33}},"13":{"start":{"line":31,"column":17},"end":{"line":31,"column":52}},"14":{"start":{"line":32,"column":4},"end":{"line":32,"column":33}},"15":{"start":{"line":37,"column":17},"end":{"line":37,"column":74}},"16":{"start":{"line":38,"column":4},"end":{"line":38,"column":33}},"17":{"start":{"line":43,"column":17},"end":{"line":43,"column":51}},"18":{"start":{"line":44,"column":4},"end":{"line":44,"column":33}},"19":{"start":{"line":48,"column":4},"end":{"line":63,"column":6}},"20":{"start":{"line":56,"column":41},"end":{"line":62,"column":8}},"21":{"start":{"line":14,"column":13},"end":{"line":14,"column":28}},"22":{"start":{"line":18,"column":8},"end":{"line":21,"column":null}},"23":{"start":{"line":24,"column":8},"end":{"line":27,"column":null}},"24":{"start":{"line":30,"column":8},"end":{"line":33,"column":null}},"25":{"start":{"line":36,"column":8},"end":{"line":39,"column":null}},"26":{"start":{"line":42,"column":8},"end":{"line":45,"column":null}},"27":{"start":{"line":14,"column":13},"end":{"line":65,"column":null}}},"fnMap":{"0":{"name":"(anonymous_4)","decl":{"start":{"line":15,"column":2},"end":{"line":15,"column":31}},"loc":{"start":{"line":15,"column":55},"end":{"line":15,"column":59}}},"1":{"name":"(anonymous_5)","decl":{"start":{"line":18,"column":2},"end":{"line":18,"column":7}},"loc":{"start":{"line":18,"column":54},"end":{"line":21,"column":3}}},"2":{"name":"(anonymous_6)","decl":{"start":{"line":20,"column":21},"end":{"line":20,"column":22}},"loc":{"start":{"line":20,"column":31},"end":{"line":20,"column":52}}},"3":{"name":"(anonymous_7)","decl":{"start":{"line":24,"column":2},"end":{"line":24,"column":7}},"loc":{"start":{"line":24,"column":45},"end":{"line":27,"column":3}}},"4":{"name":"(anonymous_8)","decl":{"start":{"line":30,"column":2},"end":{"line":30,"column":7}},"loc":{"start":{"line":30,"column":40},"end":{"line":33,"column":3}}},"5":{"name":"(anonymous_9)","decl":{"start":{"line":36,"column":2},"end":{"line":36,"column":7}},"loc":{"start":{"line":36,"column":67},"end":{"line":39,"column":3}}},"6":{"name":"(anonymous_10)","decl":{"start":{"line":42,"column":2},"end":{"line":42,"column":7}},"loc":{"start":{"line":42,"column":39},"end":{"line":45,"column":3}}},"7":{"name":"(anonymous_11)","decl":{"start":{"line":47,"column":10},"end":{"line":47,"column":20}},"loc":{"start":{"line":47,"column":30},"end":{"line":64,"column":3}}},"8":{"name":"(anonymous_12)","decl":{"start":{"line":56,"column":28},"end":{"line":56,"column":29}},"loc":{"start":{"line":56,"column":41},"end":{"line":62,"column":8}}}},"branchMap":{"0":{"loc":{"start":{"line":37,"column":56},"end":{"line":37,"column":73}},"type":"binary-expr","locations":[{"start":{"line":37,"column":56},"end":{"line":37,"column":67}},{"start":{"line":37,"column":71},"end":{"line":37,"column":73}}]}},"s":{"0":0,"1":0,"2":0,"3":0,"4":0,"5":0,"6":0,"7":0,"8":0,"9":0,"10":0,"11":0,"12":0,"13":0,"14":0,"15":0,"16":0,"17":0,"18":0,"19":0,"20":0,"21":0,"22":0,"23":0,"24":0,"25":0,"26":0,"27":0},"f":{"0":0,"1":0,"2":0,"3":0,"4":0,"5":0,"6":0,"7":0,"8":0},"b":{"0":[0,0]}}
,"/Users/gurigacaferi/Downloads/tema/src/infrastructure/http/inventory.controller.ts": {"path":"/Users/gurigacaferi/Downloads/tema/src/infrastructure/http/inventory.controller.ts","statementMap":{"0":{"start":{"line":1,"column":0},"end":{"line":1,"column":68}},"1":{"start":{"line":2,"column":0},"end":{"line":2,"column":107}},"2":{"start":{"line":3,"column":0},"end":{"line":3,"column":81}},"3":{"start":{"line":4,"column":0},"end":{"line":4,"column":55}},"4":{"start":{"line":9,"column":2},"end":{"line":9,"column":null}},"5":{"start":{"line":13,"column":7},"end":{"line":30,"column":null}},"6":{"start":{"line":14,"column":31},"end":{"line":14,"column":49}},"7":{"start":{"line":18,"column":4},"end":{"line":18,"column":53}},"8":{"start":{"line":23,"column":4},"end":{"line":23,"column":72}},"9":{"start":{"line":28,"column":4},"end":{"line":28,"column":48}},"10":{"start":{"line":13,"column":13},"end":{"line":13,"column":32}},"11":{"start":{"line":17,"column":2},"end":{"line":19,"column":null}},"12":{"start":{"line":22,"column":2},"end":{"line":24,"column":null}},"13":{"start":{"line":27,"column":2},"end":{"line":29,"column":null}},"14":{"start":{"line":13,"column":13},"end":{"line":30,"column":null}}},"fnMap":{"0":{"name":"(anonymous_4)","decl":{"start":{"line":14,"column":2},"end":{"line":14,"column":31}},"loc":{"start":{"line":14,"column":65},"end":{"line":14,"column":69}}},"1":{"name":"(anonymous_5)","decl":{"start":{"line":17,"column":2},"end":{"line":17,"column":16}},"loc":{"start":{"line":17,"column":56},"end":{"line":19,"column":3}}},"2":{"name":"(anonymous_6)","decl":{"start":{"line":22,"column":2},"end":{"line":22,"column":17}},"loc":{"start":{"line":22,"column":65},"end":{"line":24,"column":3}}},"3":{"name":"(anonymous_7)","decl":{"start":{"line":27,"column":2},"end":{"line":27,"column":14}},"loc":{"start":{"line":27,"column":14},"end":{"line":29,"column":3}}}},"branchMap":{"0":{"loc":{"start":{"line":23,"column":53},"end":{"line":23,"column":70}},"type":"binary-expr","locations":[{"start":{"line":23,"column":53},"end":{"line":23,"column":64}},{"start":{"line":23,"column":68},"end":{"line":23,"column":70}}]}},"s":{"0":0,"1":0,"2":0,"3":0,"4":0,"5":0,"6":0,"7":0,"8":0,"9":0,"10":0,"11":0,"12":0,"13":0,"14":0},"f":{"0":0,"1":0,"2":0,"3":0},"b":{"0":[0,0]}}
,"/Users/gurigacaferi/Downloads/tema/src/infrastructure/http/invoices.controller.ts": {"path":"/Users/gurigacaferi/Downloads/tema/src/infrastructure/http/invoices.controller.ts","statementMap":{"0":{"start":{"line":1,"column":0},"end":{"line":1,"column":68}},"1":{"start":{"line":2,"column":0},"end":{"line":2,"column":85}},"2":{"start":{"line":3,"column":0},"end":{"line":3,"column":76}},"3":{"start":{"line":4,"column":0},"end":{"line":4,"column":55}},"4":{"start":{"line":9,"column":2},"end":{"line":9,"column":null}},"5":{"start":{"line":13,"column":7},"end":{"line":59,"column":null}},"6":{"start":{"line":14,"column":31},"end":{"line":14,"column":47}},"7":{"start":{"line":18,"column":4},"end":{"line":18,"column":81}},"8":{"start":{"line":18,"column":55},"end":{"line":18,"column":79}},"9":{"start":{"line":23,"column":20},"end":{"line":29,"column":6}},"10":{"start":{"line":30,"column":4},"end":{"line":30,"column":36}},"11":{"start":{"line":35,"column":4},"end":{"line":35,"column":56}},"12":{"start":{"line":40,"column":4},"end":{"line":40,"column":57}},"13":{"start":{"line":45,"column":4},"end":{"line":45,"column":56}},"14":{"start":{"line":50,"column":4},"end":{"line":50,"column":79}},"15":{"start":{"line":54,"column":4},"end":{"line":57,"column":6}},"16":{"start":{"line":13,"column":13},"end":{"line":13,"column":31}},"17":{"start":{"line":17,"column":2},"end":{"line":19,"column":null}},"18":{"start":{"line":22,"column":2},"end":{"line":31,"column":null}},"19":{"start":{"line":34,"column":2},"end":{"line":36,"column":null}},"20":{"start":{"line":39,"column":2},"end":{"line":41,"column":null}},"21":{"start":{"line":44,"column":2},"end":{"line":46,"column":null}},"22":{"start":{"line":49,"column":2},"end":{"line":51,"column":null}},"23":{"start":{"line":13,"column":13},"end":{"line":59,"column":null}}},"fnMap":{"0":{"name":"(anonymous_4)","decl":{"start":{"line":14,"column":2},"end":{"line":14,"column":31}},"loc":{"start":{"line":14,"column":61},"end":{"line":14,"column":65}}},"1":{"name":"(anonymous_5)","decl":{"start":{"line":17,"column":2},"end":{"line":17,"column":6}},"loc":{"start":{"line":17,"column":6},"end":{"line":19,"column":3}}},"2":{"name":"(anonymous_6)","decl":{"start":{"line":18,"column":42},"end":{"line":18,"column":43}},"loc":{"start":{"line":18,"column":55},"end":{"line":18,"column":79}}},"3":{"name":"(anonymous_7)","decl":{"start":{"line":22,"column":2},"end":{"line":22,"column":8}},"loc":{"start":{"line":22,"column":38},"end":{"line":31,"column":3}}},"4":{"name":"(anonymous_8)","decl":{"start":{"line":34,"column":2},"end":{"line":34,"column":5}},"loc":{"start":{"line":34,"column":29},"end":{"line":36,"column":3}}},"5":{"name":"(anonymous_9)","decl":{"start":{"line":39,"column":2},"end":{"line":39,"column":6}},"loc":{"start":{"line":39,"column":30},"end":{"line":41,"column":3}}},"6":{"name":"(anonymous_10)","decl":{"start":{"line":44,"column":2},"end":{"line":44,"column":5}},"loc":{"start":{"line":44,"column":29},"end":{"line":46,"column":3}}},"7":{"name":"(anonymous_11)","decl":{"start":{"line":49,"column":2},"end":{"line":49,"column":9}},"loc":{"start":{"line":49,"column":57},"end":{"line":51,"column":3}}},"8":{"name":"(anonymous_12)","decl":{"start":{"line":53,"column":10},"end":{"line":53,"column":20}},"loc":{"start":{"line":53,"column":63},"end":{"line":58,"column":3}}}},"branchMap":{"0":{"loc":{"start":{"line":50,"column":59},"end":{"line":50,"column":76}},"type":"binary-expr","locations":[{"start":{"line":50,"column":59},"end":{"line":50,"column":70}},{"start":{"line":50,"column":74},"end":{"line":50,"column":76}}]}},"s":{"0":0,"1":0,"2":0,"3":0,"4":0,"5":0,"6":0,"7":0,"8":0,"9":0,"10":0,"11":0,"12":0,"13":0,"14":0,"15":0,"16":0,"17":0,"18":0,"19":0,"20":0,"21":0,"22":0,"23":0},"f":{"0":0,"1":0,"2":0,"3":0,"4":0,"5":0,"6":0,"7":0,"8":0},"b":{"0":[0,0]}}
,"/Users/gurigacaferi/Downloads/tema/src/infrastructure/http/operations.controller.ts": {"path":"/Users/gurigacaferi/Downloads/tema/src/infrastructure/http/operations.controller.ts","statementMap":{"0":{"start":{"line":1,"column":0},"end":{"line":1,"column":68}},"1":{"start":{"line":2,"column":0},"end":{"line":2,"column":67}},"2":{"start":{"line":3,"column":0},"end":{"line":3,"column":76}},"3":{"start":{"line":4,"column":0},"end":{"line":4,"column":81}},"4":{"start":{"line":5,"column":0},"end":{"line":5,"column":87}},"5":{"start":{"line":6,"column":0},"end":{"line":6,"column":89}},"6":{"start":{"line":7,"column":0},"end":{"line":7,"column":72}},"7":{"start":{"line":8,"column":0},"end":{"line":8,"column":95}},"8":{"start":{"line":9,"column":0},"end":{"line":9,"column":96}},"9":{"start":{"line":12,"column":7},"end":{"line":90,"column":null}},"10":{"start":{"line":14,"column":21},"end":{"line":14,"column":34}},"11":{"start":{"line":15,"column":21},"end":{"line":15,"column":37}},"12":{"start":{"line":16,"column":21},"end":{"line":16,"column":39}},"13":{"start":{"line":17,"column":21},"end":{"line":17,"column":41}},"14":{"start":{"line":18,"column":21},"end":{"line":18,"column":47}},"15":{"start":{"line":19,"column":21},"end":{"line":19,"column":49}},"16":{"start":{"line":24,"column":4},"end":{"line":24,"column":68}},"17":{"start":{"line":29,"column":4},"end":{"line":32,"column":7}},"18":{"start":{"line":37,"column":4},"end":{"line":67,"column":5}},"19":{"start":{"line":38,"column":19},"end":{"line":38,"column":79}},"20":{"start":{"line":39,"column":6},"end":{"line":66,"column":8}},"21":{"start":{"line":47,"column":41},"end":{"line":53,"column":10}},"22":{"start":{"line":69,"column":4},"end":{"line":81,"column":5}},"23":{"start":{"line":70,"column":22},"end":{"line":70,"column":75}},"24":{"start":{"line":71,"column":6},"end":{"line":80,"column":8}},"25":{"start":{"line":83,"column":4},"end":{"line":83,"column":75}},"26":{"start":{"line":88,"column":4},"end":{"line":88,"column":57}},"27":{"start":{"line":12,"column":13},"end":{"line":12,"column":33}},"28":{"start":{"line":23,"column":2},"end":{"line":25,"column":null}},"29":{"start":{"line":28,"column":2},"end":{"line":33,"column":null}},"30":{"start":{"line":36,"column":8},"end":{"line":84,"column":null}},"31":{"start":{"line":87,"column":2},"end":{"line":89,"column":null}},"32":{"start":{"line":12,"column":13},"end":{"line":90,"column":null}}},"fnMap":{"0":{"name":"(anonymous_4)","decl":{"start":{"line":13,"column":2},"end":{"line":13,"column":null}},"loc":{"start":{"line":19,"column":75},"end":{"line":20,"column":6}}},"1":{"name":"(anonymous_5)","decl":{"start":{"line":23,"column":2},"end":{"line":23,"column":16}},"loc":{"start":{"line":23,"column":47},"end":{"line":25,"column":3}}},"2":{"name":"(anonymous_6)","decl":{"start":{"line":28,"column":2},"end":{"line":28,"column":16}},"loc":{"start":{"line":28,"column":47},"end":{"line":33,"column":3}}},"3":{"name":"(anonymous_7)","decl":{"start":{"line":36,"column":2},"end":{"line":36,"column":7}},"loc":{"start":{"line":36,"column":37},"end":{"line":84,"column":3}}},"4":{"name":"(anonymous_8)","decl":{"start":{"line":47,"column":30},"end":{"line":47,"column":31}},"loc":{"start":{"line":47,"column":41},"end":{"line":53,"column":10}}},"5":{"name":"(anonymous_9)","decl":{"start":{"line":87,"column":2},"end":{"line":87,"column":22}},"loc":{"start":{"line":87,"column":22},"end":{"line":89,"column":3}}}},"branchMap":{"0":{"loc":{"start":{"line":24,"column":40},"end":{"line":24,"column":66}},"type":"cond-expr","locations":[{"start":{"line":24,"column":48},"end":{"line":24,"column":61}},{"start":{"line":24,"column":64},"end":{"line":24,"column":66}}]},"1":{"loc":{"start":{"line":37,"column":4},"end":{"line":67,"column":5}},"type":"if","locations":[{"start":{"line":37,"column":4},"end":{"line":67,"column":5}}]},"2":{"loc":{"start":{"line":69,"column":4},"end":{"line":81,"column":5}},"type":"if","locations":[{"start":{"line":69,"column":4},"end":{"line":81,"column":5}}]}},"s":{"0":0,"1":0,"2":0,"3":0,"4":0,"5":0,"6":0,"7":0,"8":0,"9":0,"10":0,"11":0,"12":0,"13":0,"14":0,"15":0,"16":0,"17":0,"18":0,"19":0,"20":0,"21":0,"22":0,"23":0,"24":0,"25":0,"26":0,"27":0,"28":0,"29":0,"30":0,"31":0,"32":0},"f":{"0":0,"1":0,"2":0,"3":0,"4":0,"5":0},"b":{"0":[0,0],"1":[0],"2":[0]}}
,"/Users/gurigacaferi/Downloads/tema/src/infrastructure/persistence/bills/bill.orm-entity.ts": {"path":"/Users/gurigacaferi/Downloads/tema/src/infrastructure/persistence/bills/bill.orm-entity.ts","statementMap":{"0":{"start":{"line":1,"column":0},"end":{"line":1,"column":56}},"1":{"start":{"line":2,"column":0},"end":{"line":2,"column":75}},"2":{"start":{"line":5,"column":7},"end":{"line":31,"column":null}},"3":{"start":{"line":5,"column":13},"end":{"line":5,"column":26}},"4":{"start":{"line":7,"column":2},"end":{"line":7,"column":null}},"5":{"start":{"line":10,"column":2},"end":{"line":10,"column":null}},"6":{"start":{"line":13,"column":2},"end":{"line":13,"column":null}},"7":{"start":{"line":16,"column":2},"end":{"line":16,"column":null}},"8":{"start":{"line":19,"column":2},"end":{"line":19,"column":null}},"9":{"start":{"line":22,"column":2},"end":{"line":22,"column":null}},"10":{"start":{"line":25,"column":2},"end":{"line":30,"column":null}},"11":{"start":{"line":5,"column":13},"end":{"line":31,"column":null}}},"fnMap":{},"branchMap":{},"s":{"0":0,"1":0,"2":0,"3":0,"4":0,"5":0,"6":0,"7":0,"8":0,"9":0,"10":0,"11":0},"f":{},"b":{}}
,"/Users/gurigacaferi/Downloads/tema/src/infrastructure/persistence/bills/bill.repository.ts": {"path":"/Users/gurigacaferi/Downloads/tema/src/infrastructure/persistence/bills/bill.repository.ts","statementMap":{"0":{"start":{"line":1,"column":0},"end":{"line":1,"column":44}},"1":{"start":{"line":8,"column":7},"end":{"line":29,"column":null}},"2":{"start":{"line":9,"column":19},"end":{"line":9,"column":59}},"3":{"start":{"line":12,"column":4},"end":{"line":12,"column":44}},"4":{"start":{"line":16,"column":4},"end":{"line":16,"column":38}},"5":{"start":{"line":20,"column":4},"end":{"line":22,"column":6}},"6":{"start":{"line":21,"column":6},"end":{"line":21,"column":40}},"7":{"start":{"line":26,"column":16},"end":{"line":26,"column":33}},"8":{"start":{"line":27,"column":4},"end":{"line":27,"column":56}},"9":{"start":{"line":27,"column":32},"end":{"line":27,"column":54}},"10":{"start":{"line":8,"column":13},"end":{"line":8,"column":27}},"11":{"start":{"line":8,"column":13},"end":{"line":29,"column":null}}},"fnMap":{"0":{"name":"(anonymous_1)","decl":{"start":{"line":8,"column":7},"end":{"line":8,"column":13}},"loc":{"start":{"line":8,"column":7},"end":{"line":29,"column":1}}},"1":{"name":"(anonymous_2)","decl":{"start":{"line":11,"column":2},"end":{"line":11,"column":7}},"loc":{"start":{"line":11,"column":36},"end":{"line":13,"column":3}}},"2":{"name":"(anonymous_3)","decl":{"start":{"line":15,"column":2},"end":{"line":15,"column":7}},"loc":{"start":{"line":15,"column":27},"end":{"line":17,"column":3}}},"3":{"name":"(anonymous_4)","decl":{"start":{"line":19,"column":2},"end":{"line":19,"column":7}},"loc":{"start":{"line":19,"column":12},"end":{"line":23,"column":3}}},"4":{"name":"(anonymous_5)","decl":{"start":{"line":20,"column":48},"end":{"line":20,"column":49}},"loc":{"start":{"line":21,"column":6},"end":{"line":21,"column":40}}},"5":{"name":"(anonymous_6)","decl":{"start":{"line":25,"column":2},"end":{"line":25,"column":7}},"loc":{"start":{"line":25,"column":39},"end":{"line":28,"column":3}}},"6":{"name":"(anonymous_7)","decl":{"start":{"line":27,"column":22},"end":{"line":27,"column":23}},"loc":{"start":{"line":27,"column":32},"end":{"line":27,"column":54}}}},"branchMap":{"0":{"loc":{"start":{"line":16,"column":11},"end":{"line":16,"column":37}},"type":"binary-expr","locations":[{"start":{"line":16,"column":11},"end":{"line":16,"column":29}},{"start":{"line":16,"column":33},"end":{"line":16,"column":37}}]},"1":{"loc":{"start":{"line":21,"column":6},"end":{"line":21,"column":40}},"type":"cond-expr","locations":[{"start":{"line":21,"column":34},"end":{"line":21,"column":36}},{"start":{"line":21,"column":39},"end":{"line":21,"column":40}}]}},"s":{"0":1,"1":1,"2":5,"3":8,"4":5,"5":2,"6":2,"7":2,"8":2,"9":4,"10":1,"11":1},"f":{"0":5,"1":8,"2":5,"3":2,"4":2,"5":2,"6":4},"b":{"0":[5,1],"1":[0,2]}}
}
