TN:
SF:src/app.module.ts
FNF:0
FNH:0
DA:1,0
DA:2,0
DA:3,0
DA:15,0
LF:4
LH:0
BRF:0
BRH:0
end_of_record
TN:
SF:src/daily-operations.module.ts
FNF:0
FNH:0
DA:1,0
DA:2,0
DA:3,0
DA:4,0
DA:5,0
DA:6,0
DA:7,0
DA:8,0
DA:9,0
DA:10,0
DA:11,0
DA:12,0
DA:13,0
DA:14,0
DA:36,0
LF:15
LH:0
BRF:0
BRH:0
end_of_record
TN:
SF:src/main.ts
FN:8,bootstrap
FNF:1
FNH:0
FNDA:0,bootstrap
DA:1,0
DA:2,0
DA:3,0
DA:9,0
DA:12,0
DA:21,0
DA:28,0
DA:30,0
DA:31,0
DA:33,0
DA:34,0
DA:37,0
LF:12
LH:0
BRDA:22,0,0,0
BRDA:22,0,1,0
BRDA:30,1,0,0
BRDA:30,1,1,0
BRF:4
BRH:0
end_of_record
TN:
SF:src/application/ai/ai-financial-snapshot.service.ts
FN:8,(anonymous_2)
FN:10,(anonymous_3)
FN:11,(anonymous_4)
FN:16,(anonymous_5)
FNF:4
FNH:4
FNDA:5,(anonymous_2)
FNDA:5,(anonymous_3)
FNDA:6,(anonymous_4)
FNDA:4,(anonymous_5)
DA:1,1
DA:2,1
DA:5,1
DA:6,5
DA:8,5
DA:11,5
DA:12,6
DA:17,4
LF:8
LH:8
BRF:0
BRH:0
end_of_record
TN:
SF:src/application/bills/bill.service.ts
FN:15,(anonymous_2)
FN:22,(anonymous_3)
FN:28,(anonymous_4)
FN:45,(anonymous_5)
FN:72,(anonymous_6)
FN:98,(anonymous_7)
FN:106,(anonymous_8)
FNF:7
FNH:7
FNDA:5,(anonymous_2)
FNDA:5,(anonymous_3)
FNDA:5,(anonymous_4)
FNDA:3,(anonymous_5)
FNDA:1,(anonymous_6)
FNDA:1,(anonymous_7)
FNDA:2,(anonymous_8)
DA:1,1
DA:2,1
DA:3,1
DA:9,1
DA:10,1
DA:11,1
DA:14,1
DA:16,5
DA:17,5
DA:18,5
DA:19,5
DA:23,5
DA:28,5
DA:36,5
DA:37,5
DA:38,5
DA:42,5
DA:46,3
DA:47,3
DA:48,0
DA:51,3
DA:52,3
DA:54,1
DA:56,2
DA:57,2
DA:61,2
DA:69,2
DA:73,1
DA:74,1
DA:75,0
DA:78,1
DA:79,1
DA:81,0
DA:83,1
DA:84,1
DA:88,1
DA:95,1
DA:99,1
DA:100,1
DA:101,1
DA:103,0
DA:107,2
DA:108,2
DA:110,0
LF:44
LH:39
BRDA:26,0,0,0
BRDA:26,0,1,5
BRDA:47,1,0,0
BRDA:54,2,0,1
BRDA:54,2,1,0
BRDA:74,3,0,0
BRDA:81,4,0,0
BRDA:81,4,1,0
BRDA:86,5,0,1
BRDA:86,5,1,0
BRDA:100,6,0,1
BRDA:107,7,0,2
BRF:12
BRH:5
end_of_record
TN:
SF:src/application/bills/dto/create-bill.dto.ts
FNF:0
FNH:0
DA:1,0
DA:10,0
DA:13,0
DA:16,0
DA:19,0
DA:23,0
DA:26,0
DA:29,0
DA:32,0
DA:36,0
DA:40,0
DA:43,0
LF:12
LH:0
BRF:0
BRH:0
end_of_record
TN:
SF:src/application/events/domain-event.bus.ts
FN:34,(anonymous_1)
FN:37,(anonymous_2)
FN:46,(anonymous_3)
FNF:3
FNH:3
FNDA:18,(anonymous_1)
FNDA:18,(anonymous_2)
FNDA:22,(anonymous_3)
DA:1,2
DA:34,2
DA:35,18
DA:41,18
DA:42,18
DA:43,18
DA:47,22
DA:48,22
DA:49,15
LF:9
LH:9
BRDA:41,0,0,18
BRDA:41,0,1,17
BRDA:47,1,0,22
BRDA:47,1,1,8
BRF:4
BRH:4
end_of_record
TN:
SF:src/application/inventory/inventory.service.ts
FN:31,(anonymous_2)
FN:33,(anonymous_3)
FN:81,(anonymous_4)
FN:111,(anonymous_5)
FN:112,(anonymous_6)
FN:117,(anonymous_7)
FN:124,(anonymous_8)
FN:130,(anonymous_9)
FN:146,(anonymous_10)
FNF:9
FNH:8
FNDA:3,(anonymous_2)
FNDA:6,(anonymous_3)
FNDA:1,(anonymous_4)
FNDA:2,(anonymous_5)
FNDA:0,(anonymous_6)
FNDA:2,(anonymous_7)
FNDA:2,(anonymous_8)
FNDA:6,(anonymous_9)
FNDA:5,(anonymous_10)
DA:1,1
DA:2,1
DA:3,1
DA:27,1
DA:28,3
DA:29,3
DA:31,3
DA:41,6
DA:42,0
DA:45,6
DA:47,6
DA:48,6
DA:49,0
DA:51,6
DA:52,2
DA:53,1
DA:55,1
DA:58,5
DA:69,5
DA:70,5
DA:72,5
DA:78,5
DA:82,1
DA:83,1
DA:84,0
DA:86,1
DA:87,0
DA:90,1
DA:92,1
DA:101,1
DA:103,1
DA:108,1
DA:112,2
DA:113,0
DA:116,2
DA:117,2
DA:121,2
DA:125,2
DA:131,6
DA:132,6
DA:133,3
DA:136,3
DA:142,3
DA:143,3
DA:147,5
DA:148,4
DA:149,4
DA:150,4
DA:152,4
DA:153,4
DA:154,4
DA:157,1
LF:52
LH:47
BRDA:41,0,0,0
BRDA:47,1,0,6
BRDA:47,1,1,1
BRDA:48,2,0,0
BRDA:48,3,0,6
BRDA:48,3,1,4
BRDA:51,4,0,2
BRDA:52,5,0,1
BRDA:83,6,0,0
BRDA:86,7,0,0
BRDA:90,8,0,1
BRDA:90,8,1,0
BRDA:98,9,0,1
BRDA:98,9,1,0
BRDA:105,10,0,1
BRDA:105,10,1,0
BRDA:125,11,0,0
BRDA:125,11,1,2
BRDA:132,12,0,3
BRDA:147,13,0,4
BRDA:153,14,0,0
BRDA:153,14,1,4
BRF:22
BRH:13
end_of_record
TN:
SF:src/application/inventory/dto/record-inventory-movement.dto.ts
FNF:0
FNH:0
DA:1,0
DA:3,0
DA:6,0
DA:10,0
DA:13,0
DA:16,0
DA:20,0
DA:24,0
LF:8
LH:0
BRF:0
BRH:0
end_of_record
TN:
SF:src/application/invoices/invoice.service.ts
FN:5,(anonymous_2)
FN:32,(anonymous_3)
FN:34,(anonymous_4)
FN:64,(anonymous_5)
FN:78,(anonymous_6)
FN:92,(anonymous_7)
FN:106,(anonymous_8)
FN:110,(anonymous_9)
FN:111,(anonymous_10)
FN:116,(anonymous_11)
FN:117,(anonymous_12)
FN:120,(anonymous_13)
FNF:12
FNH:0
FNDA:0,(anonymous_2)
FNDA:0,(anonymous_3)
FNDA:0,(anonymous_4)
FNDA:0,(anonymous_5)
FNDA:0,(anonymous_6)
FNDA:0,(anonymous_7)
FNDA:0,(anonymous_8)
FNDA:0,(anonymous_9)
FNDA:0,(anonymous_10)
FNDA:0,(anonymous_11)
FNDA:0,(anonymous_12)
FNDA:0,(anonymous_13)
DA:1,0
DA:2,0
DA:3,0
DA:5,0
DA:6,0
DA:7,0
DA:8,0
DA:9,0
DA:29,0
DA:30,0
DA:32,0
DA:41,0
DA:42,0
DA:45,0
DA:55,0
DA:56,0
DA:61,0
DA:65,0
DA:66,0
DA:67,0
DA:70,0
DA:71,0
DA:75,0
DA:79,0
DA:80,0
DA:81,0
DA:84,0
DA:85,0
DA:89,0
DA:93,0
DA:94,0
DA:95,0
DA:98,0
DA:99,0
DA:103,0
DA:107,0
DA:111,0
DA:112,0
DA:117,0
DA:121,0
DA:122,0
DA:123,0
DA:125,0
LF:43
LH:0
BRDA:5,0,0,0
BRDA:5,0,1,0
BRDA:41,1,0,0
BRDA:49,2,0,0
BRDA:49,2,1,0
BRDA:66,3,0,0
BRDA:80,4,0,0
BRDA:94,5,0,0
BRDA:94,6,0,0
BRDA:94,6,1,0
BRDA:101,7,0,0
BRDA:101,7,1,0
BRDA:112,8,0,0
BRDA:112,8,1,0
BRDA:122,9,0,0
BRF:15
BRH:0
end_of_record
TN:
SF:src/application/invoices/dto/create-invoice.dto.ts
FNF:0
FNH:0
DA:1,0
DA:10,0
DA:13,0
DA:16,0
DA:19,0
DA:22,0
DA:25,0
DA:28,0
DA:32,0
DA:36,0
DA:39,0
LF:11
LH:0
BRF:0
BRH:0
end_of_record
TN:
SF:src/application/ledger/ledger-integration.service.ts
FN:36,(anonymous_2)
FN:41,(anonymous_3)
FN:42,(anonymous_4)
FN:43,(anonymous_5)
FN:46,(anonymous_6)
FN:48,(anonymous_7)
FN:49,(anonymous_8)
FN:52,(anonymous_9)
FN:60,(anonymous_10)
FN:91,(anonymous_11)
FN:93,(anonymous_12)
FN:113,(anonymous_13)
FNF:12
FNH:12
FNDA:4,(anonymous_2)
FNDA:4,(anonymous_3)
FNDA:3,(anonymous_4)
FNDA:2,(anonymous_5)
FNDA:3,(anonymous_6)
FNDA:5,(anonymous_7)
FNDA:2,(anonymous_8)
FNDA:3,(anonymous_9)
FNDA:3,(anonymous_10)
FNDA:2,(anonymous_11)
FNDA:2,(anonymous_12)
FNDA:4,(anonymous_13)
DA:1,1
DA:2,1
DA:3,1
DA:9,1
DA:33,1
DA:34,4
DA:37,4
DA:38,4
DA:42,4
DA:43,4
DA:47,3
DA:48,5
DA:49,2
DA:53,3
DA:54,3
DA:61,3
DA:73,3
DA:75,3
DA:80,3
DA:88,3
DA:92,2
DA:94,2
DA:99,2
DA:100,0
DA:104,0
DA:107,2
DA:113,4
DA:120,2
DA:121,2
DA:123,2
DA:129,2
DA:137,2
LF:32
LH:30
BRDA:49,0,0,0
BRDA:49,0,1,2
BRDA:94,1,0,2
BRDA:94,1,1,2
BRDA:94,1,2,2
BRDA:99,2,0,0
BRDA:126,3,0,2
BRDA:126,3,1,0
BRF:8
BRH:5
end_of_record
TN:
SF:src/application/operations/activity-log.service.ts
FN:14,(anonymous_1)
FN:17,(anonymous_2)
FN:39,(anonymous_3)
FNF:3
FNH:2
FNDA:12,(anonymous_1)
FNDA:19,(anonymous_2)
FNDA:0,(anonymous_3)
DA:1,3
DA:2,3
DA:14,3
DA:15,12
DA:25,19
DA:34,19
DA:35,19
DA:36,19
DA:40,0
LF:9
LH:8
BRDA:39,0,0,0
BRF:1
BRH:0
end_of_record
TN:
SF:src/application/operations/dto/create-activity.dto.ts
FNF:0
FNH:0
DA:1,0
DA:3,0
DA:6,0
DA:10,0
DA:14,0
LF:5
LH:0
BRF:0
BRH:0
end_of_record
TN:
SF:src/application/operations/dto/storno.dto.ts
FNF:0
FNH:0
DA:1,0
DA:3,0
DA:5,0
DA:9,0
DA:13,0
LF:5
LH:0
BRF:0
BRH:0
end_of_record
TN:
SF:src/domain/bills/fatura-hyrese.aggregate.ts
FN:4,(anonymous_0)
FN:23,(anonymous_1)
FN:40,(anonymous_2)
FN:63,(anonymous_3)
FN:87,(anonymous_4)
FN:90,(anonymous_5)
FN:95,(anonymous_6)
FN:103,(anonymous_7)
FN:107,(anonymous_8)
FN:111,(anonymous_9)
FN:112,(anonymous_10)
FN:115,(anonymous_11)
FN:124,(anonymous_12)
FN:129,(anonymous_13)
FN:136,(anonymous_14)
FN:142,(anonymous_15)
FN:146,(anonymous_16)
FN:150,(anonymous_17)
FNF:18
FNH:13
FNDA:1,(anonymous_0)
FNDA:5,(anonymous_1)
FNDA:3,(anonymous_2)
FNDA:5,(anonymous_3)
FNDA:5,(anonymous_4)
FNDA:5,(anonymous_5)
FNDA:0,(anonymous_6)
FNDA:7,(anonymous_7)
FNDA:0,(anonymous_8)
FNDA:3,(anonymous_9)
FNDA:3,(anonymous_10)
FNDA:0,(anonymous_11)
FNDA:0,(anonymous_12)
FNDA:3,(anonymous_13)
FNDA:3,(anonymous_14)
FNDA:3,(anonymous_15)
FNDA:0,(anonymous_16)
FNDA:1,(anonymous_17)
DA:1,1
DA:4,1
DA:5,1
DA:6,1
DA:7,1
DA:17,1
DA:24,5
DA:25,0
DA:27,5
DA:28,0
DA:30,5
DA:31,0
DA:34,5
DA:35,5
DA:36,5
DA:37,5
DA:41,3
DA:53,1
DA:68,5
DA:69,0
DA:71,5
DA:72,0
DA:74,5
DA:75,0
DA:77,5
DA:78,0
DA:81,5
DA:82,5
DA:83,5
DA:84,5
DA:85,5
DA:86,5
DA:87,5
DA:91,5
DA:92,5
DA:100,0
DA:104,7
DA:108,0
DA:112,3
DA:116,0
DA:117,0
DA:119,0
DA:120,0
DA:125,0
DA:126,0
DA:130,3
DA:131,0
DA:136,3
DA:137,3
DA:139,2
DA:143,3
DA:147,0
DA:151,1
DA:152,0
DA:156,1
LF:55
LH:37
BRDA:4,0,0,1
BRDA:4,0,1,1
BRDA:24,1,0,0
BRDA:24,2,0,5
BRDA:24,2,1,5
BRDA:27,3,0,0
BRDA:30,4,0,0
BRDA:66,5,0,0
BRDA:68,6,0,0
BRDA:68,7,0,5
BRDA:68,7,1,5
BRDA:71,8,0,0
BRDA:74,9,0,0
BRDA:74,10,0,5
BRDA:74,10,1,5
BRDA:77,11,0,0
BRDA:77,12,0,5
BRDA:77,12,1,5
BRDA:84,13,0,5
BRDA:84,13,1,5
BRDA:116,14,0,0
BRDA:119,15,0,0
BRDA:130,16,0,0
BRDA:151,17,0,0
BRF:24
BRH:12
end_of_record
TN:
SF:src/domain/services/tax-rule.service.ts
FN:5,(anonymous_1)
FNF:1
FNH:0
FNDA:0,(anonymous_1)
DA:1,0
DA:4,0
DA:6,0
LF:3
LH:0
BRF:0
BRH:0
end_of_record
TN:
SF:src/domain/tax/tax-rule.service.ts
FN:17,(anonymous_1)
FN:20,(anonymous_2)
FN:32,(anonymous_3)
FN:36,(anonymous_4)
FN:40,(anonymous_5)
FN:44,(anonymous_6)
FN:45,(anonymous_7)
FN:57,(anonymous_8)
FNF:8
FNH:5
FNDA:5,(anonymous_1)
FNDA:5,(anonymous_2)
FNDA:0,(anonymous_3)
FNDA:0,(anonymous_4)
FNDA:3,(anonymous_5)
FNDA:3,(anonymous_6)
FNDA:3,(anonymous_7)
FNDA:0,(anonymous_8)
DA:1,1
DA:17,1
DA:18,5
DA:21,5
DA:27,5
DA:28,15
DA:33,0
DA:37,0
DA:41,3
DA:45,3
DA:46,3
DA:47,1
DA:48,1
DA:58,0
DA:59,0
DA:60,0
LF:16
LH:11
BRDA:46,0,0,1
BRF:1
BRH:1
end_of_record
TN:
SF:src/infrastructure/controllers/health.controller.ts
FN:6,(anonymous_2)
FNF:1
FNH:0
FNDA:0,(anonymous_2)
DA:1,0
DA:4,0
DA:6,0
DA:7,0
LF:4
LH:0
BRF:0
BRH:0
end_of_record
TN:
SF:src/infrastructure/http/bills.controller.ts
FN:15,(anonymous_4)
FN:18,(anonymous_5)
FN:20,(anonymous_6)
FN:24,(anonymous_7)
FN:30,(anonymous_8)
FN:36,(anonymous_9)
FN:42,(anonymous_10)
FN:47,(anonymous_11)
FN:56,(anonymous_12)
FNF:9
FNH:0
FNDA:0,(anonymous_4)
FNDA:0,(anonymous_5)
FNDA:0,(anonymous_6)
FNDA:0,(anonymous_7)
FNDA:0,(anonymous_8)
FNDA:0,(anonymous_9)
FNDA:0,(anonymous_10)
FNDA:0,(anonymous_11)
FNDA:0,(anonymous_12)
DA:1,0
DA:2,0
DA:3,0
DA:4,0
DA:5,0
DA:10,0
DA:14,0
DA:15,0
DA:18,0
DA:19,0
DA:20,0
DA:24,0
DA:25,0
DA:26,0
DA:30,0
DA:31,0
DA:32,0
DA:36,0
DA:37,0
DA:38,0
DA:42,0
DA:43,0
DA:44,0
DA:48,0
DA:56,0
LF:25
LH:0
BRDA:37,0,0,0
BRDA:37,0,1,0
BRF:2
BRH:0
end_of_record
TN:
SF:src/infrastructure/http/inventory.controller.ts
FN:14,(anonymous_4)
FN:17,(anonymous_5)
FN:22,(anonymous_6)
FN:27,(anonymous_7)
FNF:4
FNH:0
FNDA:0,(anonymous_4)
FNDA:0,(anonymous_5)
FNDA:0,(anonymous_6)
FNDA:0,(anonymous_7)
DA:1,0
DA:2,0
DA:3,0
DA:4,0
DA:9,0
DA:13,0
DA:14,0
DA:17,0
DA:18,0
DA:22,0
DA:23,0
DA:27,0
DA:28,0
LF:13
LH:0
BRDA:23,0,0,0
BRDA:23,0,1,0
BRF:2
BRH:0
end_of_record
TN:
SF:src/infrastructure/http/invoices.controller.ts
FN:14,(anonymous_4)
FN:17,(anonymous_5)
FN:18,(anonymous_6)
FN:22,(anonymous_7)
FN:34,(anonymous_8)
FN:39,(anonymous_9)
FN:44,(anonymous_10)
FN:49,(anonymous_11)
FN:53,(anonymous_12)
FNF:9
FNH:0
FNDA:0,(anonymous_4)
FNDA:0,(anonymous_5)
FNDA:0,(anonymous_6)
FNDA:0,(anonymous_7)
FNDA:0,(anonymous_8)
FNDA:0,(anonymous_9)
FNDA:0,(anonymous_10)
FNDA:0,(anonymous_11)
FNDA:0,(anonymous_12)
DA:1,0
DA:2,0
DA:3,0
DA:4,0
DA:9,0
DA:13,0
DA:14,0
DA:17,0
DA:18,0
DA:22,0
DA:23,0
DA:30,0
DA:34,0
DA:35,0
DA:39,0
DA:40,0
DA:44,0
DA:45,0
DA:49,0
DA:50,0
DA:54,0
LF:21
LH:0
BRDA:50,0,0,0
BRDA:50,0,1,0
BRF:2
BRH:0
end_of_record
TN:
SF:src/infrastructure/http/operations.controller.ts
FN:13,(anonymous_4)
FN:23,(anonymous_5)
FN:28,(anonymous_6)
FN:36,(anonymous_7)
FN:47,(anonymous_8)
FN:87,(anonymous_9)
FNF:6
FNH:0
FNDA:0,(anonymous_4)
FNDA:0,(anonymous_5)
FNDA:0,(anonymous_6)
FNDA:0,(anonymous_7)
FNDA:0,(anonymous_8)
FNDA:0,(anonymous_9)
DA:1,0
DA:2,0
DA:3,0
DA:4,0
DA:5,0
DA:6,0
DA:7,0
DA:8,0
DA:9,0
DA:12,0
DA:14,0
DA:15,0
DA:16,0
DA:17,0
DA:18,0
DA:19,0
DA:23,0
DA:24,0
DA:28,0
DA:29,0
DA:36,0
DA:37,0
DA:38,0
DA:39,0
DA:47,0
DA:69,0
DA:70,0
DA:71,0
DA:83,0
DA:87,0
DA:88,0
LF:31
LH:0
BRDA:24,0,0,0
BRDA:24,0,1,0
BRDA:37,1,0,0
BRDA:69,2,0,0
BRF:4
BRH:0
end_of_record
TN:
SF:src/infrastructure/persistence/bills/bill.orm-entity.ts
FNF:0
FNH:0
DA:1,0
DA:2,0
DA:5,0
DA:7,0
DA:10,0
DA:13,0
DA:16,0
DA:19,0
DA:22,0
DA:25,0
LF:10
LH:0
BRF:0
BRH:0
end_of_record
TN:
SF:src/infrastructure/persistence/bills/bill.repository.ts
FN:8,(anonymous_1)
FN:11,(anonymous_2)
FN:15,(anonymous_3)
FN:19,(anonymous_4)
FN:20,(anonymous_5)
FN:25,(anonymous_6)
FN:27,(anonymous_7)
FNF:7
FNH:7
FNDA:5,(anonymous_1)
FNDA:8,(anonymous_2)
FNDA:5,(anonymous_3)
FNDA:2,(anonymous_4)
FNDA:2,(anonymous_5)
FNDA:2,(anonymous_6)
FNDA:4,(anonymous_7)
DA:1,1
DA:8,1
DA:9,5
DA:12,8
DA:16,5
DA:20,2
DA:21,2
DA:26,2
DA:27,4
LF:9
LH:9
BRDA:16,0,0,5
BRDA:16,0,1,1
BRDA:21,1,0,0
BRDA:21,1,1,2
BRF:4
BRH:3
end_of_record
